[ 2018-05-21T09:44:17+08:00 ] 127.0.0.1 /favicon.ico
INFO: [ app_init ] --START--
INFO: Run Behavior\BuildLiteBehavior [ RunTime:0.000017s ]
INFO: [ app_init ] --END-- [ RunTime:0.000609s ]
ERR: 无法加载模块:Favicon

[ 2018-05-21T09:44:25+08:00 ] 127.0.0.1 /Public/css/images/bg.png
INFO: [ app_init ] --START--
INFO: Run Behavior\BuildLiteBehavior [ RunTime:0.000018s ]
INFO: [ app_init ] --END-- [ RunTime:0.000868s ]
ERR: 无法加载模块:Public

[ 2018-05-21T09:45:25+08:00 ] 127.0.0.1 /Public/css/images/bg.png
INFO: [ app_init ] --START--
INFO: Run Behavior\BuildLiteBehavior [ RunTime:0.000017s ]
INFO: [ app_init ] --END-- [ RunTime:0.000526s ]
ERR: 无法加载模块:Public

[ 2018-05-21T09:46:26+08:00 ] 127.0.0.1 /Public/css/images/bg.png
INFO: [ app_init ] --START--
INFO: Run Behavior\BuildLiteBehavior [ RunTime:0.000026s ]
INFO: [ app_init ] --END-- [ RunTime:0.000792s ]
ERR: 无法加载模块:Public

[ 2018-05-21T09:46:30+08:00 ] 127.0.0.1 /Public/css/images/bg.png
INFO: [ app_init ] --START--
INFO: Run Behavior\BuildLiteBehavior [ RunTime:0.000033s ]
INFO: [ app_init ] --END-- [ RunTime:0.001273s ]
ERR: 无法加载模块:Public

[ 2018-05-21T09:46:32+08:00 ] 127.0.0.1 /Public/css/images/bg.png
INFO: [ app_init ] --START--
INFO: Run Behavior\BuildLiteBehavior [ RunTime:0.000037s ]
INFO: [ app_init ] --END-- [ RunTime:0.001179s ]
ERR: 无法加载模块:Public

[ 2018-05-21T09:58:11+08:00 ] 127.0.0.1 /Public/css/images/bg.png
INFO: [ app_init ] --START--
INFO: Run Behavior\BuildLiteBehavior [ RunTime:0.000023s ]
INFO: [ app_init ] --END-- [ RunTime:0.000768s ]
ERR: 无法加载模块:Public

[ 2018-05-21T09:58:23+08:00 ] 127.0.0.1 /Public/css/images/bg.png
INFO: [ app_init ] --START--
INFO: Run Behavior\BuildLiteBehavior [ RunTime:0.000032s ]
INFO: [ app_init ] --END-- [ RunTime:0.002556s ]
ERR: 无法加载模块:Public

[ 2018-05-21T09:59:01+08:00 ] 127.0.0.1 /Public/css/images/bg.png
INFO: [ app_init ] --START--
INFO: Run Behavior\BuildLiteBehavior [ RunTime:0.000027s ]
INFO: [ app_init ] --END-- [ RunTime:0.001115s ]
ERR: 无法加载模块:Public

[ 2018-05-21T09:59:19+08:00 ] 127.0.0.1 /Public/css/images/bg.png
INFO: [ app_init ] --START--
INFO: Run Behavior\BuildLiteBehavior [ RunTime:0.000053s ]
INFO: [ app_init ] --END-- [ RunTime:0.001446s ]
ERR: 无法加载模块:Public

[ 2018-05-21T10:00:19+08:00 ] 127.0.0.1 /Public/css/images/bg.png
INFO: [ app_init ] --START--
INFO: Run Behavior\BuildLiteBehavior [ RunTime:0.000042s ]
INFO: [ app_init ] --END-- [ RunTime:0.000951s ]
ERR: 无法加载模块:Public

[ 2018-05-21T10:01:20+08:00 ] 127.0.0.1 /Public/css/images/bg.png
INFO: [ app_init ] --START--
INFO: Run Behavior\BuildLiteBehavior [ RunTime:0.000032s ]
INFO: [ app_init ] --END-- [ RunTime:0.000932s ]
ERR: 无法加载模块:Public

[ 2018-05-21T10:02:20+08:00 ] 127.0.0.1 /Public/css/images/bg.png
INFO: [ app_init ] --START--
INFO: Run Behavior\BuildLiteBehavior [ RunTime:0.000028s ]
INFO: [ app_init ] --END-- [ RunTime:0.001142s ]
ERR: 无法加载模块:Public

[ 2018-05-21T10:05:52+08:00 ] 127.0.0.1 /Public/css/images/bg.png
INFO: [ app_init ] --START--
INFO: Run Behavior\BuildLiteBehavior [ RunTime:0.000048s ]
INFO: [ app_init ] --END-- [ RunTime:0.000906s ]
ERR: 无法加载模块:Public

[ 2018-05-21T10:06:15+08:00 ] 127.0.0.1 /Public/css/images/bg.png
INFO: [ app_init ] --START--
INFO: Run Behavior\BuildLiteBehavior [ RunTime:0.000081s ]
INFO: [ app_init ] --END-- [ RunTime:0.002386s ]
ERR: 无法加载模块:Public

[ 2018-05-21T10:07:58+08:00 ] 127.0.0.1 /Public/css/images/bg.png
INFO: [ app_init ] --START--
INFO: Run Behavior\BuildLiteBehavior [ RunTime:0.000045s ]
INFO: [ app_init ] --END-- [ RunTime:0.001843s ]
ERR: 无法加载模块:Public

[ 2018-05-21T10:08:13+08:00 ] 127.0.0.1 /Public/css/images/bg.png
INFO: [ app_init ] --START--
INFO: Run Behavior\BuildLiteBehavior [ RunTime:0.000069s ]
INFO: [ app_init ] --END-- [ RunTime:0.001538s ]
ERR: 无法加载模块:Public

[ 2018-05-21T10:09:42+08:00 ] 127.0.0.1 /Public/css/images/bg.png
INFO: [ app_init ] --START--
INFO: Run Behavior\BuildLiteBehavior [ RunTime:0.000035s ]
INFO: [ app_init ] --END-- [ RunTime:0.001321s ]
ERR: 无法加载模块:Public

[ 2018-05-21T10:09:46+08:00 ] 127.0.0.1 /Public/css/images/bg.png
INFO: [ app_init ] --START--
INFO: Run Behavior\BuildLiteBehavior [ RunTime:0.000074s ]
INFO: [ app_init ] --END-- [ RunTime:0.001230s ]
ERR: 无法加载模块:Public

[ 2018-05-21T10:09:47+08:00 ] 127.0.0.1 /Public/css/images/bg.png
INFO: [ app_init ] --START--
INFO: Run Behavior\BuildLiteBehavior [ RunTime:0.000030s ]
INFO: [ app_init ] --END-- [ RunTime:0.000939s ]
ERR: 无法加载模块:Public

[ 2018-05-21T10:11:31+08:00 ] 127.0.0.1 /Public/css/images/bg.png
INFO: [ app_init ] --START--
INFO: Run Behavior\BuildLiteBehavior [ RunTime:0.000027s ]
INFO: [ app_init ] --END-- [ RunTime:0.002555s ]
ERR: 无法加载模块:Public

[ 2018-05-21T10:12:32+08:00 ] 127.0.0.1 /Public/css/images/bg.png
INFO: [ app_init ] --START--
INFO: Run Behavior\BuildLiteBehavior [ RunTime:0.000035s ]
INFO: [ app_init ] --END-- [ RunTime:0.001244s ]
ERR: 无法加载模块:Public

[ 2018-05-21T10:12:37+08:00 ] 127.0.0.1 /Public/css/images/bg.png
INFO: [ app_init ] --START--
INFO: Run Behavior\BuildLiteBehavior [ RunTime:0.000055s ]
INFO: [ app_init ] --END-- [ RunTime:0.001435s ]
ERR: 无法加载模块:Public

[ 2018-05-21T10:12:48+08:00 ] 127.0.0.1 /Public/css/images/bg.png
INFO: [ app_init ] --START--
INFO: Run Behavior\BuildLiteBehavior [ RunTime:0.000027s ]
INFO: [ app_init ] --END-- [ RunTime:0.000834s ]
ERR: 无法加载模块:Public

[ 2018-05-21T10:14:19+08:00 ] 127.0.0.1 /Public/css/images/bg.png
INFO: [ app_init ] --START--
INFO: Run Behavior\BuildLiteBehavior [ RunTime:0.000026s ]
INFO: [ app_init ] --END-- [ RunTime:0.000835s ]
ERR: 无法加载模块:Public

[ 2018-05-21T10:15:13+08:00 ] 127.0.0.1 /Public/css/images/bg.png
INFO: [ app_init ] --START--
INFO: Run Behavior\BuildLiteBehavior [ RunTime:0.000035s ]
INFO: [ app_init ] --END-- [ RunTime:0.003216s ]
ERR: 无法加载模块:Public

[ 2018-05-21T10:15:56+08:00 ] 127.0.0.1 /Public/css/images/bg.png
INFO: [ app_init ] --START--
INFO: Run Behavior\BuildLiteBehavior [ RunTime:0.000017s ]
INFO: [ app_init ] --END-- [ RunTime:0.000612s ]
ERR: 无法加载模块:Public

[ 2018-05-21T10:19:05+08:00 ] 127.0.0.1 /Public/css/images/bg.png
INFO: [ app_init ] --START--
INFO: Run Behavior\BuildLiteBehavior [ RunTime:0.000029s ]
INFO: [ app_init ] --END-- [ RunTime:0.000869s ]
ERR: 无法加载模块:Public

[ 2018-05-21T10:19:09+08:00 ] 127.0.0.1 /Public/css/images/bg.png
INFO: [ app_init ] --START--
INFO: Run Behavior\BuildLiteBehavior [ RunTime:0.000028s ]
INFO: [ app_init ] --END-- [ RunTime:0.000856s ]
ERR: 无法加载模块:Public

[ 2018-05-21T10:19:41+08:00 ] 127.0.0.1 /Public/css/images/bg.png
INFO: [ app_init ] --START--
INFO: Run Behavior\BuildLiteBehavior [ RunTime:0.000024s ]
INFO: [ app_init ] --END-- [ RunTime:0.000791s ]
ERR: 无法加载模块:Public

[ 2018-05-21T10:23:11+08:00 ] 127.0.0.1 /Public/css/images/bg.png
INFO: [ app_init ] --START--
INFO: Run Behavior\BuildLiteBehavior [ RunTime:0.000030s ]
INFO: [ app_init ] --END-- [ RunTime:0.001566s ]
ERR: 无法加载模块:Public

[ 2018-05-21T10:23:31+08:00 ] 127.0.0.1 /Public/css/images/bg.png
INFO: [ app_init ] --START--
INFO: Run Behavior\BuildLiteBehavior [ RunTime:0.000032s ]
INFO: [ app_init ] --END-- [ RunTime:0.000963s ]
ERR: 无法加载模块:Public

[ 2018-05-21T10:26:39+08:00 ] 127.0.0.1 /Public/css/images/bg.png
INFO: [ app_init ] --START--
INFO: Run Behavior\BuildLiteBehavior [ RunTime:0.000025s ]
INFO: [ app_init ] --END-- [ RunTime:0.000943s ]
ERR: 无法加载模块:Public

[ 2018-05-21T10:26:43+08:00 ] 127.0.0.1 /Public/css/images/bg.png
INFO: [ app_init ] --START--
INFO: Run Behavior\BuildLiteBehavior [ RunTime:0.000035s ]
INFO: [ app_init ] --END-- [ RunTime:0.001034s ]
ERR: 无法加载模块:Public

[ 2018-05-21T10:32:00+08:00 ] 127.0.0.1 /Public/css/images/bg.png
INFO: [ app_init ] --START--
INFO: Run Behavior\BuildLiteBehavior [ RunTime:0.000033s ]
INFO: [ app_init ] --END-- [ RunTime:0.001414s ]
ERR: 无法加载模块:Public

[ 2018-05-21T10:32:18+08:00 ] 127.0.0.1 /Public/css/images/bg.png
INFO: [ app_init ] --START--
INFO: Run Behavior\BuildLiteBehavior [ RunTime:0.000031s ]
INFO: [ app_init ] --END-- [ RunTime:0.001553s ]
ERR: 无法加载模块:Public

[ 2018-05-21T10:33:32+08:00 ] 127.0.0.1 /Public/css/images/bg.png
INFO: [ app_init ] --START--
INFO: Run Behavior\BuildLiteBehavior [ RunTime:0.000030s ]
INFO: [ app_init ] --END-- [ RunTime:0.000989s ]
ERR: 无法加载模块:Public

[ 2018-05-21T10:33:42+08:00 ] 127.0.0.1 /Public/css/images/bg.png
INFO: [ app_init ] --START--
INFO: Run Behavior\BuildLiteBehavior [ RunTime:0.000040s ]
INFO: [ app_init ] --END-- [ RunTime:0.000934s ]
ERR: 无法加载模块:Public

[ 2018-05-21T10:33:43+08:00 ] 127.0.0.1 /Public/css/images/bg.png
INFO: [ app_init ] --START--
INFO: Run Behavior\BuildLiteBehavior [ RunTime:0.000031s ]
INFO: [ app_init ] --END-- [ RunTime:0.000745s ]
ERR: 无法加载模块:Public

[ 2018-05-21T10:33:44+08:00 ] 127.0.0.1 /Public/css/images/bg.png
INFO: [ app_init ] --START--
INFO: Run Behavior\BuildLiteBehavior [ RunTime:0.000055s ]
INFO: [ app_init ] --END-- [ RunTime:0.001098s ]
ERR: 无法加载模块:Public

[ 2018-05-21T10:38:35+08:00 ] 127.0.0.1 /Public/css/images/bg.png
INFO: [ app_init ] --START--
INFO: Run Behavior\BuildLiteBehavior [ RunTime:0.000027s ]
INFO: [ app_init ] --END-- [ RunTime:0.005483s ]
ERR: 无法加载模块:Public

[ 2018-05-21T10:38:36+08:00 ] 127.0.0.1 /Public/css/images/bg.png
INFO: [ app_init ] --START--
INFO: Run Behavior\BuildLiteBehavior [ RunTime:0.000028s ]
INFO: [ app_init ] --END-- [ RunTime:0.000877s ]
ERR: 无法加载模块:Public

[ 2018-05-21T10:43:47+08:00 ] 127.0.0.1 /Public/css/images/bg.png
INFO: [ app_init ] --START--
INFO: Run Behavior\BuildLiteBehavior [ RunTime:0.000017s ]
INFO: [ app_init ] --END-- [ RunTime:0.000702s ]
ERR: 无法加载模块:Public

[ 2018-05-21T10:44:08+08:00 ] 127.0.0.1 /Public/css/images/bg.png
INFO: [ app_init ] --START--
INFO: Run Behavior\BuildLiteBehavior [ RunTime:0.000042s ]
INFO: [ app_init ] --END-- [ RunTime:0.001942s ]
ERR: 无法加载模块:Public

[ 2018-05-21T10:44:47+08:00 ] 127.0.0.1 /Public/css/images/bg.png
INFO: [ app_init ] --START--
INFO: Run Behavior\BuildLiteBehavior [ RunTime:0.000053s ]
INFO: [ app_init ] --END-- [ RunTime:0.001367s ]
ERR: 无法加载模块:Public

[ 2018-05-21T10:49:51+08:00 ] 127.0.0.1 /Public/css/images/bg.png
INFO: [ app_init ] --START--
INFO: Run Behavior\BuildLiteBehavior [ RunTime:0.000061s ]
INFO: [ app_init ] --END-- [ RunTime:0.001902s ]
ERR: 无法加载模块:Public

[ 2018-05-21T10:49:54+08:00 ] 127.0.0.1 /Public/css/images/bg.png
INFO: [ app_init ] --START--
INFO: Run Behavior\BuildLiteBehavior [ RunTime:0.000047s ]
INFO: [ app_init ] --END-- [ RunTime:0.000907s ]
ERR: 无法加载模块:Public

[ 2018-05-21T10:49:58+08:00 ] 127.0.0.1 /Public/css/images/bg.png
INFO: [ app_init ] --START--
INFO: Run Behavior\BuildLiteBehavior [ RunTime:0.000023s ]
INFO: [ app_init ] --END-- [ RunTime:0.000739s ]
ERR: 无法加载模块:Public

[ 2018-05-21T10:49:59+08:00 ] 127.0.0.1 /Public/css/images/bg.png
INFO: [ app_init ] --START--
INFO: Run Behavior\BuildLiteBehavior [ RunTime:0.000023s ]
INFO: [ app_init ] --END-- [ RunTime:0.000843s ]
ERR: 无法加载模块:Public

[ 2018-05-21T10:50:02+08:00 ] 127.0.0.1 /Public/css/images/bg.png
INFO: [ app_init ] --START--
INFO: Run Behavior\BuildLiteBehavior [ RunTime:0.000020s ]
INFO: [ app_init ] --END-- [ RunTime:0.000782s ]
ERR: 无法加载模块:Public

[ 2018-05-21T10:54:07+08:00 ] 127.0.0.1 /Public/css/images/bg.png
INFO: [ app_init ] --START--
INFO: Run Behavior\BuildLiteBehavior [ RunTime:0.000031s ]
INFO: [ app_init ] --END-- [ RunTime:0.001185s ]
ERR: 无法加载模块:Public

[ 2018-05-21T10:55:07+08:00 ] 127.0.0.1 /Public/css/images/bg.png
INFO: [ app_init ] --START--
INFO: Run Behavior\BuildLiteBehavior [ RunTime:0.000015s ]
INFO: [ app_init ] --END-- [ RunTime:0.000561s ]
ERR: 无法加载模块:Public

[ 2018-05-21T10:56:01+08:00 ] 127.0.0.1 /Public/css/images/bg.png
INFO: [ app_init ] --START--
INFO: Run Behavior\BuildLiteBehavior [ RunTime:0.000029s ]
INFO: [ app_init ] --END-- [ RunTime:0.000990s ]
ERR: 无法加载模块:Public

[ 2018-05-21T10:57:01+08:00 ] 127.0.0.1 /Public/css/images/bg.png
INFO: [ app_init ] --START--
INFO: Run Behavior\BuildLiteBehavior [ RunTime:0.000023s ]
INFO: [ app_init ] --END-- [ RunTime:0.000677s ]
ERR: 无法加载模块:Public

[ 2018-05-21T10:58:02+08:00 ] 127.0.0.1 /Public/css/images/bg.png
INFO: [ app_init ] --START--
INFO: Run Behavior\BuildLiteBehavior [ RunTime:0.000021s ]
INFO: [ app_init ] --END-- [ RunTime:0.000622s ]
ERR: 无法加载模块:Public

[ 2018-05-21T10:59:02+08:00 ] 127.0.0.1 /Public/css/images/bg.png
INFO: [ app_init ] --START--
INFO: Run Behavior\BuildLiteBehavior [ RunTime:0.000017s ]
INFO: [ app_init ] --END-- [ RunTime:0.000521s ]
ERR: 无法加载模块:Public

[ 2018-05-21T11:00:02+08:00 ] 127.0.0.1 /Public/css/images/bg.png
INFO: [ app_init ] --START--
INFO: Run Behavior\BuildLiteBehavior [ RunTime:0.000035s ]
INFO: [ app_init ] --END-- [ RunTime:0.001151s ]
ERR: 无法加载模块:Public

[ 2018-05-21T11:01:03+08:00 ] 127.0.0.1 /Public/css/images/bg.png
INFO: [ app_init ] --START--
INFO: Run Behavior\BuildLiteBehavior [ RunTime:0.000021s ]
INFO: [ app_init ] --END-- [ RunTime:0.000762s ]
ERR: 无法加载模块:Public

[ 2018-05-21T11:02:03+08:00 ] 127.0.0.1 /Public/css/images/bg.png
INFO: [ app_init ] --START--
INFO: Run Behavior\BuildLiteBehavior [ RunTime:0.000017s ]
INFO: [ app_init ] --END-- [ RunTime:0.000551s ]
ERR: 无法加载模块:Public

[ 2018-05-21T11:02:26+08:00 ] 127.0.0.1 /Public/css/images/bg.png
INFO: [ app_init ] --START--
INFO: Run Behavior\BuildLiteBehavior [ RunTime:0.000018s ]
INFO: [ app_init ] --END-- [ RunTime:0.000531s ]
ERR: 无法加载模块:Public

[ 2018-05-21T11:02:44+08:00 ] 127.0.0.1 /Public/css/images/bg.png
INFO: [ app_init ] --START--
INFO: Run Behavior\BuildLiteBehavior [ RunTime:0.000034s ]
INFO: [ app_init ] --END-- [ RunTime:0.001191s ]
ERR: 无法加载模块:Public

[ 2018-05-21T11:02:56+08:00 ] 127.0.0.1 /Public/css/images/bg.png
INFO: [ app_init ] --START--
INFO: Run Behavior\BuildLiteBehavior [ RunTime:0.000038s ]
INFO: [ app_init ] --END-- [ RunTime:0.001006s ]
ERR: 无法加载模块:Public

[ 2018-05-21T11:02:57+08:00 ] 127.0.0.1 /Public/css/images/bg.png
INFO: [ app_init ] --START--
INFO: Run Behavior\BuildLiteBehavior [ RunTime:0.000027s ]
INFO: [ app_init ] --END-- [ RunTime:0.000822s ]
ERR: 无法加载模块:Public

[ 2018-05-21T11:03:57+08:00 ] 127.0.0.1 /Public/css/images/bg.png
INFO: [ app_init ] --START--
INFO: Run Behavior\BuildLiteBehavior [ RunTime:0.000030s ]
INFO: [ app_init ] --END-- [ RunTime:0.001414s ]
ERR: 无法加载模块:Public

[ 2018-05-21T11:04:58+08:00 ] 127.0.0.1 /Public/css/images/bg.png
INFO: [ app_init ] --START--
INFO: Run Behavior\BuildLiteBehavior [ RunTime:0.000019s ]
INFO: [ app_init ] --END-- [ RunTime:0.000780s ]
ERR: 无法加载模块:Public

[ 2018-05-21T11:05:08+08:00 ] 127.0.0.1 /Public/css/images/bg.png
INFO: [ app_init ] --START--
INFO: Run Behavior\BuildLiteBehavior [ RunTime:0.000035s ]
INFO: [ app_init ] --END-- [ RunTime:0.000947s ]
ERR: 无法加载模块:Public

[ 2018-05-21T11:05:09+08:00 ] 127.0.0.1 /Public/css/images/bg.png
INFO: [ app_init ] --START--
INFO: Run Behavior\BuildLiteBehavior [ RunTime:0.000029s ]
INFO: [ app_init ] --END-- [ RunTime:0.001737s ]
ERR: 无法加载模块:Public

[ 2018-05-21T11:06:09+08:00 ] 127.0.0.1 /Public/css/images/bg.png
INFO: [ app_init ] --START--
INFO: Run Behavior\BuildLiteBehavior [ RunTime:0.000016s ]
INFO: [ app_init ] --END-- [ RunTime:0.000598s ]
ERR: 无法加载模块:Public

[ 2018-05-21T11:07:10+08:00 ] 127.0.0.1 /Public/css/images/bg.png
INFO: [ app_init ] --START--
INFO: Run Behavior\BuildLiteBehavior [ RunTime:0.000016s ]
INFO: [ app_init ] --END-- [ RunTime:0.000587s ]
ERR: 无法加载模块:Public

[ 2018-05-21T11:08:10+08:00 ] 127.0.0.1 /Public/css/images/bg.png
INFO: [ app_init ] --START--
INFO: Run Behavior\BuildLiteBehavior [ RunTime:0.000016s ]
INFO: [ app_init ] --END-- [ RunTime:0.000581s ]
ERR: 无法加载模块:Public

[ 2018-05-21T11:09:10+08:00 ] 127.0.0.1 /Public/css/images/bg.png
INFO: [ app_init ] --START--
INFO: Run Behavior\BuildLiteBehavior [ RunTime:0.000016s ]
INFO: [ app_init ] --END-- [ RunTime:0.000568s ]
ERR: 无法加载模块:Public

[ 2018-05-21T11:09:38+08:00 ] 127.0.0.1 /Public/css/images/bg.png
INFO: [ app_init ] --START--
INFO: Run Behavior\BuildLiteBehavior [ RunTime:0.000041s ]
INFO: [ app_init ] --END-- [ RunTime:0.005498s ]
ERR: 无法加载模块:Public

[ 2018-05-21T11:09:50+08:00 ] 127.0.0.1 /Public/css/images/bg.png
INFO: [ app_init ] --START--
INFO: Run Behavior\BuildLiteBehavior [ RunTime:0.000029s ]
INFO: [ app_init ] --END-- [ RunTime:0.004911s ]
ERR: 无法加载模块:Public

[ 2018-05-21T11:10:50+08:00 ] 127.0.0.1 /Public/css/images/bg.png
INFO: [ app_init ] --START--
INFO: Run Behavior\BuildLiteBehavior [ RunTime:0.000021s ]
INFO: [ app_init ] --END-- [ RunTime:0.000727s ]
ERR: 无法加载模块:Public

[ 2018-05-21T11:11:51+08:00 ] 127.0.0.1 /Public/css/images/bg.png
INFO: [ app_init ] --START--
INFO: Run Behavior\BuildLiteBehavior [ RunTime:0.000027s ]
INFO: [ app_init ] --END-- [ RunTime:0.001185s ]
ERR: 无法加载模块:Public

[ 2018-05-21T11:12:51+08:00 ] 127.0.0.1 /Public/css/images/bg.png
INFO: [ app_init ] --START--
INFO: Run Behavior\BuildLiteBehavior [ RunTime:0.000028s ]
INFO: [ app_init ] --END-- [ RunTime:0.000795s ]
ERR: 无法加载模块:Public

[ 2018-05-21T11:13:51+08:00 ] 127.0.0.1 /Public/css/images/bg.png
INFO: [ app_init ] --START--
INFO: Run Behavior\BuildLiteBehavior [ RunTime:0.000027s ]
INFO: [ app_init ] --END-- [ RunTime:0.000888s ]
ERR: 无法加载模块:Public

[ 2018-05-21T11:14:00+08:00 ] 127.0.0.1 /Public/css/images/bg.png
INFO: [ app_init ] --START--
INFO: Run Behavior\BuildLiteBehavior [ RunTime:0.000027s ]
INFO: [ app_init ] --END-- [ RunTime:0.001202s ]
ERR: 无法加载模块:Public

[ 2018-05-21T11:15:00+08:00 ] 127.0.0.1 /Public/css/images/bg.png
INFO: [ app_init ] --START--
INFO: Run Behavior\BuildLiteBehavior [ RunTime:0.000029s ]
INFO: [ app_init ] --END-- [ RunTime:0.001031s ]
ERR: 无法加载模块:Public

[ 2018-05-21T11:16:01+08:00 ] 127.0.0.1 /Public/css/images/bg.png
INFO: [ app_init ] --START--
INFO: Run Behavior\BuildLiteBehavior [ RunTime:0.000027s ]
INFO: [ app_init ] --END-- [ RunTime:0.001076s ]
ERR: 无法加载模块:Public

[ 2018-05-21T11:17:01+08:00 ] 127.0.0.1 /Public/css/images/bg.png
INFO: [ app_init ] --START--
INFO: Run Behavior\BuildLiteBehavior [ RunTime:0.000049s ]
INFO: [ app_init ] --END-- [ RunTime:0.001673s ]
ERR: 无法加载模块:Public

[ 2018-05-21T11:18:01+08:00 ] 127.0.0.1 /Public/css/images/bg.png
INFO: [ app_init ] --START--
INFO: Run Behavior\BuildLiteBehavior [ RunTime:0.000023s ]
INFO: [ app_init ] --END-- [ RunTime:0.000724s ]
ERR: 无法加载模块:Public

[ 2018-05-21T11:19:02+08:00 ] 127.0.0.1 /Public/css/images/bg.png
INFO: [ app_init ] --START--
INFO: Run Behavior\BuildLiteBehavior [ RunTime:0.000038s ]
INFO: [ app_init ] --END-- [ RunTime:0.001190s ]
ERR: 无法加载模块:Public

[ 2018-05-21T11:20:02+08:00 ] 127.0.0.1 /Public/css/images/bg.png
INFO: [ app_init ] --START--
INFO: Run Behavior\BuildLiteBehavior [ RunTime:0.000017s ]
INFO: [ app_init ] --END-- [ RunTime:0.000550s ]
ERR: 无法加载模块:Public

[ 2018-05-21T11:21:03+08:00 ] 127.0.0.1 /Public/css/images/bg.png
INFO: [ app_init ] --START--
INFO: Run Behavior\BuildLiteBehavior [ RunTime:0.000017s ]
INFO: [ app_init ] --END-- [ RunTime:0.000650s ]
ERR: 无法加载模块:Public

[ 2018-05-21T11:22:03+08:00 ] 127.0.0.1 /Public/css/images/bg.png
INFO: [ app_init ] --START--
INFO: Run Behavior\BuildLiteBehavior [ RunTime:0.000020s ]
INFO: [ app_init ] --END-- [ RunTime:0.000552s ]
ERR: 无法加载模块:Public

[ 2018-05-21T11:23:04+08:00 ] 127.0.0.1 /Public/css/images/bg.png
INFO: [ app_init ] --START--
INFO: Run Behavior\BuildLiteBehavior [ RunTime:0.000024s ]
INFO: [ app_init ] --END-- [ RunTime:0.001643s ]
ERR: 无法加载模块:Public

[ 2018-05-21T11:24:04+08:00 ] 127.0.0.1 /Public/css/images/bg.png
INFO: [ app_init ] --START--
INFO: Run Behavior\BuildLiteBehavior [ RunTime:0.000025s ]
INFO: [ app_init ] --END-- [ RunTime:0.000798s ]
ERR: 无法加载模块:Public

[ 2018-05-21T11:25:04+08:00 ] 127.0.0.1 /Public/css/images/bg.png
INFO: [ app_init ] --START--
INFO: Run Behavior\BuildLiteBehavior [ RunTime:0.000033s ]
INFO: [ app_init ] --END-- [ RunTime:0.000923s ]
ERR: 无法加载模块:Public

[ 2018-05-21T11:26:05+08:00 ] 127.0.0.1 /Public/css/images/bg.png
INFO: [ app_init ] --START--
INFO: Run Behavior\BuildLiteBehavior [ RunTime:0.000017s ]
INFO: [ app_init ] --END-- [ RunTime:0.000542s ]
ERR: 无法加载模块:Public

[ 2018-05-21T11:27:05+08:00 ] 127.0.0.1 /Public/css/images/bg.png
INFO: [ app_init ] --START--
INFO: Run Behavior\BuildLiteBehavior [ RunTime:0.000036s ]
INFO: [ app_init ] --END-- [ RunTime:0.000862s ]
ERR: 无法加载模块:Public

[ 2018-05-21T11:28:05+08:00 ] 127.0.0.1 /Public/css/images/bg.png
INFO: [ app_init ] --START--
INFO: Run Behavior\BuildLiteBehavior [ RunTime:0.000026s ]
INFO: [ app_init ] --END-- [ RunTime:0.000798s ]
ERR: 无法加载模块:Public

[ 2018-05-21T11:29:06+08:00 ] 127.0.0.1 /Public/css/images/bg.png
INFO: [ app_init ] --START--
INFO: Run Behavior\BuildLiteBehavior [ RunTime:0.000026s ]
INFO: [ app_init ] --END-- [ RunTime:0.000779s ]
ERR: 无法加载模块:Public

[ 2018-05-21T11:30:06+08:00 ] 127.0.0.1 /Public/css/images/bg.png
INFO: [ app_init ] --START--
INFO: Run Behavior\BuildLiteBehavior [ RunTime:0.000027s ]
INFO: [ app_init ] --END-- [ RunTime:0.000783s ]
ERR: 无法加载模块:Public

[ 2018-05-21T11:31:06+08:00 ] 127.0.0.1 /Public/css/images/bg.png
INFO: [ app_init ] --START--
INFO: Run Behavior\BuildLiteBehavior [ RunTime:0.000026s ]
INFO: [ app_init ] --END-- [ RunTime:0.000783s ]
ERR: 无法加载模块:Public

[ 2018-05-21T11:32:07+08:00 ] 127.0.0.1 /Public/css/images/bg.png
INFO: [ app_init ] --START--
INFO: Run Behavior\BuildLiteBehavior [ RunTime:0.000025s ]
INFO: [ app_init ] --END-- [ RunTime:0.001475s ]
ERR: 无法加载模块:Public

[ 2018-05-21T11:33:07+08:00 ] 127.0.0.1 /Public/css/images/bg.png
INFO: [ app_init ] --START--
INFO: Run Behavior\BuildLiteBehavior [ RunTime:0.000018s ]
INFO: [ app_init ] --END-- [ RunTime:0.000556s ]
ERR: 无法加载模块:Public

[ 2018-05-21T11:34:07+08:00 ] 127.0.0.1 /Public/css/images/bg.png
INFO: [ app_init ] --START--
INFO: Run Behavior\BuildLiteBehavior [ RunTime:0.000029s ]
INFO: [ app_init ] --END-- [ RunTime:0.000892s ]
ERR: 无法加载模块:Public

[ 2018-05-21T11:35:07+08:00 ] 127.0.0.1 /Public/css/images/bg.png
INFO: [ app_init ] --START--
INFO: Run Behavior\BuildLiteBehavior [ RunTime:0.000026s ]
INFO: [ app_init ] --END-- [ RunTime:0.000859s ]
ERR: 无法加载模块:Public

[ 2018-05-21T11:36:08+08:00 ] 127.0.0.1 /Public/css/images/bg.png
INFO: [ app_init ] --START--
INFO: Run Behavior\BuildLiteBehavior [ RunTime:0.000018s ]
INFO: [ app_init ] --END-- [ RunTime:0.000551s ]
ERR: 无法加载模块:Public

[ 2018-05-21T11:37:08+08:00 ] 127.0.0.1 /Public/css/images/bg.png
INFO: [ app_init ] --START--
INFO: Run Behavior\BuildLiteBehavior [ RunTime:0.000025s ]
INFO: [ app_init ] --END-- [ RunTime:0.000791s ]
ERR: 无法加载模块:Public

[ 2018-05-21T11:38:08+08:00 ] 127.0.0.1 /Public/css/images/bg.png
INFO: [ app_init ] --START--
INFO: Run Behavior\BuildLiteBehavior [ RunTime:0.000027s ]
INFO: [ app_init ] --END-- [ RunTime:0.000782s ]
ERR: 无法加载模块:Public

[ 2018-05-21T11:39:09+08:00 ] 127.0.0.1 /Public/css/images/bg.png
INFO: [ app_init ] --START--
INFO: Run Behavior\BuildLiteBehavior [ RunTime:0.000041s ]
INFO: [ app_init ] --END-- [ RunTime:0.001402s ]
ERR: 无法加载模块:Public

[ 2018-05-21T11:40:09+08:00 ] 127.0.0.1 /Public/css/images/bg.png
INFO: [ app_init ] --START--
INFO: Run Behavior\BuildLiteBehavior [ RunTime:0.000018s ]
INFO: [ app_init ] --END-- [ RunTime:0.000537s ]
ERR: 无法加载模块:Public

[ 2018-05-21T11:41:09+08:00 ] 127.0.0.1 /Public/css/images/bg.png
INFO: [ app_init ] --START--
INFO: Run Behavior\BuildLiteBehavior [ RunTime:0.000031s ]
INFO: [ app_init ] --END-- [ RunTime:0.001659s ]
ERR: 无法加载模块:Public

[ 2018-05-21T11:42:10+08:00 ] 127.0.0.1 /Public/css/images/bg.png
INFO: [ app_init ] --START--
INFO: Run Behavior\BuildLiteBehavior [ RunTime:0.000017s ]
INFO: [ app_init ] --END-- [ RunTime:0.000502s ]
ERR: 无法加载模块:Public

[ 2018-05-21T11:43:10+08:00 ] 127.0.0.1 /Public/css/images/bg.png
INFO: [ app_init ] --START--
INFO: Run Behavior\BuildLiteBehavior [ RunTime:0.000024s ]
INFO: [ app_init ] --END-- [ RunTime:0.000636s ]
ERR: 无法加载模块:Public

[ 2018-05-21T11:44:10+08:00 ] 127.0.0.1 /Public/css/images/bg.png
INFO: [ app_init ] --START--
INFO: Run Behavior\BuildLiteBehavior [ RunTime:0.000017s ]
INFO: [ app_init ] --END-- [ RunTime:0.000534s ]
ERR: 无法加载模块:Public

[ 2018-05-21T11:45:11+08:00 ] 127.0.0.1 /Public/css/images/bg.png
INFO: [ app_init ] --START--
INFO: Run Behavior\BuildLiteBehavior [ RunTime:0.000018s ]
INFO: [ app_init ] --END-- [ RunTime:0.000542s ]
ERR: 无法加载模块:Public

[ 2018-05-21T11:46:11+08:00 ] 127.0.0.1 /Public/css/images/bg.png
INFO: [ app_init ] --START--
INFO: Run Behavior\BuildLiteBehavior [ RunTime:0.000043s ]
INFO: [ app_init ] --END-- [ RunTime:0.001101s ]
ERR: 无法加载模块:Public

[ 2018-05-21T11:47:11+08:00 ] 127.0.0.1 /Public/css/images/bg.png
INFO: [ app_init ] --START--
INFO: Run Behavior\BuildLiteBehavior [ RunTime:0.000029s ]
INFO: [ app_init ] --END-- [ RunTime:0.000819s ]
ERR: 无法加载模块:Public

[ 2018-05-21T11:48:12+08:00 ] 127.0.0.1 /Public/css/images/bg.png
INFO: [ app_init ] --START--
INFO: Run Behavior\BuildLiteBehavior [ RunTime:0.000018s ]
INFO: [ app_init ] --END-- [ RunTime:0.000765s ]
ERR: 无法加载模块:Public

[ 2018-05-21T11:49:12+08:00 ] 127.0.0.1 /Public/css/images/bg.png
INFO: [ app_init ] --START--
INFO: Run Behavior\BuildLiteBehavior [ RunTime:0.000027s ]
INFO: [ app_init ] --END-- [ RunTime:0.000836s ]
ERR: 无法加载模块:Public

[ 2018-05-21T11:50:12+08:00 ] 127.0.0.1 /Public/css/images/bg.png
INFO: [ app_init ] --START--
INFO: Run Behavior\BuildLiteBehavior [ RunTime:0.000024s ]
INFO: [ app_init ] --END-- [ RunTime:0.000555s ]
ERR: 无法加载模块:Public

[ 2018-05-21T11:51:13+08:00 ] 127.0.0.1 /Public/css/images/bg.png
INFO: [ app_init ] --START--
INFO: Run Behavior\BuildLiteBehavior [ RunTime:0.000019s ]
INFO: [ app_init ] --END-- [ RunTime:0.000686s ]
ERR: 无法加载模块:Public

[ 2018-05-21T11:52:13+08:00 ] 127.0.0.1 /Public/css/images/bg.png
INFO: [ app_init ] --START--
INFO: Run Behavior\BuildLiteBehavior [ RunTime:0.000025s ]
INFO: [ app_init ] --END-- [ RunTime:0.000755s ]
ERR: 无法加载模块:Public

[ 2018-05-21T11:53:13+08:00 ] 127.0.0.1 /Public/css/images/bg.png
INFO: [ app_init ] --START--
INFO: Run Behavior\BuildLiteBehavior [ RunTime:0.000029s ]
INFO: [ app_init ] --END-- [ RunTime:0.000638s ]
ERR: 无法加载模块:Public

[ 2018-05-21T11:54:13+08:00 ] 127.0.0.1 /Public/css/images/bg.png
INFO: [ app_init ] --START--
INFO: Run Behavior\BuildLiteBehavior [ RunTime:0.000018s ]
INFO: [ app_init ] --END-- [ RunTime:0.000532s ]
ERR: 无法加载模块:Public

[ 2018-05-21T11:55:14+08:00 ] 127.0.0.1 /Public/css/images/bg.png
INFO: [ app_init ] --START--
INFO: Run Behavior\BuildLiteBehavior [ RunTime:0.000017s ]
INFO: [ app_init ] --END-- [ RunTime:0.000474s ]
ERR: 无法加载模块:Public

[ 2018-05-21T19:12:32+08:00 ] 127.0.0.1 /favicon.ico
INFO: [ app_init ] --START--
INFO: Run Behavior\BuildLiteBehavior [ RunTime:0.000000s ]
INFO: [ app_init ] --END-- [ RunTime:0.001000s ]
ERR: 无法加载模块:Favicon

[ 2018-05-21T19:12:43+08:00 ] 127.0.0.1 /Public/css/images/bg.png
INFO: [ app_init ] --START--
INFO: Run Behavior\BuildLiteBehavior [ RunTime:0.000000s ]
INFO: [ app_init ] --END-- [ RunTime:0.000000s ]
ERR: 无法加载模块:Public

[ 2018-05-21T19:13:21+08:00 ] 127.0.0.1 /Public/css/images/bg.png
INFO: [ app_init ] --START--
INFO: Run Behavior\BuildLiteBehavior [ RunTime:0.000000s ]
INFO: [ app_init ] --END-- [ RunTime:0.001000s ]
ERR: 无法加载模块:Public

[ 2018-05-21T19:13:22+08:00 ] 127.0.0.1 /Public/css/images/bg.png
INFO: [ app_init ] --START--
INFO: Run Behavior\BuildLiteBehavior [ RunTime:0.000000s ]
INFO: [ app_init ] --END-- [ RunTime:0.001000s ]
ERR: 无法加载模块:Public

[ 2018-05-21T19:13:24+08:00 ] 127.0.0.1 /Public/css/images/bg.png
INFO: [ app_init ] --START--
INFO: Run Behavior\BuildLiteBehavior [ RunTime:0.000000s ]
INFO: [ app_init ] --END-- [ RunTime:0.001000s ]
ERR: 无法加载模块:Public

[ 2018-05-21T19:13:26+08:00 ] 127.0.0.1 /Public/css/images/bg.png
INFO: [ app_init ] --START--
INFO: Run Behavior\BuildLiteBehavior [ RunTime:0.000000s ]
INFO: [ app_init ] --END-- [ RunTime:0.001000s ]
ERR: 无法加载模块:Public

[ 2018-05-21T19:13:33+08:00 ] 127.0.0.1 /Public/css/images/bg.png
INFO: [ app_init ] --START--
INFO: Run Behavior\BuildLiteBehavior [ RunTime:0.000000s ]
INFO: [ app_init ] --END-- [ RunTime:0.000000s ]
ERR: 无法加载模块:Public

[ 2018-05-21T19:13:37+08:00 ] 127.0.0.1 /Public/css/images/bg.png
INFO: [ app_init ] --START--
INFO: Run Behavior\BuildLiteBehavior [ RunTime:0.000000s ]
INFO: [ app_init ] --END-- [ RunTime:0.000000s ]
ERR: 无法加载模块:Public

[ 2018-05-21T19:13:38+08:00 ] 127.0.0.1 /Public/css/images/bg.png
INFO: [ app_init ] --START--
INFO: Run Behavior\BuildLiteBehavior [ RunTime:0.000000s ]
INFO: [ app_init ] --END-- [ RunTime:0.000000s ]
ERR: 无法加载模块:Public

[ 2018-05-21T19:14:38+08:00 ] 127.0.0.1 /Public/css/images/bg.png
INFO: [ app_init ] --START--
INFO: Run Behavior\BuildLiteBehavior [ RunTime:0.000000s ]
INFO: [ app_init ] --END-- [ RunTime:0.001000s ]
ERR: 无法加载模块:Public

[ 2018-05-21T19:15:38+08:00 ] 127.0.0.1 /Public/css/images/bg.png
INFO: [ app_init ] --START--
INFO: Run Behavior\BuildLiteBehavior [ RunTime:0.000000s ]
INFO: [ app_init ] --END-- [ RunTime:0.000000s ]
ERR: 无法加载模块:Public

[ 2018-05-21T19:16:38+08:00 ] 127.0.0.1 /Public/css/images/bg.png
INFO: [ app_init ] --START--
INFO: Run Behavior\BuildLiteBehavior [ RunTime:0.000000s ]
INFO: [ app_init ] --END-- [ RunTime:0.000000s ]
ERR: 无法加载模块:Public

[ 2018-05-21T19:17:38+08:00 ] 127.0.0.1 /Public/css/images/bg.png
INFO: [ app_init ] --START--
INFO: Run Behavior\BuildLiteBehavior [ RunTime:0.000000s ]
INFO: [ app_init ] --END-- [ RunTime:0.000000s ]
ERR: 无法加载模块:Public

[ 2018-05-21T19:18:39+08:00 ] 127.0.0.1 /Public/css/images/bg.png
INFO: [ app_init ] --START--
INFO: Run Behavior\BuildLiteBehavior [ RunTime:0.000000s ]
INFO: [ app_init ] --END-- [ RunTime:0.000000s ]
ERR: 无法加载模块:Public

[ 2018-05-21T19:19:39+08:00 ] 127.0.0.1 /Public/css/images/bg.png
INFO: [ app_init ] --START--
INFO: Run Behavior\BuildLiteBehavior [ RunTime:0.000000s ]
INFO: [ app_init ] --END-- [ RunTime:0.001001s ]
ERR: 无法加载模块:Public

[ 2018-05-21T19:20:39+08:00 ] 127.0.0.1 /Public/css/images/bg.png
INFO: [ app_init ] --START--
INFO: Run Behavior\BuildLiteBehavior [ RunTime:0.000000s ]
INFO: [ app_init ] --END-- [ RunTime:0.000000s ]
ERR: 无法加载模块:Public

[ 2018-05-21T19:21:39+08:00 ] 127.0.0.1 /Public/css/images/bg.png
INFO: [ app_init ] --START--
INFO: Run Behavior\BuildLiteBehavior [ RunTime:0.000000s ]
INFO: [ app_init ] --END-- [ RunTime:0.000000s ]
ERR: 无法加载模块:Public

[ 2018-05-21T19:22:39+08:00 ] 127.0.0.1 /Public/css/images/bg.png
INFO: [ app_init ] --START--
INFO: Run Behavior\BuildLiteBehavior [ RunTime:0.000000s ]
INFO: [ app_init ] --END-- [ RunTime:0.000000s ]
ERR: 无法加载模块:Public

[ 2018-05-21T19:22:50+08:00 ] 127.0.0.1 /Public/css/images/bg.png
INFO: [ app_init ] --START--
INFO: Run Behavior\BuildLiteBehavior [ RunTime:0.000000s ]
INFO: [ app_init ] --END-- [ RunTime:0.001000s ]
ERR: 无法加载模块:Public

[ 2018-05-21T19:23:50+08:00 ] 127.0.0.1 /Public/css/images/bg.png
INFO: [ app_init ] --START--
INFO: Run Behavior\BuildLiteBehavior [ RunTime:0.000000s ]
INFO: [ app_init ] --END-- [ RunTime:0.000000s ]
ERR: 无法加载模块:Public

[ 2018-05-21T19:26:22+08:00 ] 127.0.0.1 /Public/css/images/bg.png
INFO: [ app_init ] --START--
INFO: Run Behavior\BuildLiteBehavior [ RunTime:0.000000s ]
INFO: [ app_init ] --END-- [ RunTime:0.001000s ]
ERR: 无法加载模块:Public

[ 2018-05-21T19:26:23+08:00 ] 127.0.0.1 /Public/css/images/bg.png
INFO: [ app_init ] --START--
INFO: Run Behavior\BuildLiteBehavior [ RunTime:0.000000s ]
INFO: [ app_init ] --END-- [ RunTime:0.000000s ]
ERR: 无法加载模块:Public

[ 2018-05-21T19:27:50+08:00 ] 127.0.0.1 /Public/css/images/bg.png
INFO: [ app_init ] --START--
INFO: Run Behavior\BuildLiteBehavior [ RunTime:0.000000s ]
INFO: [ app_init ] --END-- [ RunTime:0.000000s ]
ERR: 无法加载模块:Public

[ 2018-05-21T19:28:32+08:00 ] 127.0.0.1 /Public/css/images/bg.png
INFO: [ app_init ] --START--
INFO: Run Behavior\BuildLiteBehavior [ RunTime:0.000000s ]
INFO: [ app_init ] --END-- [ RunTime:0.000000s ]
ERR: 无法加载模块:Public

[ 2018-05-21T19:29:15+08:00 ] 127.0.0.1 /Public/css/images/bg.png
INFO: [ app_init ] --START--
INFO: Run Behavior\BuildLiteBehavior [ RunTime:0.000000s ]
INFO: [ app_init ] --END-- [ RunTime:0.000000s ]
ERR: 无法加载模块:Public

[ 2018-05-21T19:29:56+08:00 ] 127.0.0.1 /Public/css/images/bg.png
INFO: [ app_init ] --START--
INFO: Run Behavior\BuildLiteBehavior [ RunTime:0.000000s ]
INFO: [ app_init ] --END-- [ RunTime:0.001000s ]
ERR: 无法加载模块:Public

[ 2018-05-21T19:30:05+08:00 ] 127.0.0.1 /Public/css/images/bg.png
INFO: [ app_init ] --START--
INFO: Run Behavior\BuildLiteBehavior [ RunTime:0.000000s ]
INFO: [ app_init ] --END-- [ RunTime:0.001000s ]
ERR: 无法加载模块:Public

[ 2018-05-21T19:30:13+08:00 ] 127.0.0.1 /Public/css/images/bg.png
INFO: [ app_init ] --START--
INFO: Run Behavior\BuildLiteBehavior [ RunTime:0.000000s ]
INFO: [ app_init ] --END-- [ RunTime:0.001000s ]
ERR: 无法加载模块:Public

[ 2018-05-21T19:30:13+08:00 ] 127.0.0.1 /Public/css/images/bg.png
INFO: [ app_init ] --START--
INFO: Run Behavior\BuildLiteBehavior [ RunTime:0.000000s ]
INFO: [ app_init ] --END-- [ RunTime:0.000000s ]
ERR: 无法加载模块:Public

[ 2018-05-21T19:30:16+08:00 ] 127.0.0.1 /Public/css/images/bg.png
INFO: [ app_init ] --START--
INFO: Run Behavior\BuildLiteBehavior [ RunTime:0.000000s ]
INFO: [ app_init ] --END-- [ RunTime:0.001000s ]
ERR: 无法加载模块:Public

[ 2018-05-21T19:31:16+08:00 ] 127.0.0.1 /Public/css/images/bg.png
INFO: [ app_init ] --START--
INFO: Run Behavior\BuildLiteBehavior [ RunTime:0.000000s ]
INFO: [ app_init ] --END-- [ RunTime:0.000000s ]
ERR: 无法加载模块:Public

[ 2018-05-21T19:32:16+08:00 ] 127.0.0.1 /Public/css/images/bg.png
INFO: [ app_init ] --START--
INFO: Run Behavior\BuildLiteBehavior [ RunTime:0.000000s ]
INFO: [ app_init ] --END-- [ RunTime:0.000000s ]
ERR: 无法加载模块:Public

[ 2018-05-21T19:33:16+08:00 ] 127.0.0.1 /Public/css/images/bg.png
INFO: [ app_init ] --START--
INFO: Run Behavior\BuildLiteBehavior [ RunTime:0.000000s ]
INFO: [ app_init ] --END-- [ RunTime:0.001000s ]
ERR: 无法加载模块:Public

[ 2018-05-21T19:34:16+08:00 ] 127.0.0.1 /Public/css/images/bg.png
INFO: [ app_init ] --START--
INFO: Run Behavior\BuildLiteBehavior [ RunTime:0.000000s ]
INFO: [ app_init ] --END-- [ RunTime:0.001000s ]
ERR: 无法加载模块:Public

[ 2018-05-21T19:35:16+08:00 ] 127.0.0.1 /Public/css/images/bg.png
INFO: [ app_init ] --START--
INFO: Run Behavior\BuildLiteBehavior [ RunTime:0.000000s ]
INFO: [ app_init ] --END-- [ RunTime:0.001000s ]
ERR: 无法加载模块:Public

[ 2018-05-21T19:36:16+08:00 ] 127.0.0.1 /Public/css/images/bg.png
INFO: [ app_init ] --START--
INFO: Run Behavior\BuildLiteBehavior [ RunTime:0.000000s ]
INFO: [ app_init ] --END-- [ RunTime:0.000000s ]
ERR: 无法加载模块:Public

[ 2018-05-21T19:37:17+08:00 ] 127.0.0.1 /Public/css/images/bg.png
INFO: [ app_init ] --START--
INFO: Run Behavior\BuildLiteBehavior [ RunTime:0.000000s ]
INFO: [ app_init ] --END-- [ RunTime:0.000000s ]
ERR: 无法加载模块:Public

[ 2018-05-21T19:38:17+08:00 ] 127.0.0.1 /Public/css/images/bg.png
INFO: [ app_init ] --START--
INFO: Run Behavior\BuildLiteBehavior [ RunTime:0.000000s ]
INFO: [ app_init ] --END-- [ RunTime:0.000000s ]
ERR: 无法加载模块:Public

[ 2018-05-21T19:39:17+08:00 ] 127.0.0.1 /Public/css/images/bg.png
INFO: [ app_init ] --START--
INFO: Run Behavior\BuildLiteBehavior [ RunTime:0.000000s ]
INFO: [ app_init ] --END-- [ RunTime:0.000000s ]
ERR: 无法加载模块:Public

[ 2018-05-21T19:40:17+08:00 ] 127.0.0.1 /Public/css/images/bg.png
INFO: [ app_init ] --START--
INFO: Run Behavior\BuildLiteBehavior [ RunTime:0.000000s ]
INFO: [ app_init ] --END-- [ RunTime:0.000000s ]
ERR: 无法加载模块:Public

[ 2018-05-21T19:41:17+08:00 ] 127.0.0.1 /Public/css/images/bg.png
INFO: [ app_init ] --START--
INFO: Run Behavior\BuildLiteBehavior [ RunTime:0.000000s ]
INFO: [ app_init ] --END-- [ RunTime:0.000000s ]
ERR: 无法加载模块:Public

[ 2018-05-21T19:42:17+08:00 ] 127.0.0.1 /Public/css/images/bg.png
INFO: [ app_init ] --START--
INFO: Run Behavior\BuildLiteBehavior [ RunTime:0.000000s ]
INFO: [ app_init ] --END-- [ RunTime:0.000000s ]
ERR: 无法加载模块:Public

[ 2018-05-21T19:43:17+08:00 ] 127.0.0.1 /Public/css/images/bg.png
INFO: [ app_init ] --START--
INFO: Run Behavior\BuildLiteBehavior [ RunTime:0.000000s ]
INFO: [ app_init ] --END-- [ RunTime:0.001000s ]
ERR: 无法加载模块:Public

[ 2018-05-21T19:44:18+08:00 ] 127.0.0.1 /Public/css/images/bg.png
INFO: [ app_init ] --START--
INFO: Run Behavior\BuildLiteBehavior [ RunTime:0.001000s ]
INFO: [ app_init ] --END-- [ RunTime:0.001000s ]
ERR: 无法加载模块:Public

[ 2018-05-21T19:45:18+08:00 ] 127.0.0.1 /Public/css/images/bg.png
INFO: [ app_init ] --START--
INFO: Run Behavior\BuildLiteBehavior [ RunTime:0.000000s ]
INFO: [ app_init ] --END-- [ RunTime:0.000000s ]
ERR: 无法加载模块:Public

[ 2018-05-21T19:46:05+08:00 ] 127.0.0.1 /Public/css/images/bg.png
INFO: [ app_init ] --START--
INFO: Run Behavior\BuildLiteBehavior [ RunTime:0.000000s ]
INFO: [ app_init ] --END-- [ RunTime:0.001000s ]
ERR: 无法加载模块:Public

[ 2018-05-21T19:46:07+08:00 ] 127.0.0.1 /Public/css/images/bg.png
INFO: [ app_init ] --START--
INFO: Run Behavior\BuildLiteBehavior [ RunTime:0.000000s ]
INFO: [ app_init ] --END-- [ RunTime:0.000000s ]
ERR: 无法加载模块:Public

[ 2018-05-21T19:46:19+08:00 ] 127.0.0.1 /Public/css/images/bg.png
INFO: [ app_init ] --START--
INFO: Run Behavior\BuildLiteBehavior [ RunTime:0.000000s ]
INFO: [ app_init ] --END-- [ RunTime:0.000000s ]
ERR: 无法加载模块:Public

[ 2018-05-21T19:46:35+08:00 ] 127.0.0.1 /Public/css/images/bg.png
INFO: [ app_init ] --START--
INFO: Run Behavior\BuildLiteBehavior [ RunTime:0.000000s ]
INFO: [ app_init ] --END-- [ RunTime:0.000000s ]
ERR: 无法加载模块:Public

[ 2018-05-21T19:47:34+08:00 ] 127.0.0.1 /Public/css/images/bg.png
INFO: [ app_init ] --START--
INFO: Run Behavior\BuildLiteBehavior [ RunTime:0.000000s ]
INFO: [ app_init ] --END-- [ RunTime:0.001001s ]
ERR: 无法加载模块:Public

[ 2018-05-21T19:47:43+08:00 ] 127.0.0.1 /Public/css/images/bg.png
INFO: [ app_init ] --START--
INFO: Run Behavior\BuildLiteBehavior [ RunTime:0.000000s ]
INFO: [ app_init ] --END-- [ RunTime:0.000000s ]
ERR: 无法加载模块:Public

[ 2018-05-21T19:47:45+08:00 ] 127.0.0.1 /Public/css/images/bg.png
INFO: [ app_init ] --START--
INFO: Run Behavior\BuildLiteBehavior [ RunTime:0.000000s ]
INFO: [ app_init ] --END-- [ RunTime:0.001000s ]
ERR: 无法加载模块:Public

[ 2018-05-21T19:48:12+08:00 ] 127.0.0.1 /Public/css/images/bg.png
INFO: [ app_init ] --START--
INFO: Run Behavior\BuildLiteBehavior [ RunTime:0.000000s ]
INFO: [ app_init ] --END-- [ RunTime:0.000000s ]
ERR: 无法加载模块:Public

[ 2018-05-21T19:48:36+08:00 ] 127.0.0.1 /Public/css/images/bg.png
INFO: [ app_init ] --START--
INFO: Run Behavior\BuildLiteBehavior [ RunTime:0.000000s ]
INFO: [ app_init ] --END-- [ RunTime:0.000000s ]
ERR: 无法加载模块:Public

[ 2018-05-21T19:49:26+08:00 ] 127.0.0.1 /Public/css/images/bg.png
INFO: [ app_init ] --START--
INFO: Run Behavior\BuildLiteBehavior [ RunTime:0.000000s ]
INFO: [ app_init ] --END-- [ RunTime:0.000000s ]
ERR: 无法加载模块:Public

[ 2018-05-21T19:50:31+08:00 ] 127.0.0.1 /Public/css/images/bg.png
INFO: [ app_init ] --START--
INFO: Run Behavior\BuildLiteBehavior [ RunTime:0.000000s ]
INFO: [ app_init ] --END-- [ RunTime:0.001000s ]
ERR: 无法加载模块:Public

[ 2018-05-21T19:50:39+08:00 ] 127.0.0.1 /Public/css/images/bg.png
INFO: [ app_init ] --START--
INFO: Run Behavior\BuildLiteBehavior [ RunTime:0.000000s ]
INFO: [ app_init ] --END-- [ RunTime:0.001001s ]
ERR: 无法加载模块:Public

[ 2018-05-21T19:50:41+08:00 ] 127.0.0.1 /Public/css/images/bg.png
INFO: [ app_init ] --START--
INFO: Run Behavior\BuildLiteBehavior [ RunTime:0.000000s ]
INFO: [ app_init ] --END-- [ RunTime:0.001000s ]
ERR: 无法加载模块:Public

[ 2018-05-21T19:50:57+08:00 ] 127.0.0.1 /Public/css/images/bg.png
INFO: [ app_init ] --START--
INFO: Run Behavior\BuildLiteBehavior [ RunTime:0.000000s ]
INFO: [ app_init ] --END-- [ RunTime:0.001000s ]
ERR: 无法加载模块:Public

[ 2018-05-21T19:54:12+08:00 ] 127.0.0.1 /Public/css/images/bg.png
INFO: [ app_init ] --START--
INFO: Run Behavior\BuildLiteBehavior [ RunTime:0.000000s ]
INFO: [ app_init ] --END-- [ RunTime:0.000000s ]
ERR: 无法加载模块:Public

[ 2018-05-21T19:56:50+08:00 ] 127.0.0.1 /Public/css/images/bg.png
INFO: [ app_init ] --START--
INFO: Run Behavior\BuildLiteBehavior [ RunTime:0.000000s ]
INFO: [ app_init ] --END-- [ RunTime:0.001000s ]
ERR: 无法加载模块:Public

[ 2018-05-21T19:56:52+08:00 ] 127.0.0.1 /Public/css/images/bg.png
INFO: [ app_init ] --START--
INFO: Run Behavior\BuildLiteBehavior [ RunTime:0.000000s ]
INFO: [ app_init ] --END-- [ RunTime:0.001000s ]
ERR: 无法加载模块:Public

[ 2018-05-21T19:57:30+08:00 ] 127.0.0.1 /Public/css/images/bg.png
INFO: [ app_init ] --START--
INFO: Run Behavior\BuildLiteBehavior [ RunTime:0.000000s ]
INFO: [ app_init ] --END-- [ RunTime:0.001000s ]
ERR: 无法加载模块:Public

[ 2018-05-21T19:57:31+08:00 ] 127.0.0.1 /Public/css/images/bg.png
INFO: [ app_init ] --START--
INFO: Run Behavior\BuildLiteBehavior [ RunTime:0.000000s ]
INFO: [ app_init ] --END-- [ RunTime:0.001000s ]
ERR: 无法加载模块:Public

[ 2018-05-21T19:58:56+08:00 ] 127.0.0.1 /Public/css/images/bg.png
INFO: [ app_init ] --START--
INFO: Run Behavior\BuildLiteBehavior [ RunTime:0.000000s ]
INFO: [ app_init ] --END-- [ RunTime:0.001000s ]
ERR: 无法加载模块:Public

[ 2018-05-21T20:00:49+08:00 ] 127.0.0.1 /Public/css/images/bg.png
INFO: [ app_init ] --START--
INFO: Run Behavior\BuildLiteBehavior [ RunTime:0.000000s ]
INFO: [ app_init ] --END-- [ RunTime:0.000000s ]
ERR: 无法加载模块:Public

[ 2018-05-21T20:01:38+08:00 ] 127.0.0.1 /Public/css/images/bg.png
INFO: [ app_init ] --START--
INFO: Run Behavior\BuildLiteBehavior [ RunTime:0.000000s ]
INFO: [ app_init ] --END-- [ RunTime:0.000000s ]
ERR: 无法加载模块:Public

[ 2018-05-21T20:01:40+08:00 ] 127.0.0.1 /Public/css/images/bg.png
INFO: [ app_init ] --START--
INFO: Run Behavior\BuildLiteBehavior [ RunTime:0.000000s ]
INFO: [ app_init ] --END-- [ RunTime:0.000000s ]
ERR: 无法加载模块:Public

[ 2018-05-21T20:04:35+08:00 ] 127.0.0.1 /Public/css/images/bg.png
INFO: [ app_init ] --START--
INFO: Run Behavior\BuildLiteBehavior [ RunTime:0.000000s ]
INFO: [ app_init ] --END-- [ RunTime:0.000000s ]
ERR: 无法加载模块:Public

[ 2018-05-21T20:04:36+08:00 ] 127.0.0.1 /Public/css/images/bg.png
INFO: [ app_init ] --START--
INFO: Run Behavior\BuildLiteBehavior [ RunTime:0.000000s ]
INFO: [ app_init ] --END-- [ RunTime:0.000000s ]
ERR: 无法加载模块:Public

[ 2018-05-21T20:04:56+08:00 ] 127.0.0.1 /Public/css/images/bg.png
INFO: [ app_init ] --START--
INFO: Run Behavior\BuildLiteBehavior [ RunTime:0.000000s ]
INFO: [ app_init ] --END-- [ RunTime:0.001000s ]
ERR: 无法加载模块:Public

[ 2018-05-21T20:05:29+08:00 ] 127.0.0.1 /Public/css/images/bg.png
INFO: [ app_init ] --START--
INFO: Run Behavior\BuildLiteBehavior [ RunTime:0.000000s ]
INFO: [ app_init ] --END-- [ RunTime:0.000000s ]
ERR: 无法加载模块:Public

[ 2018-05-21T20:08:25+08:00 ] 127.0.0.1 /Public/css/images/bg.png
INFO: [ app_init ] --START--
INFO: Run Behavior\BuildLiteBehavior [ RunTime:0.000000s ]
INFO: [ app_init ] --END-- [ RunTime:0.000000s ]
ERR: 无法加载模块:Public

[ 2018-05-21T20:16:04+08:00 ] 127.0.0.1 /Public/css/images/bg.png
INFO: [ app_init ] --START--
INFO: Run Behavior\BuildLiteBehavior [ RunTime:0.000000s ]
INFO: [ app_init ] --END-- [ RunTime:0.000000s ]
ERR: 无法加载模块:Public

[ 2018-05-21T20:17:04+08:00 ] 127.0.0.1 /Public/css/images/bg.png
INFO: [ app_init ] --START--
INFO: Run Behavior\BuildLiteBehavior [ RunTime:0.000000s ]
INFO: [ app_init ] --END-- [ RunTime:0.000000s ]
ERR: 无法加载模块:Public

[ 2018-05-21T20:18:04+08:00 ] 127.0.0.1 /Public/css/images/bg.png
INFO: [ app_init ] --START--
INFO: Run Behavior\BuildLiteBehavior [ RunTime:0.000000s ]
INFO: [ app_init ] --END-- [ RunTime:0.000000s ]
ERR: 无法加载模块:Public

[ 2018-05-21T20:19:05+08:00 ] 127.0.0.1 /Public/css/images/bg.png
INFO: [ app_init ] --START--
INFO: Run Behavior\BuildLiteBehavior [ RunTime:0.000000s ]
INFO: [ app_init ] --END-- [ RunTime:0.000000s ]
ERR: 无法加载模块:Public

[ 2018-05-21T20:20:05+08:00 ] 127.0.0.1 /Public/css/images/bg.png
INFO: [ app_init ] --START--
INFO: Run Behavior\BuildLiteBehavior [ RunTime:0.000000s ]
INFO: [ app_init ] --END-- [ RunTime:0.001000s ]
ERR: 无法加载模块:Public

[ 2018-05-21T20:21:05+08:00 ] 127.0.0.1 /Public/css/images/bg.png
INFO: [ app_init ] --START--
INFO: Run Behavior\BuildLiteBehavior [ RunTime:0.000000s ]
INFO: [ app_init ] --END-- [ RunTime:0.001000s ]
ERR: 无法加载模块:Public

[ 2018-05-21T20:22:05+08:00 ] 127.0.0.1 /Public/css/images/bg.png
INFO: [ app_init ] --START--
INFO: Run Behavior\BuildLiteBehavior [ RunTime:0.000000s ]
INFO: [ app_init ] --END-- [ RunTime:0.000000s ]
ERR: 无法加载模块:Public

[ 2018-05-21T20:23:05+08:00 ] 127.0.0.1 /Public/css/images/bg.png
INFO: [ app_init ] --START--
INFO: Run Behavior\BuildLiteBehavior [ RunTime:0.000000s ]
INFO: [ app_init ] --END-- [ RunTime:0.000000s ]
ERR: 无法加载模块:Public

[ 2018-05-21T20:24:05+08:00 ] 127.0.0.1 /Public/css/images/bg.png
INFO: [ app_init ] --START--
INFO: Run Behavior\BuildLiteBehavior [ RunTime:0.000000s ]
INFO: [ app_init ] --END-- [ RunTime:0.000000s ]
ERR: 无法加载模块:Public

[ 2018-05-21T20:25:05+08:00 ] 127.0.0.1 /Public/css/images/bg.png
INFO: [ app_init ] --START--
INFO: Run Behavior\BuildLiteBehavior [ RunTime:0.000000s ]
INFO: [ app_init ] --END-- [ RunTime:0.000000s ]
ERR: 无法加载模块:Public

[ 2018-05-21T20:25:22+08:00 ] 127.0.0.1 /Public/css/images/bg.png
INFO: [ app_init ] --START--
INFO: Run Behavior\BuildLiteBehavior [ RunTime:0.000000s ]
INFO: [ app_init ] --END-- [ RunTime:0.000000s ]
ERR: 无法加载模块:Public

[ 2018-05-21T20:25:24+08:00 ] 127.0.0.1 /Public/css/images/bg.png
INFO: [ app_init ] --START--
INFO: Run Behavior\BuildLiteBehavior [ RunTime:0.000000s ]
INFO: [ app_init ] --END-- [ RunTime:0.001000s ]
ERR: 无法加载模块:Public

[ 2018-05-21T20:25:27+08:00 ] 127.0.0.1 /Public/css/images/bg.png
INFO: [ app_init ] --START--
INFO: Run Behavior\BuildLiteBehavior [ RunTime:0.000000s ]
INFO: [ app_init ] --END-- [ RunTime:0.001000s ]
ERR: 无法加载模块:Public

[ 2018-05-21T20:25:48+08:00 ] 127.0.0.1 /Public/css/images/bg.png
INFO: [ app_init ] --START--
INFO: Run Behavior\BuildLiteBehavior [ RunTime:0.000000s ]
INFO: [ app_init ] --END-- [ RunTime:0.000000s ]
ERR: 无法加载模块:Public

[ 2018-05-21T20:25:48+08:00 ] 127.0.0.1 /Public/css/images/bg.png
INFO: [ app_init ] --START--
INFO: Run Behavior\BuildLiteBehavior [ RunTime:0.000000s ]
INFO: [ app_init ] --END-- [ RunTime:0.000000s ]
ERR: 无法加载模块:Public

[ 2018-05-21T20:27:05+08:00 ] 127.0.0.1 /Public/css/images/bg.png
INFO: [ app_init ] --START--
INFO: Run Behavior\BuildLiteBehavior [ RunTime:0.000000s ]
INFO: [ app_init ] --END-- [ RunTime:0.000000s ]
ERR: 无法加载模块:Public

[ 2018-05-21T20:27:26+08:00 ] 127.0.0.1 /Public/css/images/bg.png
INFO: [ app_init ] --START--
INFO: Run Behavior\BuildLiteBehavior [ RunTime:0.000000s ]
INFO: [ app_init ] --END-- [ RunTime:0.001000s ]
ERR: 无法加载模块:Public

[ 2018-05-21T20:27:47+08:00 ] 127.0.0.1 /Public/css/images/bg.png
INFO: [ app_init ] --START--
INFO: Run Behavior\BuildLiteBehavior [ RunTime:0.000000s ]
INFO: [ app_init ] --END-- [ RunTime:0.001000s ]
ERR: 无法加载模块:Public

[ 2018-05-21T20:27:52+08:00 ] 127.0.0.1 /Public/css/images/bg.png
INFO: [ app_init ] --START--
INFO: Run Behavior\BuildLiteBehavior [ RunTime:0.000000s ]
INFO: [ app_init ] --END-- [ RunTime:0.000000s ]
ERR: 无法加载模块:Public

[ 2018-05-21T20:28:15+08:00 ] 127.0.0.1 /Public/css/images/bg.png
INFO: [ app_init ] --START--
INFO: Run Behavior\BuildLiteBehavior [ RunTime:0.000000s ]
INFO: [ app_init ] --END-- [ RunTime:0.001000s ]
ERR: 无法加载模块:Public

[ 2018-05-21T20:28:34+08:00 ] 127.0.0.1 /Public/css/images/bg.png
INFO: [ app_init ] --START--
INFO: Run Behavior\BuildLiteBehavior [ RunTime:0.000000s ]
INFO: [ app_init ] --END-- [ RunTime:0.000000s ]
ERR: 无法加载模块:Public

[ 2018-05-21T20:28:53+08:00 ] 127.0.0.1 /Public/css/images/bg.png
INFO: [ app_init ] --START--
INFO: Run Behavior\BuildLiteBehavior [ RunTime:0.000000s ]
INFO: [ app_init ] --END-- [ RunTime:0.000000s ]
ERR: 无法加载模块:Public

[ 2018-05-21T20:49:50+08:00 ] 127.0.0.1 /Public/css/images/bg.png
INFO: [ app_init ] --START--
INFO: Run Behavior\BuildLiteBehavior [ RunTime:0.000000s ]
INFO: [ app_init ] --END-- [ RunTime:0.001000s ]
ERR: 无法加载模块:Public

[ 2018-05-21T20:50:24+08:00 ] 127.0.0.1 /Public/css/images/bg.png
INFO: [ app_init ] --START--
INFO: Run Behavior\BuildLiteBehavior [ RunTime:0.000000s ]
INFO: [ app_init ] --END-- [ RunTime:0.000000s ]
ERR: 无法加载模块:Public

[ 2018-05-21T20:50:28+08:00 ] 127.0.0.1 /Public/css/images/bg.png
INFO: [ app_init ] --START--
INFO: Run Behavior\BuildLiteBehavior [ RunTime:0.000000s ]
INFO: [ app_init ] --END-- [ RunTime:0.000000s ]
ERR: 无法加载模块:Public

[ 2018-05-21T20:52:12+08:00 ] 127.0.0.1 /Public/css/images/bg.png
INFO: [ app_init ] --START--
INFO: Run Behavior\BuildLiteBehavior [ RunTime:0.000000s ]
INFO: [ app_init ] --END-- [ RunTime:0.001000s ]
ERR: 无法加载模块:Public

[ 2018-05-21T20:53:38+08:00 ] 127.0.0.1 /Public/css/images/bg.png
INFO: [ app_init ] --START--
INFO: Run Behavior\BuildLiteBehavior [ RunTime:0.000000s ]
INFO: [ app_init ] --END-- [ RunTime:0.000000s ]
ERR: 无法加载模块:Public

[ 2018-05-21T20:53:38+08:00 ] 127.0.0.1 /Public/css/images/bg.png
INFO: [ app_init ] --START--
INFO: Run Behavior\BuildLiteBehavior [ RunTime:0.000000s ]
INFO: [ app_init ] --END-- [ RunTime:0.000000s ]
ERR: 无法加载模块:Public

[ 2018-05-21T20:54:00+08:00 ] 127.0.0.1 /Public/css/images/bg.png
INFO: [ app_init ] --START--
INFO: Run Behavior\BuildLiteBehavior [ RunTime:0.000000s ]
INFO: [ app_init ] --END-- [ RunTime:0.000000s ]
ERR: 无法加载模块:Public

[ 2018-05-21T20:54:01+08:00 ] 127.0.0.1 /Public/css/images/bg.png
INFO: [ app_init ] --START--
INFO: Run Behavior\BuildLiteBehavior [ RunTime:0.001000s ]
INFO: [ app_init ] --END-- [ RunTime:0.001000s ]
ERR: 无法加载模块:Public

[ 2018-05-21T20:54:03+08:00 ] 127.0.0.1 /Public/css/images/bg.png
INFO: [ app_init ] --START--
INFO: Run Behavior\BuildLiteBehavior [ RunTime:0.000000s ]
INFO: [ app_init ] --END-- [ RunTime:0.000000s ]
ERR: 无法加载模块:Public

[ 2018-05-21T20:55:29+08:00 ] 127.0.0.1 /Public/css/images/bg.png
INFO: [ app_init ] --START--
INFO: Run Behavior\BuildLiteBehavior [ RunTime:0.000000s ]
INFO: [ app_init ] --END-- [ RunTime:0.000000s ]
ERR: 无法加载模块:Public

[ 2018-05-21T20:58:02+08:00 ] 127.0.0.1 /Public/css/images/bg.png
INFO: [ app_init ] --START--
INFO: Run Behavior\BuildLiteBehavior [ RunTime:0.000000s ]
INFO: [ app_init ] --END-- [ RunTime:0.001000s ]
ERR: 无法加载模块:Public

[ 2018-05-21T20:58:18+08:00 ] 127.0.0.1 /Public/css/images/bg.png
INFO: [ app_init ] --START--
INFO: Run Behavior\BuildLiteBehavior [ RunTime:0.000000s ]
INFO: [ app_init ] --END-- [ RunTime:0.000000s ]
ERR: 无法加载模块:Public

[ 2018-05-21T20:58:55+08:00 ] 127.0.0.1 /Public/css/images/bg.png
INFO: [ app_init ] --START--
INFO: Run Behavior\BuildLiteBehavior [ RunTime:0.000000s ]
INFO: [ app_init ] --END-- [ RunTime:0.000000s ]
ERR: 无法加载模块:Public

[ 2018-05-21T20:59:18+08:00 ] 127.0.0.1 /Public/css/images/bg.png
INFO: [ app_init ] --START--
INFO: Run Behavior\BuildLiteBehavior [ RunTime:0.000000s ]
INFO: [ app_init ] --END-- [ RunTime:0.000000s ]
ERR: 无法加载模块:Public

[ 2018-05-21T20:59:19+08:00 ] 127.0.0.1 /Public/css/images/bg.png
INFO: [ app_init ] --START--
INFO: Run Behavior\BuildLiteBehavior [ RunTime:0.000000s ]
INFO: [ app_init ] --END-- [ RunTime:0.000000s ]
ERR: 无法加载模块:Public

[ 2018-05-21T21:01:32+08:00 ] 127.0.0.1 /Public/css/images/bg.png
INFO: [ app_init ] --START--
INFO: Run Behavior\BuildLiteBehavior [ RunTime:0.000000s ]
INFO: [ app_init ] --END-- [ RunTime:0.001000s ]
ERR: 无法加载模块:Public

[ 2018-05-21T21:01:33+08:00 ] 127.0.0.1 /Public/css/images/bg.png
INFO: [ app_init ] --START--
INFO: Run Behavior\BuildLiteBehavior [ RunTime:0.000000s ]
INFO: [ app_init ] --END-- [ RunTime:0.000000s ]
ERR: 无法加载模块:Public

[ 2018-05-21T21:03:14+08:00 ] 127.0.0.1 /Public/css/images/bg.png
INFO: [ app_init ] --START--
INFO: Run Behavior\BuildLiteBehavior [ RunTime:0.000000s ]
INFO: [ app_init ] --END-- [ RunTime:0.000000s ]
ERR: 无法加载模块:Public

[ 2018-05-21T21:08:12+08:00 ] 127.0.0.1 /Public/css/images/bg.png
INFO: [ app_init ] --START--
INFO: Run Behavior\BuildLiteBehavior [ RunTime:0.000000s ]
INFO: [ app_init ] --END-- [ RunTime:0.000000s ]
ERR: 无法加载模块:Public

[ 2018-05-21T21:08:20+08:00 ] 127.0.0.1 /Public/css/images/bg.png
INFO: [ app_init ] --START--
INFO: Run Behavior\BuildLiteBehavior [ RunTime:0.000000s ]
INFO: [ app_init ] --END-- [ RunTime:0.000000s ]
ERR: 无法加载模块:Public

[ 2018-05-21T21:08:31+08:00 ] 127.0.0.1 /Public/css/images/bg.png
INFO: [ app_init ] --START--
INFO: Run Behavior\BuildLiteBehavior [ RunTime:0.000000s ]
INFO: [ app_init ] --END-- [ RunTime:0.000000s ]
ERR: 无法加载模块:Public

[ 2018-05-21T21:09:32+08:00 ] 127.0.0.1 /Public/css/images/bg.png
INFO: [ app_init ] --START--
INFO: Run Behavior\BuildLiteBehavior [ RunTime:0.000000s ]
INFO: [ app_init ] --END-- [ RunTime:0.001000s ]
ERR: 无法加载模块:Public

[ 2018-05-21T21:09:44+08:00 ] 127.0.0.1 /Public/css/images/bg.png
INFO: [ app_init ] --START--
INFO: Run Behavior\BuildLiteBehavior [ RunTime:0.000000s ]
INFO: [ app_init ] --END-- [ RunTime:0.000000s ]
ERR: 无法加载模块:Public

[ 2018-05-21T21:11:20+08:00 ] 127.0.0.1 /Public/css/images/bg.png
INFO: [ app_init ] --START--
INFO: Run Behavior\BuildLiteBehavior [ RunTime:0.000000s ]
INFO: [ app_init ] --END-- [ RunTime:0.000000s ]
ERR: 无法加载模块:Public

[ 2018-05-21T21:13:43+08:00 ] 127.0.0.1 /Public/css/images/bg.png
INFO: [ app_init ] --START--
INFO: Run Behavior\BuildLiteBehavior [ RunTime:0.000000s ]
INFO: [ app_init ] --END-- [ RunTime:0.000000s ]
ERR: 无法加载模块:Public

[ 2018-05-21T21:13:44+08:00 ] 127.0.0.1 /Public/css/images/bg.png
INFO: [ app_init ] --START--
INFO: Run Behavior\BuildLiteBehavior [ RunTime:0.000000s ]
INFO: [ app_init ] --END-- [ RunTime:0.001000s ]
ERR: 无法加载模块:Public

[ 2018-05-21T21:14:19+08:00 ] 127.0.0.1 /Public/css/images/bg.png
INFO: [ app_init ] --START--
INFO: Run Behavior\BuildLiteBehavior [ RunTime:0.000000s ]
INFO: [ app_init ] --END-- [ RunTime:0.000000s ]
ERR: 无法加载模块:Public

[ 2018-05-21T21:15:46+08:00 ] 127.0.0.1 /Public/css/images/bg.png
INFO: [ app_init ] --START--
INFO: Run Behavior\BuildLiteBehavior [ RunTime:0.000000s ]
INFO: [ app_init ] --END-- [ RunTime:0.000000s ]
ERR: 无法加载模块:Public

[ 2018-05-21T21:17:50+08:00 ] 127.0.0.1 /Public/css/images/bg.png
INFO: [ app_init ] --START--
INFO: Run Behavior\BuildLiteBehavior [ RunTime:0.000000s ]
INFO: [ app_init ] --END-- [ RunTime:0.000000s ]
ERR: 无法加载模块:Public

[ 2018-05-21T21:22:34+08:00 ] 127.0.0.1 /Public/css/images/bg.png
INFO: [ app_init ] --START--
INFO: Run Behavior\BuildLiteBehavior [ RunTime:0.000000s ]
INFO: [ app_init ] --END-- [ RunTime:0.000000s ]
ERR: 无法加载模块:Public

[ 2018-05-21T21:22:38+08:00 ] 127.0.0.1 /Public/css/images/bg.png
INFO: [ app_init ] --START--
INFO: Run Behavior\BuildLiteBehavior [ RunTime:0.000000s ]
INFO: [ app_init ] --END-- [ RunTime:0.001000s ]
ERR: 无法加载模块:Public

[ 2018-05-21T21:22:45+08:00 ] 127.0.0.1 /Public/css/images/bg.png
INFO: [ app_init ] --START--
INFO: Run Behavior\BuildLiteBehavior [ RunTime:0.000000s ]
INFO: [ app_init ] --END-- [ RunTime:0.001000s ]
ERR: 无法加载模块:Public

[ 2018-05-21T21:22:46+08:00 ] 127.0.0.1 /Public/css/images/bg.png
INFO: [ app_init ] --START--
INFO: Run Behavior\BuildLiteBehavior [ RunTime:0.000000s ]
INFO: [ app_init ] --END-- [ RunTime:0.001000s ]
ERR: 无法加载模块:Public

[ 2018-05-21T21:22:57+08:00 ] 127.0.0.1 /Public/css/images/bg.png
INFO: [ app_init ] --START--
INFO: Run Behavior\BuildLiteBehavior [ RunTime:0.000000s ]
INFO: [ app_init ] --END-- [ RunTime:0.000000s ]
ERR: 无法加载模块:Public

[ 2018-05-21T21:23:12+08:00 ] 127.0.0.1 /Public/css/images/bg.png
INFO: [ app_init ] --START--
INFO: Run Behavior\BuildLiteBehavior [ RunTime:0.000000s ]
INFO: [ app_init ] --END-- [ RunTime:0.001000s ]
ERR: 无法加载模块:Public

[ 2018-05-21T21:23:47+08:00 ] 127.0.0.1 /Public/css/images/bg.png
INFO: [ app_init ] --START--
INFO: Run Behavior\BuildLiteBehavior [ RunTime:0.000000s ]
INFO: [ app_init ] --END-- [ RunTime:0.001000s ]
ERR: 无法加载模块:Public

