[ 2018-05-02T17:26:12+08:00 ] 127.0.0.1 /admin.php/Index
INFO: [ app_init ] --START--
INFO: Run Behavior\BuildLiteBehavior [ RunTime:0.000025s ]
INFO: [ app_init ] --END-- [ RunTime:0.002794s ]
INFO: [ app_begin ] --START--
INFO: Run Behavior\ReadHtmlCacheBehavior [ RunTime:0.001220s ]
INFO: [ app_begin ] --END-- [ RunTime:0.001280s ]
INFO: [ view_parse ] --START--
INFO: [ template_filter ] --START--
INFO: Run Behavior\ContentReplaceBehavior [ RunTime:0.000054s ]
INFO: [ template_filter ] --END-- [ RunTime:0.000122s ]
INFO: Run Behavior\ParseTemplateBehavior [ RunTime:0.014015s ]
INFO: [ view_parse ] --END-- [ RunTime:0.014101s ]
INFO: [ view_filter ] --START--
INFO: Run Behavior\WriteHtmlCacheBehavior [ RunTime:0.001086s ]
INFO: [ view_filter ] --END-- [ RunTime:0.001127s ]
INFO: [ app_end ] --START--
INFO: Run Behavior\ShowPageTraceBehavior [ RunTime:0.001327s ]
INFO: [ app_end ] --END-- [ RunTime:0.001370s ]

[ 2018-05-02T17:26:12+08:00 ] 127.0.0.1 /admin.php/Order
INFO: [ app_init ] --START--
INFO: Run Behavior\BuildLiteBehavior [ RunTime:0.000022s ]
INFO: [ app_init ] --END-- [ RunTime:0.000680s ]
INFO: [ app_begin ] --START--
INFO: Run Behavior\ReadHtmlCacheBehavior [ RunTime:0.001289s ]
INFO: [ app_begin ] --END-- [ RunTime:0.001409s ]
SQL: SHOW COLUMNS FROM `t_order` [ RunTime:0.0099s ]
SQL: SELECT * FROM `t_order` WHERE ( status=0 ) ORDER BY order_status,create_time desc  [ RunTime:0.0004s ]
INFO: [ view_parse ] --START--
INFO: [ template_filter ] --START--
INFO: Run Behavior\ContentReplaceBehavior [ RunTime:0.000107s ]
INFO: [ template_filter ] --END-- [ RunTime:0.000233s ]
NOTIC: [8] Undefined variable: status C:\phpStudy\PHPTutorial\WWW\php\car_system\Application\Runtime\Cache\Admin\18bc66a7b6334412ab8e61a2539ecfbd.php 第 18 行.
NOTIC: [8] Undefined variable: status C:\phpStudy\PHPTutorial\WWW\php\car_system\Application\Runtime\Cache\Admin\18bc66a7b6334412ab8e61a2539ecfbd.php 第 21 行.
NOTIC: [8] Undefined variable: status C:\phpStudy\PHPTutorial\WWW\php\car_system\Application\Runtime\Cache\Admin\18bc66a7b6334412ab8e61a2539ecfbd.php 第 24 行.
NOTIC: [8] Undefined variable: searchTime C:\phpStudy\PHPTutorial\WWW\php\car_system\Application\Runtime\Cache\Admin\18bc66a7b6334412ab8e61a2539ecfbd.php 第 31 行.
INFO: Run Behavior\ParseTemplateBehavior [ RunTime:0.015301s ]
INFO: [ view_parse ] --END-- [ RunTime:0.015456s ]
INFO: [ view_filter ] --START--
INFO: Run Behavior\WriteHtmlCacheBehavior [ RunTime:0.002734s ]
INFO: [ view_filter ] --END-- [ RunTime:0.002793s ]
INFO: [ app_end ] --START--
INFO: Run Behavior\ShowPageTraceBehavior [ RunTime:0.001526s ]
INFO: [ app_end ] --END-- [ RunTime:0.001582s ]

[ 2018-05-02T17:26:13+08:00 ] 127.0.0.1 /admin.php/Car
INFO: [ app_init ] --START--
INFO: Run Behavior\BuildLiteBehavior [ RunTime:0.000015s ]
INFO: [ app_init ] --END-- [ RunTime:0.000480s ]
INFO: [ app_begin ] --START--
INFO: Run Behavior\ReadHtmlCacheBehavior [ RunTime:0.001011s ]
INFO: [ app_begin ] --END-- [ RunTime:0.001088s ]
SQL: SHOW COLUMNS FROM `t_car` [ RunTime:0.0112s ]
SQL: SELECT * FROM `t_car` WHERE ( status=0 ) ORDER BY create_time desc  [ RunTime:0.0004s ]
INFO: [ view_parse ] --START--
INFO: [ template_filter ] --START--
INFO: Run Behavior\ContentReplaceBehavior [ RunTime:0.000038s ]
INFO: [ template_filter ] --END-- [ RunTime:0.000089s ]
INFO: Run Behavior\ParseTemplateBehavior [ RunTime:0.010970s ]
INFO: [ view_parse ] --END-- [ RunTime:0.011058s ]
INFO: [ view_filter ] --START--
INFO: Run Behavior\WriteHtmlCacheBehavior [ RunTime:0.001005s ]
INFO: [ view_filter ] --END-- [ RunTime:0.001049s ]
INFO: [ app_end ] --START--
INFO: Run Behavior\ShowPageTraceBehavior [ RunTime:0.001196s ]
INFO: [ app_end ] --END-- [ RunTime:0.001236s ]

[ 2018-05-02T17:26:15+08:00 ] 127.0.0.1 /admin.php/Car/update?id=9
INFO: [ app_init ] --START--
INFO: Run Behavior\BuildLiteBehavior [ RunTime:0.000015s ]
INFO: [ app_init ] --END-- [ RunTime:0.000481s ]
INFO: [ app_begin ] --START--
INFO: Run Behavior\ReadHtmlCacheBehavior [ RunTime:0.001075s ]
INFO: [ app_begin ] --END-- [ RunTime:0.001137s ]
SQL: SHOW COLUMNS FROM `t_car` [ RunTime:0.0110s ]
SQL: SELECT * FROM `t_car` WHERE ( id='9' ) LIMIT 1   [ RunTime:0.0003s ]
INFO: [ view_parse ] --START--
NOTIC: [8] Undefined index: value C:\phpStudy\PHPTutorial\WWW\php\car_system\ThinkPHP\Library\Think\Template\TagLib\Cx.class.php 第 251 行.
NOTIC: [8] Undefined index: value C:\phpStudy\PHPTutorial\WWW\php\car_system\ThinkPHP\Library\Think\Template\TagLib\Cx.class.php 第 251 行.
INFO: [ template_filter ] --START--
INFO: Run Behavior\ContentReplaceBehavior [ RunTime:0.000034s ]
INFO: [ template_filter ] --END-- [ RunTime:0.000073s ]
INFO: Run Behavior\ParseTemplateBehavior [ RunTime:0.011188s ]
INFO: [ view_parse ] --END-- [ RunTime:0.011272s ]
INFO: [ view_filter ] --START--
INFO: Run Behavior\WriteHtmlCacheBehavior [ RunTime:0.000922s ]
INFO: [ view_filter ] --END-- [ RunTime:0.000964s ]
INFO: [ app_end ] --START--
INFO: Run Behavior\ShowPageTraceBehavior [ RunTime:0.001168s ]
INFO: [ app_end ] --END-- [ RunTime:0.001208s ]

[ 2018-05-02T17:27:21+08:00 ] 127.0.0.1 /admin.php/Index
INFO: [ app_init ] --START--
INFO: Run Behavior\BuildLiteBehavior [ RunTime:0.000031s ]
INFO: [ app_init ] --END-- [ RunTime:0.001748s ]
INFO: [ app_begin ] --START--
INFO: Run Behavior\ReadHtmlCacheBehavior [ RunTime:0.000875s ]
INFO: [ app_begin ] --END-- [ RunTime:0.000937s ]
INFO: [ view_parse ] --START--
INFO: [ template_filter ] --START--
INFO: Run Behavior\ContentReplaceBehavior [ RunTime:0.000043s ]
INFO: [ template_filter ] --END-- [ RunTime:0.000095s ]
INFO: Run Behavior\ParseTemplateBehavior [ RunTime:0.011081s ]
INFO: [ view_parse ] --END-- [ RunTime:0.011160s ]
INFO: [ view_filter ] --START--
INFO: Run Behavior\WriteHtmlCacheBehavior [ RunTime:0.001155s ]
INFO: [ view_filter ] --END-- [ RunTime:0.001199s ]
INFO: [ app_end ] --START--
INFO: Run Behavior\ShowPageTraceBehavior [ RunTime:0.001227s ]
INFO: [ app_end ] --END-- [ RunTime:0.001275s ]

[ 2018-05-02T17:27:22+08:00 ] 127.0.0.1 /admin.php/Order
INFO: [ app_init ] --START--
INFO: Run Behavior\BuildLiteBehavior [ RunTime:0.000024s ]
INFO: [ app_init ] --END-- [ RunTime:0.000843s ]
INFO: [ app_begin ] --START--
INFO: Run Behavior\ReadHtmlCacheBehavior [ RunTime:0.001069s ]
INFO: [ app_begin ] --END-- [ RunTime:0.001151s ]
SQL: SHOW COLUMNS FROM `t_order` [ RunTime:0.0116s ]
SQL: SELECT * FROM `t_order` WHERE ( status=0 ) ORDER BY order_status,create_time desc  [ RunTime:0.0012s ]
INFO: [ view_parse ] --START--
INFO: [ template_filter ] --START--
INFO: Run Behavior\ContentReplaceBehavior [ RunTime:0.000054s ]
INFO: [ template_filter ] --END-- [ RunTime:0.000113s ]
NOTIC: [8] Undefined variable: status C:\phpStudy\PHPTutorial\WWW\php\car_system\Application\Runtime\Cache\Admin\18bc66a7b6334412ab8e61a2539ecfbd.php 第 18 行.
NOTIC: [8] Undefined variable: status C:\phpStudy\PHPTutorial\WWW\php\car_system\Application\Runtime\Cache\Admin\18bc66a7b6334412ab8e61a2539ecfbd.php 第 21 行.
NOTIC: [8] Undefined variable: status C:\phpStudy\PHPTutorial\WWW\php\car_system\Application\Runtime\Cache\Admin\18bc66a7b6334412ab8e61a2539ecfbd.php 第 24 行.
NOTIC: [8] Undefined variable: searchTime C:\phpStudy\PHPTutorial\WWW\php\car_system\Application\Runtime\Cache\Admin\18bc66a7b6334412ab8e61a2539ecfbd.php 第 31 行.
INFO: Run Behavior\ParseTemplateBehavior [ RunTime:0.015269s ]
INFO: [ view_parse ] --END-- [ RunTime:0.015346s ]
INFO: [ view_filter ] --START--
INFO: Run Behavior\WriteHtmlCacheBehavior [ RunTime:0.001334s ]
INFO: [ view_filter ] --END-- [ RunTime:0.001395s ]
INFO: [ app_end ] --START--
INFO: Run Behavior\ShowPageTraceBehavior [ RunTime:0.001224s ]
INFO: [ app_end ] --END-- [ RunTime:0.001270s ]

[ 2018-05-02T17:27:22+08:00 ] 127.0.0.1 /admin.php/Goods
INFO: [ app_init ] --START--
INFO: Run Behavior\BuildLiteBehavior [ RunTime:0.000029s ]
INFO: [ app_init ] --END-- [ RunTime:0.000846s ]
INFO: [ app_begin ] --START--
INFO: Run Behavior\ReadHtmlCacheBehavior [ RunTime:0.001170s ]
INFO: [ app_begin ] --END-- [ RunTime:0.001231s ]
ERR: 无法加载控制器:Goods

[ 2018-05-02T17:27:23+08:00 ] 127.0.0.1 /admin.php/Car
INFO: [ app_init ] --START--
INFO: Run Behavior\BuildLiteBehavior [ RunTime:0.000018s ]
INFO: [ app_init ] --END-- [ RunTime:0.000528s ]
INFO: [ app_begin ] --START--
INFO: Run Behavior\ReadHtmlCacheBehavior [ RunTime:0.000970s ]
INFO: [ app_begin ] --END-- [ RunTime:0.001036s ]
SQL: SHOW COLUMNS FROM `t_car` [ RunTime:0.0118s ]
SQL: SELECT * FROM `t_car` WHERE ( status=0 ) ORDER BY create_time desc  [ RunTime:0.0004s ]
INFO: [ view_parse ] --START--
INFO: [ template_filter ] --START--
INFO: Run Behavior\ContentReplaceBehavior [ RunTime:0.000038s ]
INFO: [ template_filter ] --END-- [ RunTime:0.000088s ]
INFO: Run Behavior\ParseTemplateBehavior [ RunTime:0.011123s ]
INFO: [ view_parse ] --END-- [ RunTime:0.011198s ]
INFO: [ view_filter ] --START--
INFO: Run Behavior\WriteHtmlCacheBehavior [ RunTime:0.001056s ]
INFO: [ view_filter ] --END-- [ RunTime:0.001100s ]
INFO: [ app_end ] --START--
INFO: Run Behavior\ShowPageTraceBehavior [ RunTime:0.001297s ]
INFO: [ app_end ] --END-- [ RunTime:0.001353s ]

[ 2018-05-02T17:27:25+08:00 ] 127.0.0.1 /admin.php/Car/update?id=9
INFO: [ app_init ] --START--
INFO: Run Behavior\BuildLiteBehavior [ RunTime:0.000017s ]
INFO: [ app_init ] --END-- [ RunTime:0.000537s ]
INFO: [ app_begin ] --START--
INFO: Run Behavior\ReadHtmlCacheBehavior [ RunTime:0.000975s ]
INFO: [ app_begin ] --END-- [ RunTime:0.001036s ]
SQL: SHOW COLUMNS FROM `t_car` [ RunTime:0.0122s ]
SQL: SELECT * FROM `t_car` WHERE ( id='9' ) LIMIT 1   [ RunTime:0.0004s ]
INFO: [ view_parse ] --START--
NOTIC: [8] Undefined index: value C:\phpStudy\PHPTutorial\WWW\php\car_system\ThinkPHP\Library\Think\Template\TagLib\Cx.class.php 第 251 行.
NOTIC: [8] Undefined index: value C:\phpStudy\PHPTutorial\WWW\php\car_system\ThinkPHP\Library\Think\Template\TagLib\Cx.class.php 第 251 行.
INFO: [ template_filter ] --START--
INFO: Run Behavior\ContentReplaceBehavior [ RunTime:0.000035s ]
INFO: [ template_filter ] --END-- [ RunTime:0.000075s ]
INFO: Run Behavior\ParseTemplateBehavior [ RunTime:0.010739s ]
INFO: [ view_parse ] --END-- [ RunTime:0.010812s ]
INFO: [ view_filter ] --START--
INFO: Run Behavior\WriteHtmlCacheBehavior [ RunTime:0.001081s ]
INFO: [ view_filter ] --END-- [ RunTime:0.001126s ]
INFO: [ app_end ] --START--
INFO: Run Behavior\ShowPageTraceBehavior [ RunTime:0.001275s ]
INFO: [ app_end ] --END-- [ RunTime:0.001316s ]

[ 2018-05-02T17:27:26+08:00 ] 127.0.0.1 /admin.php/Car
INFO: [ app_init ] --START--
INFO: Run Behavior\BuildLiteBehavior [ RunTime:0.000018s ]
INFO: [ app_init ] --END-- [ RunTime:0.000576s ]
INFO: [ app_begin ] --START--
INFO: Run Behavior\ReadHtmlCacheBehavior [ RunTime:0.001188s ]
INFO: [ app_begin ] --END-- [ RunTime:0.001260s ]
SQL: SHOW COLUMNS FROM `t_car` [ RunTime:0.0110s ]
SQL: SELECT * FROM `t_car` WHERE ( status=0 ) ORDER BY create_time desc  [ RunTime:0.0003s ]
INFO: [ view_parse ] --START--
INFO: [ template_filter ] --START--
INFO: Run Behavior\ContentReplaceBehavior [ RunTime:0.000039s ]
INFO: [ template_filter ] --END-- [ RunTime:0.000097s ]
INFO: Run Behavior\ParseTemplateBehavior [ RunTime:0.009526s ]
INFO: [ view_parse ] --END-- [ RunTime:0.009590s ]
INFO: [ view_filter ] --START--
INFO: Run Behavior\WriteHtmlCacheBehavior [ RunTime:0.001023s ]
INFO: [ view_filter ] --END-- [ RunTime:0.001062s ]
INFO: [ app_end ] --START--
INFO: Run Behavior\ShowPageTraceBehavior [ RunTime:0.001279s ]
INFO: [ app_end ] --END-- [ RunTime:0.001318s ]

[ 2018-05-02T17:28:13+08:00 ] 127.0.0.1 /admin.php/Index
INFO: [ app_init ] --START--
INFO: Run Behavior\BuildLiteBehavior [ RunTime:0.000016s ]
INFO: [ app_init ] --END-- [ RunTime:0.000477s ]
INFO: [ app_begin ] --START--
INFO: Run Behavior\ReadHtmlCacheBehavior [ RunTime:0.001961s ]
INFO: [ app_begin ] --END-- [ RunTime:0.002039s ]
INFO: [ view_parse ] --START--
INFO: [ template_filter ] --START--
INFO: Run Behavior\ContentReplaceBehavior [ RunTime:0.000044s ]
INFO: [ template_filter ] --END-- [ RunTime:0.000104s ]
INFO: Run Behavior\ParseTemplateBehavior [ RunTime:0.010396s ]
INFO: [ view_parse ] --END-- [ RunTime:0.010476s ]
INFO: [ view_filter ] --START--
INFO: Run Behavior\WriteHtmlCacheBehavior [ RunTime:0.003090s ]
INFO: [ view_filter ] --END-- [ RunTime:0.003147s ]
INFO: [ app_end ] --START--
INFO: Run Behavior\ShowPageTraceBehavior [ RunTime:0.001752s ]
INFO: [ app_end ] --END-- [ RunTime:0.001804s ]

[ 2018-05-02T17:28:13+08:00 ] 127.0.0.1 /admin.php/Order
INFO: [ app_init ] --START--
INFO: Run Behavior\BuildLiteBehavior [ RunTime:0.000019s ]
INFO: [ app_init ] --END-- [ RunTime:0.000565s ]
INFO: [ app_begin ] --START--
INFO: Run Behavior\ReadHtmlCacheBehavior [ RunTime:0.007576s ]
INFO: [ app_begin ] --END-- [ RunTime:0.007684s ]
SQL: SHOW COLUMNS FROM `t_order` [ RunTime:0.0134s ]
SQL: SELECT * FROM `t_order` WHERE ( status=0 ) ORDER BY order_status,create_time desc  [ RunTime:0.0006s ]
INFO: [ view_parse ] --START--
INFO: [ template_filter ] --START--
INFO: Run Behavior\ContentReplaceBehavior [ RunTime:0.000050s ]
INFO: [ template_filter ] --END-- [ RunTime:0.000106s ]
NOTIC: [8] Undefined variable: status C:\phpStudy\PHPTutorial\WWW\php\car_system\Application\Runtime\Cache\Admin\18bc66a7b6334412ab8e61a2539ecfbd.php 第 18 行.
NOTIC: [8] Undefined variable: status C:\phpStudy\PHPTutorial\WWW\php\car_system\Application\Runtime\Cache\Admin\18bc66a7b6334412ab8e61a2539ecfbd.php 第 21 行.
NOTIC: [8] Undefined variable: status C:\phpStudy\PHPTutorial\WWW\php\car_system\Application\Runtime\Cache\Admin\18bc66a7b6334412ab8e61a2539ecfbd.php 第 24 行.
NOTIC: [8] Undefined variable: searchTime C:\phpStudy\PHPTutorial\WWW\php\car_system\Application\Runtime\Cache\Admin\18bc66a7b6334412ab8e61a2539ecfbd.php 第 31 行.
INFO: Run Behavior\ParseTemplateBehavior [ RunTime:0.015265s ]
INFO: [ view_parse ] --END-- [ RunTime:0.015333s ]
INFO: [ view_filter ] --START--
INFO: Run Behavior\WriteHtmlCacheBehavior [ RunTime:0.001137s ]
INFO: [ view_filter ] --END-- [ RunTime:0.001179s ]
INFO: [ app_end ] --START--
INFO: Run Behavior\ShowPageTraceBehavior [ RunTime:0.001366s ]
INFO: [ app_end ] --END-- [ RunTime:0.001412s ]

[ 2018-05-02T17:28:14+08:00 ] 127.0.0.1 /admin.php/Index
INFO: [ app_init ] --START--
INFO: Run Behavior\BuildLiteBehavior [ RunTime:0.000015s ]
INFO: [ app_init ] --END-- [ RunTime:0.000464s ]
INFO: [ app_begin ] --START--
INFO: Run Behavior\ReadHtmlCacheBehavior [ RunTime:0.000828s ]
INFO: [ app_begin ] --END-- [ RunTime:0.000880s ]
INFO: [ view_parse ] --START--
INFO: [ template_filter ] --START--
INFO: Run Behavior\ContentReplaceBehavior [ RunTime:0.000039s ]
INFO: [ template_filter ] --END-- [ RunTime:0.000088s ]
INFO: Run Behavior\ParseTemplateBehavior [ RunTime:0.010646s ]
INFO: [ view_parse ] --END-- [ RunTime:0.010744s ]
INFO: [ view_filter ] --START--
INFO: Run Behavior\WriteHtmlCacheBehavior [ RunTime:0.001075s ]
INFO: [ view_filter ] --END-- [ RunTime:0.001120s ]
INFO: [ app_end ] --START--
INFO: Run Behavior\ShowPageTraceBehavior [ RunTime:0.001818s ]
INFO: [ app_end ] --END-- [ RunTime:0.001924s ]

[ 2018-05-02T17:28:14+08:00 ] 127.0.0.1 /admin.php/Order
INFO: [ app_init ] --START--
INFO: Run Behavior\BuildLiteBehavior [ RunTime:0.000021s ]
INFO: [ app_init ] --END-- [ RunTime:0.000611s ]
INFO: [ app_begin ] --START--
INFO: Run Behavior\ReadHtmlCacheBehavior [ RunTime:0.000869s ]
INFO: [ app_begin ] --END-- [ RunTime:0.000928s ]
SQL: SHOW COLUMNS FROM `t_order` [ RunTime:0.0127s ]
SQL: SELECT * FROM `t_order` WHERE ( status=0 ) ORDER BY order_status,create_time desc  [ RunTime:0.0004s ]
INFO: [ view_parse ] --START--
INFO: [ template_filter ] --START--
INFO: Run Behavior\ContentReplaceBehavior [ RunTime:0.000054s ]
INFO: [ template_filter ] --END-- [ RunTime:0.000111s ]
NOTIC: [8] Undefined variable: status C:\phpStudy\PHPTutorial\WWW\php\car_system\Application\Runtime\Cache\Admin\18bc66a7b6334412ab8e61a2539ecfbd.php 第 18 行.
NOTIC: [8] Undefined variable: status C:\phpStudy\PHPTutorial\WWW\php\car_system\Application\Runtime\Cache\Admin\18bc66a7b6334412ab8e61a2539ecfbd.php 第 21 行.
NOTIC: [8] Undefined variable: status C:\phpStudy\PHPTutorial\WWW\php\car_system\Application\Runtime\Cache\Admin\18bc66a7b6334412ab8e61a2539ecfbd.php 第 24 行.
NOTIC: [8] Undefined variable: searchTime C:\phpStudy\PHPTutorial\WWW\php\car_system\Application\Runtime\Cache\Admin\18bc66a7b6334412ab8e61a2539ecfbd.php 第 31 行.
INFO: Run Behavior\ParseTemplateBehavior [ RunTime:0.013838s ]
INFO: [ view_parse ] --END-- [ RunTime:0.013907s ]
INFO: [ view_filter ] --START--
INFO: Run Behavior\WriteHtmlCacheBehavior [ RunTime:0.001514s ]
INFO: [ view_filter ] --END-- [ RunTime:0.001589s ]
INFO: [ app_end ] --START--
INFO: Run Behavior\ShowPageTraceBehavior [ RunTime:0.002197s ]
INFO: [ app_end ] --END-- [ RunTime:0.002282s ]

[ 2018-05-02T17:28:15+08:00 ] 127.0.0.1 /admin.php/Car
INFO: [ app_init ] --START--
INFO: Run Behavior\BuildLiteBehavior [ RunTime:0.000016s ]
INFO: [ app_init ] --END-- [ RunTime:0.000640s ]
INFO: [ app_begin ] --START--
INFO: Run Behavior\ReadHtmlCacheBehavior [ RunTime:0.001379s ]
INFO: [ app_begin ] --END-- [ RunTime:0.001485s ]
SQL: SHOW COLUMNS FROM `t_car` [ RunTime:0.0112s ]
SQL: SELECT * FROM `t_car` WHERE ( status=0 ) ORDER BY create_time desc  [ RunTime:0.0003s ]
INFO: [ view_parse ] --START--
INFO: [ template_filter ] --START--
INFO: Run Behavior\ContentReplaceBehavior [ RunTime:0.000037s ]
INFO: [ template_filter ] --END-- [ RunTime:0.000084s ]
INFO: Run Behavior\ParseTemplateBehavior [ RunTime:0.010771s ]
INFO: [ view_parse ] --END-- [ RunTime:0.010845s ]
INFO: [ view_filter ] --START--
INFO: Run Behavior\WriteHtmlCacheBehavior [ RunTime:0.001038s ]
INFO: [ view_filter ] --END-- [ RunTime:0.001079s ]
INFO: [ app_end ] --START--
INFO: Run Behavior\ShowPageTraceBehavior [ RunTime:0.001260s ]
INFO: [ app_end ] --END-- [ RunTime:0.001298s ]

[ 2018-05-02T17:28:16+08:00 ] 127.0.0.1 /admin.php/Car/update?id=9
INFO: [ app_init ] --START--
INFO: Run Behavior\BuildLiteBehavior [ RunTime:0.000016s ]
INFO: [ app_init ] --END-- [ RunTime:0.000616s ]
INFO: [ app_begin ] --START--
INFO: Run Behavior\ReadHtmlCacheBehavior [ RunTime:0.000817s ]
INFO: [ app_begin ] --END-- [ RunTime:0.000873s ]
SQL: SHOW COLUMNS FROM `t_car` [ RunTime:0.0109s ]
SQL: SELECT * FROM `t_car` WHERE ( id='9' ) LIMIT 1   [ RunTime:0.0003s ]
INFO: [ view_parse ] --START--
INFO: [ template_filter ] --START--
INFO: Run Behavior\ContentReplaceBehavior [ RunTime:0.000035s ]
INFO: [ template_filter ] --END-- [ RunTime:0.000079s ]
INFO: Run Behavior\ParseTemplateBehavior [ RunTime:0.010399s ]
INFO: [ view_parse ] --END-- [ RunTime:0.010461s ]
INFO: [ view_filter ] --START--
INFO: Run Behavior\WriteHtmlCacheBehavior [ RunTime:0.001153s ]
INFO: [ view_filter ] --END-- [ RunTime:0.001202s ]
INFO: [ app_end ] --START--
INFO: Run Behavior\ShowPageTraceBehavior [ RunTime:0.001412s ]
INFO: [ app_end ] --END-- [ RunTime:0.001462s ]

[ 2018-05-02T17:28:18+08:00 ] 127.0.0.1 /admin.php/Car
INFO: [ app_init ] --START--
INFO: Run Behavior\BuildLiteBehavior [ RunTime:0.000015s ]
INFO: [ app_init ] --END-- [ RunTime:0.000450s ]
INFO: [ app_begin ] --START--
INFO: Run Behavior\ReadHtmlCacheBehavior [ RunTime:0.000872s ]
INFO: [ app_begin ] --END-- [ RunTime:0.000944s ]
SQL: SHOW COLUMNS FROM `t_car` [ RunTime:0.0106s ]
SQL: SELECT * FROM `t_car` WHERE ( status=0 ) ORDER BY create_time desc  [ RunTime:0.0003s ]
INFO: [ view_parse ] --START--
INFO: [ template_filter ] --START--
INFO: Run Behavior\ContentReplaceBehavior [ RunTime:0.000038s ]
INFO: [ template_filter ] --END-- [ RunTime:0.000083s ]
INFO: Run Behavior\ParseTemplateBehavior [ RunTime:0.010001s ]
INFO: [ view_parse ] --END-- [ RunTime:0.010064s ]
INFO: [ view_filter ] --START--
INFO: Run Behavior\WriteHtmlCacheBehavior [ RunTime:0.000900s ]
INFO: [ view_filter ] --END-- [ RunTime:0.000941s ]
INFO: [ app_end ] --START--
INFO: Run Behavior\ShowPageTraceBehavior [ RunTime:0.001268s ]
INFO: [ app_end ] --END-- [ RunTime:0.001326s ]

[ 2018-05-02T18:15:55+08:00 ] 127.0.0.1 /admin.php/Index
INFO: [ app_init ] --START--
INFO: Run Behavior\BuildLiteBehavior [ RunTime:0.000627s ]
INFO: [ app_init ] --END-- [ RunTime:0.002493s ]
INFO: [ app_begin ] --START--
INFO: Run Behavior\ReadHtmlCacheBehavior [ RunTime:0.001228s ]
INFO: [ app_begin ] --END-- [ RunTime:0.001303s ]
INFO: [ view_parse ] --START--
INFO: [ template_filter ] --START--
INFO: Run Behavior\ContentReplaceBehavior [ RunTime:0.000062s ]
INFO: [ template_filter ] --END-- [ RunTime:0.000173s ]
INFO: Run Behavior\ParseTemplateBehavior [ RunTime:0.013562s ]
INFO: [ view_parse ] --END-- [ RunTime:0.013640s ]
INFO: [ view_filter ] --START--
INFO: Run Behavior\WriteHtmlCacheBehavior [ RunTime:0.001085s ]
INFO: [ view_filter ] --END-- [ RunTime:0.001144s ]
INFO: [ app_end ] --START--
INFO: Run Behavior\ShowPageTraceBehavior [ RunTime:0.001498s ]
INFO: [ app_end ] --END-- [ RunTime:0.001547s ]

[ 2018-05-02T18:15:55+08:00 ] 127.0.0.1 /admin.php/Order
INFO: [ app_init ] --START--
INFO: Run Behavior\BuildLiteBehavior [ RunTime:0.000016s ]
INFO: [ app_init ] --END-- [ RunTime:0.000506s ]
INFO: [ app_begin ] --START--
INFO: Run Behavior\ReadHtmlCacheBehavior [ RunTime:0.000870s ]
INFO: [ app_begin ] --END-- [ RunTime:0.000923s ]
SQL: SHOW COLUMNS FROM `t_order` [ RunTime:0.0131s ]
SQL: SELECT * FROM `t_order` WHERE ( status=0 ) ORDER BY order_status,create_time desc  [ RunTime:0.0005s ]
INFO: [ view_parse ] --START--
INFO: [ template_filter ] --START--
INFO: Run Behavior\ContentReplaceBehavior [ RunTime:0.000072s ]
INFO: [ template_filter ] --END-- [ RunTime:0.000173s ]
NOTIC: [8] Undefined variable: status C:\phpStudy\PHPTutorial\WWW\php\car_system\Application\Runtime\Cache\Admin\18bc66a7b6334412ab8e61a2539ecfbd.php 第 18 行.
NOTIC: [8] Undefined variable: status C:\phpStudy\PHPTutorial\WWW\php\car_system\Application\Runtime\Cache\Admin\18bc66a7b6334412ab8e61a2539ecfbd.php 第 21 行.
NOTIC: [8] Undefined variable: status C:\phpStudy\PHPTutorial\WWW\php\car_system\Application\Runtime\Cache\Admin\18bc66a7b6334412ab8e61a2539ecfbd.php 第 24 行.
NOTIC: [8] Undefined variable: searchTime C:\phpStudy\PHPTutorial\WWW\php\car_system\Application\Runtime\Cache\Admin\18bc66a7b6334412ab8e61a2539ecfbd.php 第 31 行.
INFO: Run Behavior\ParseTemplateBehavior [ RunTime:0.015005s ]
INFO: [ view_parse ] --END-- [ RunTime:0.015064s ]
INFO: [ view_filter ] --START--
INFO: Run Behavior\WriteHtmlCacheBehavior [ RunTime:0.000980s ]
INFO: [ view_filter ] --END-- [ RunTime:0.001022s ]
INFO: [ app_end ] --START--
INFO: Run Behavior\ShowPageTraceBehavior [ RunTime:0.001355s ]
INFO: [ app_end ] --END-- [ RunTime:0.001405s ]

[ 2018-05-02T18:15:57+08:00 ] 127.0.0.1 /admin.php/Car
INFO: [ app_init ] --START--
INFO: Run Behavior\BuildLiteBehavior [ RunTime:0.000023s ]
INFO: [ app_init ] --END-- [ RunTime:0.000704s ]
INFO: [ app_begin ] --START--
INFO: Run Behavior\ReadHtmlCacheBehavior [ RunTime:0.001225s ]
INFO: [ app_begin ] --END-- [ RunTime:0.001304s ]
SQL: SHOW COLUMNS FROM `t_car` [ RunTime:0.0111s ]
SQL: SELECT * FROM `t_car` WHERE ( status=0 ) ORDER BY create_time desc  [ RunTime:0.0005s ]
INFO: [ view_parse ] --START--
INFO: [ template_filter ] --START--
INFO: Run Behavior\ContentReplaceBehavior [ RunTime:0.000040s ]
INFO: [ template_filter ] --END-- [ RunTime:0.000091s ]
INFO: Run Behavior\ParseTemplateBehavior [ RunTime:0.009770s ]
INFO: [ view_parse ] --END-- [ RunTime:0.009862s ]
INFO: [ view_filter ] --START--
INFO: Run Behavior\WriteHtmlCacheBehavior [ RunTime:0.000944s ]
INFO: [ view_filter ] --END-- [ RunTime:0.001003s ]
INFO: [ app_end ] --START--
INFO: Run Behavior\ShowPageTraceBehavior [ RunTime:0.001193s ]
INFO: [ app_end ] --END-- [ RunTime:0.001235s ]

[ 2018-05-02T18:15:58+08:00 ] 127.0.0.1 /admin.php
INFO: [ app_init ] --START--
INFO: Run Behavior\BuildLiteBehavior [ RunTime:0.000020s ]
INFO: [ app_init ] --END-- [ RunTime:0.000751s ]
INFO: [ app_begin ] --START--
INFO: Run Behavior\ReadHtmlCacheBehavior [ RunTime:0.001515s ]
INFO: [ app_begin ] --END-- [ RunTime:0.001590s ]

[ 2018-05-02T18:15:58+08:00 ] 127.0.0.1 /admin.php/Car/add
INFO: [ app_init ] --START--
INFO: Run Behavior\BuildLiteBehavior [ RunTime:0.000055s ]
INFO: [ app_init ] --END-- [ RunTime:0.000861s ]
INFO: [ app_begin ] --START--
INFO: Run Behavior\ReadHtmlCacheBehavior [ RunTime:0.000977s ]
INFO: [ app_begin ] --END-- [ RunTime:0.001045s ]
INFO: [ view_parse ] --START--
INFO: [ template_filter ] --START--
INFO: Run Behavior\ContentReplaceBehavior [ RunTime:0.000034s ]
INFO: [ template_filter ] --END-- [ RunTime:0.000082s ]
INFO: Run Behavior\ParseTemplateBehavior [ RunTime:0.011607s ]
INFO: [ view_parse ] --END-- [ RunTime:0.011692s ]
INFO: [ view_filter ] --START--
INFO: Run Behavior\WriteHtmlCacheBehavior [ RunTime:0.001025s ]
INFO: [ view_filter ] --END-- [ RunTime:0.001084s ]
INFO: [ app_end ] --START--
INFO: Run Behavior\ShowPageTraceBehavior [ RunTime:0.001221s ]
INFO: [ app_end ] --END-- [ RunTime:0.001265s ]

[ 2018-05-02T18:16:01+08:00 ] 127.0.0.1 /admin.php/Car/update?id=9
INFO: [ app_init ] --START--
INFO: Run Behavior\BuildLiteBehavior [ RunTime:0.000027s ]
INFO: [ app_init ] --END-- [ RunTime:0.000866s ]
INFO: [ app_begin ] --START--
INFO: Run Behavior\ReadHtmlCacheBehavior [ RunTime:0.001600s ]
INFO: [ app_begin ] --END-- [ RunTime:0.001715s ]
SQL: SHOW COLUMNS FROM `t_car` [ RunTime:0.0101s ]
SQL: SELECT * FROM `t_car` WHERE ( id='9' ) LIMIT 1   [ RunTime:0.0003s ]
INFO: [ view_parse ] --START--
INFO: [ template_filter ] --START--
INFO: Run Behavior\ContentReplaceBehavior [ RunTime:0.000036s ]
INFO: [ template_filter ] --END-- [ RunTime:0.000084s ]
INFO: Run Behavior\ParseTemplateBehavior [ RunTime:0.010045s ]
INFO: [ view_parse ] --END-- [ RunTime:0.010114s ]
INFO: [ view_filter ] --START--
INFO: Run Behavior\WriteHtmlCacheBehavior [ RunTime:0.000967s ]
INFO: [ view_filter ] --END-- [ RunTime:0.001010s ]
INFO: [ app_end ] --START--
INFO: Run Behavior\ShowPageTraceBehavior [ RunTime:0.001167s ]
INFO: [ app_end ] --END-- [ RunTime:0.001224s ]

[ 2018-05-02T18:16:03+08:00 ] 127.0.0.1 /admin.php/Car/update?id=9
INFO: [ app_init ] --START--
INFO: Run Behavior\BuildLiteBehavior [ RunTime:0.000017s ]
INFO: [ app_init ] --END-- [ RunTime:0.000673s ]
INFO: [ app_begin ] --START--
INFO: Run Behavior\ReadHtmlCacheBehavior [ RunTime:0.000828s ]
INFO: [ app_begin ] --END-- [ RunTime:0.000881s ]
SQL: SHOW COLUMNS FROM `t_car` [ RunTime:0.0122s ]
SQL: SELECT * FROM `t_car` WHERE ( id='9' ) LIMIT 1   [ RunTime:0.0004s ]
INFO: [ view_parse ] --START--
INFO: [ template_filter ] --START--
INFO: Run Behavior\ContentReplaceBehavior [ RunTime:0.000035s ]
INFO: [ template_filter ] --END-- [ RunTime:0.000082s ]
INFO: Run Behavior\ParseTemplateBehavior [ RunTime:0.010356s ]
INFO: [ view_parse ] --END-- [ RunTime:0.010423s ]
INFO: [ view_filter ] --START--
INFO: Run Behavior\WriteHtmlCacheBehavior [ RunTime:0.000911s ]
INFO: [ view_filter ] --END-- [ RunTime:0.000952s ]
INFO: [ app_end ] --START--
INFO: Run Behavior\ShowPageTraceBehavior [ RunTime:0.001149s ]
INFO: [ app_end ] --END-- [ RunTime:0.001189s ]

[ 2018-05-02T18:16:07+08:00 ] 127.0.0.1 /admin.php/Car/update?id=9
INFO: [ app_init ] --START--
INFO: Run Behavior\BuildLiteBehavior [ RunTime:0.000015s ]
INFO: [ app_init ] --END-- [ RunTime:0.000465s ]
INFO: [ app_begin ] --START--
INFO: Run Behavior\ReadHtmlCacheBehavior [ RunTime:0.001766s ]
INFO: [ app_begin ] --END-- [ RunTime:0.001854s ]
SQL: SHOW COLUMNS FROM `t_car` [ RunTime:0.0110s ]
SQL: SELECT * FROM `t_car` WHERE ( id='9' ) LIMIT 1   [ RunTime:0.0003s ]
INFO: [ view_parse ] --START--
INFO: [ template_filter ] --START--
INFO: Run Behavior\ContentReplaceBehavior [ RunTime:0.000035s ]
INFO: [ template_filter ] --END-- [ RunTime:0.000082s ]
INFO: Run Behavior\ParseTemplateBehavior [ RunTime:0.010892s ]
INFO: [ view_parse ] --END-- [ RunTime:0.010954s ]
INFO: [ view_filter ] --START--
INFO: Run Behavior\WriteHtmlCacheBehavior [ RunTime:0.000931s ]
INFO: [ view_filter ] --END-- [ RunTime:0.000972s ]
INFO: [ app_end ] --START--
INFO: Run Behavior\ShowPageTraceBehavior [ RunTime:0.001146s ]
INFO: [ app_end ] --END-- [ RunTime:0.001187s ]

[ 2018-05-02T18:20:45+08:00 ] 127.0.0.1 /admin.php/Car/update?id=9
INFO: [ app_init ] --START--
INFO: Run Behavior\BuildLiteBehavior [ RunTime:0.000015s ]
INFO: [ app_init ] --END-- [ RunTime:0.000562s ]
INFO: [ app_begin ] --START--
INFO: Run Behavior\ReadHtmlCacheBehavior [ RunTime:0.001170s ]
INFO: [ app_begin ] --END-- [ RunTime:0.001231s ]
SQL: SHOW COLUMNS FROM `t_car` [ RunTime:0.0103s ]
SQL: SELECT * FROM `t_car` WHERE ( id='9' ) LIMIT 1   [ RunTime:0.0004s ]
INFO: [ view_parse ] --START--
INFO: [ template_filter ] --START--
INFO: Run Behavior\ContentReplaceBehavior [ RunTime:0.000035s ]
INFO: [ template_filter ] --END-- [ RunTime:0.000083s ]
INFO: Run Behavior\ParseTemplateBehavior [ RunTime:0.011344s ]
INFO: [ view_parse ] --END-- [ RunTime:0.011423s ]
INFO: [ view_filter ] --START--
INFO: Run Behavior\WriteHtmlCacheBehavior [ RunTime:0.000785s ]
INFO: [ view_filter ] --END-- [ RunTime:0.000825s ]
INFO: [ app_end ] --START--
INFO: Run Behavior\ShowPageTraceBehavior [ RunTime:0.001073s ]
INFO: [ app_end ] --END-- [ RunTime:0.001115s ]

[ 2018-05-02T18:20:52+08:00 ] 127.0.0.1 /admin.php/Car/updateCar
INFO: [ app_init ] --START--
INFO: Run Behavior\BuildLiteBehavior [ RunTime:0.000022s ]
INFO: [ app_init ] --END-- [ RunTime:0.000769s ]
INFO: [ app_begin ] --START--
INFO: Run Behavior\ReadHtmlCacheBehavior [ RunTime:0.001496s ]
INFO: [ app_begin ] --END-- [ RunTime:0.001610s ]
NOTIC: [8] Undefined index: province C:\phpStudy\PHPTutorial\WWW\php\car_system\Application\Admin\Controller\CarController.class.php 第 36 行.
NOTIC: [8] Undefined index: city C:\phpStudy\PHPTutorial\WWW\php\car_system\Application\Admin\Controller\CarController.class.php 第 36 行.
SQL: SHOW COLUMNS FROM `t_car` [ RunTime:0.0117s ]
SQL: SELECT `plate` FROM `t_car` WHERE ( status=0 ) ORDER BY create_time desc  [ RunTime:0.0003s ]
SQL: SELECT `frame` FROM `t_car` WHERE ( status=0 ) ORDER BY create_time desc  [ RunTime:0.0003s ]

[ 2018-05-02T18:21:18+08:00 ] 127.0.0.1 /admin.php/Index
INFO: [ app_init ] --START--
INFO: Run Behavior\BuildLiteBehavior [ RunTime:0.000142s ]
INFO: [ app_init ] --END-- [ RunTime:0.001331s ]
INFO: [ app_begin ] --START--
INFO: Run Behavior\ReadHtmlCacheBehavior [ RunTime:0.002044s ]
INFO: [ app_begin ] --END-- [ RunTime:0.002172s ]
INFO: [ view_parse ] --START--
INFO: [ template_filter ] --START--
INFO: Run Behavior\ContentReplaceBehavior [ RunTime:0.000042s ]
INFO: [ template_filter ] --END-- [ RunTime:0.000093s ]
INFO: Run Behavior\ParseTemplateBehavior [ RunTime:0.013254s ]
INFO: [ view_parse ] --END-- [ RunTime:0.013355s ]
INFO: [ view_filter ] --START--
INFO: Run Behavior\WriteHtmlCacheBehavior [ RunTime:0.000614s ]
INFO: [ view_filter ] --END-- [ RunTime:0.000666s ]
INFO: [ app_end ] --START--
INFO: Run Behavior\ShowPageTraceBehavior [ RunTime:0.000831s ]
INFO: [ app_end ] --END-- [ RunTime:0.000874s ]

[ 2018-05-02T18:21:18+08:00 ] 127.0.0.1 /admin.php/Order
INFO: [ app_init ] --START--
INFO: Run Behavior\BuildLiteBehavior [ RunTime:0.000026s ]
INFO: [ app_init ] --END-- [ RunTime:0.000816s ]
INFO: [ app_begin ] --START--
INFO: Run Behavior\ReadHtmlCacheBehavior [ RunTime:0.002629s ]
INFO: [ app_begin ] --END-- [ RunTime:0.002770s ]
SQL: SHOW COLUMNS FROM `t_order` [ RunTime:0.0143s ]
SQL: SELECT * FROM `t_order` WHERE ( status=0 ) ORDER BY order_status,create_time desc  [ RunTime:0.0007s ]
INFO: [ view_parse ] --START--
INFO: [ template_filter ] --START--
INFO: Run Behavior\ContentReplaceBehavior [ RunTime:0.000069s ]
INFO: [ template_filter ] --END-- [ RunTime:0.000147s ]
NOTIC: [8] Undefined variable: status C:\phpStudy\PHPTutorial\WWW\php\car_system\Application\Runtime\Cache\Admin\18bc66a7b6334412ab8e61a2539ecfbd.php 第 18 行.
NOTIC: [8] Undefined variable: status C:\phpStudy\PHPTutorial\WWW\php\car_system\Application\Runtime\Cache\Admin\18bc66a7b6334412ab8e61a2539ecfbd.php 第 21 行.
NOTIC: [8] Undefined variable: status C:\phpStudy\PHPTutorial\WWW\php\car_system\Application\Runtime\Cache\Admin\18bc66a7b6334412ab8e61a2539ecfbd.php 第 24 行.
NOTIC: [8] Undefined variable: searchTime C:\phpStudy\PHPTutorial\WWW\php\car_system\Application\Runtime\Cache\Admin\18bc66a7b6334412ab8e61a2539ecfbd.php 第 31 行.
INFO: Run Behavior\ParseTemplateBehavior [ RunTime:0.014734s ]
INFO: [ view_parse ] --END-- [ RunTime:0.014827s ]
INFO: [ view_filter ] --START--
INFO: Run Behavior\WriteHtmlCacheBehavior [ RunTime:0.000613s ]
INFO: [ view_filter ] --END-- [ RunTime:0.000652s ]
INFO: [ app_end ] --START--
INFO: Run Behavior\ShowPageTraceBehavior [ RunTime:0.000854s ]
INFO: [ app_end ] --END-- [ RunTime:0.000898s ]

[ 2018-05-02T18:21:20+08:00 ] 127.0.0.1 /admin.php/Car
INFO: [ app_init ] --START--
INFO: Run Behavior\BuildLiteBehavior [ RunTime:0.000014s ]
INFO: [ app_init ] --END-- [ RunTime:0.000444s ]
INFO: [ app_begin ] --START--
INFO: Run Behavior\ReadHtmlCacheBehavior [ RunTime:0.001117s ]
INFO: [ app_begin ] --END-- [ RunTime:0.001205s ]
SQL: SHOW COLUMNS FROM `t_car` [ RunTime:0.0109s ]
SQL: SELECT * FROM `t_car` WHERE ( status=0 ) ORDER BY create_time desc  [ RunTime:0.0004s ]
INFO: [ view_parse ] --START--
INFO: [ template_filter ] --START--
INFO: Run Behavior\ContentReplaceBehavior [ RunTime:0.000039s ]
INFO: [ template_filter ] --END-- [ RunTime:0.000088s ]
INFO: Run Behavior\ParseTemplateBehavior [ RunTime:0.010471s ]
INFO: [ view_parse ] --END-- [ RunTime:0.010536s ]
INFO: [ view_filter ] --START--
INFO: Run Behavior\WriteHtmlCacheBehavior [ RunTime:0.000581s ]
INFO: [ view_filter ] --END-- [ RunTime:0.000622s ]
INFO: [ app_end ] --START--
INFO: Run Behavior\ShowPageTraceBehavior [ RunTime:0.000801s ]
INFO: [ app_end ] --END-- [ RunTime:0.000853s ]

[ 2018-05-02T18:21:21+08:00 ] 127.0.0.1 /admin.php/Car/update?id=9
INFO: [ app_init ] --START--
INFO: Run Behavior\BuildLiteBehavior [ RunTime:0.000014s ]
INFO: [ app_init ] --END-- [ RunTime:0.000436s ]
INFO: [ app_begin ] --START--
INFO: Run Behavior\ReadHtmlCacheBehavior [ RunTime:0.001952s ]
INFO: [ app_begin ] --END-- [ RunTime:0.002138s ]
SQL: SHOW COLUMNS FROM `t_car` [ RunTime:0.0114s ]
SQL: SELECT * FROM `t_car` WHERE ( id='9' ) LIMIT 1   [ RunTime:0.0003s ]
INFO: [ view_parse ] --START--
INFO: [ template_filter ] --START--
INFO: Run Behavior\ContentReplaceBehavior [ RunTime:0.000061s ]
INFO: [ template_filter ] --END-- [ RunTime:0.000143s ]
INFO: Run Behavior\ParseTemplateBehavior [ RunTime:0.016011s ]
INFO: [ view_parse ] --END-- [ RunTime:0.016115s ]
INFO: [ view_filter ] --START--
INFO: Run Behavior\WriteHtmlCacheBehavior [ RunTime:0.001559s ]
INFO: [ view_filter ] --END-- [ RunTime:0.001640s ]
INFO: [ app_end ] --START--
INFO: Run Behavior\ShowPageTraceBehavior [ RunTime:0.001443s ]
INFO: [ app_end ] --END-- [ RunTime:0.001509s ]

[ 2018-05-02T18:21:27+08:00 ] 127.0.0.1 /admin.php/Car/updateCar
INFO: [ app_init ] --START--
INFO: Run Behavior\BuildLiteBehavior [ RunTime:0.000045s ]
INFO: [ app_init ] --END-- [ RunTime:0.001026s ]
INFO: [ app_begin ] --START--
INFO: Run Behavior\ReadHtmlCacheBehavior [ RunTime:0.002041s ]
INFO: [ app_begin ] --END-- [ RunTime:0.002140s ]
NOTIC: [8] Undefined index: province C:\phpStudy\PHPTutorial\WWW\php\car_system\Application\Admin\Controller\CarController.class.php 第 36 行.
NOTIC: [8] Undefined index: city C:\phpStudy\PHPTutorial\WWW\php\car_system\Application\Admin\Controller\CarController.class.php 第 36 行.
SQL: SHOW COLUMNS FROM `t_car` [ RunTime:0.0119s ]
SQL: UPDATE `t_car` SET `number`='C09461',`plate`='66667',`frame`='221BL52P7TR115522',`update_time`='2018-05-02 18:21:27' WHERE `id` = 9 [ RunTime:0.0032s ]
SQL: SHOW COLUMNS FROM `t_log` [ RunTime:0.0111s ]
SQL: INSERT INTO `t_log` (`user`,`log`,`time`) VALUES ('admin','修改车辆编号为：C09461 的车辆','2018-05-02 18:21:27') [ RunTime:0.0024s ]

[ 2018-05-02T18:21:28+08:00 ] 127.0.0.1 /admin.php/Car
INFO: [ app_init ] --START--
INFO: Run Behavior\BuildLiteBehavior [ RunTime:0.000018s ]
INFO: [ app_init ] --END-- [ RunTime:0.000757s ]
INFO: [ app_begin ] --START--
INFO: Run Behavior\ReadHtmlCacheBehavior [ RunTime:0.000888s ]
INFO: [ app_begin ] --END-- [ RunTime:0.000944s ]
SQL: SHOW COLUMNS FROM `t_car` [ RunTime:0.0110s ]
SQL: SELECT * FROM `t_car` WHERE ( status=0 ) ORDER BY create_time desc  [ RunTime:0.0004s ]
INFO: [ view_parse ] --START--
INFO: [ template_filter ] --START--
INFO: Run Behavior\ContentReplaceBehavior [ RunTime:0.000040s ]
INFO: [ template_filter ] --END-- [ RunTime:0.000090s ]
INFO: Run Behavior\ParseTemplateBehavior [ RunTime:0.009542s ]
INFO: [ view_parse ] --END-- [ RunTime:0.009610s ]
INFO: [ view_filter ] --START--
INFO: Run Behavior\WriteHtmlCacheBehavior [ RunTime:0.000874s ]
INFO: [ view_filter ] --END-- [ RunTime:0.000928s ]
INFO: [ app_end ] --START--
INFO: Run Behavior\ShowPageTraceBehavior [ RunTime:0.000955s ]
INFO: [ app_end ] --END-- [ RunTime:0.000997s ]

[ 2018-05-02T18:21:58+08:00 ] 127.0.0.1 /admin.php/Car/update?id=9
INFO: [ app_init ] --START--
INFO: Run Behavior\BuildLiteBehavior [ RunTime:0.000053s ]
INFO: [ app_init ] --END-- [ RunTime:0.000970s ]
INFO: [ app_begin ] --START--
INFO: Run Behavior\ReadHtmlCacheBehavior [ RunTime:0.001498s ]
INFO: [ app_begin ] --END-- [ RunTime:0.001638s ]
SQL: SHOW COLUMNS FROM `t_car` [ RunTime:0.0119s ]
SQL: SELECT * FROM `t_car` WHERE ( id='9' ) LIMIT 1   [ RunTime:0.0003s ]
INFO: [ view_parse ] --START--
INFO: [ template_filter ] --START--
INFO: Run Behavior\ContentReplaceBehavior [ RunTime:0.000037s ]
INFO: [ template_filter ] --END-- [ RunTime:0.000098s ]
INFO: Run Behavior\ParseTemplateBehavior [ RunTime:0.010551s ]
INFO: [ view_parse ] --END-- [ RunTime:0.010617s ]
INFO: [ view_filter ] --START--
INFO: Run Behavior\WriteHtmlCacheBehavior [ RunTime:0.000632s ]
INFO: [ view_filter ] --END-- [ RunTime:0.000673s ]
INFO: [ app_end ] --START--
INFO: Run Behavior\ShowPageTraceBehavior [ RunTime:0.000857s ]
INFO: [ app_end ] --END-- [ RunTime:0.000899s ]

[ 2018-05-02T18:22:00+08:00 ] 127.0.0.1 /admin.php/Car
INFO: [ app_init ] --START--
INFO: Run Behavior\BuildLiteBehavior [ RunTime:0.000031s ]
INFO: [ app_init ] --END-- [ RunTime:0.001034s ]
INFO: [ app_begin ] --START--
INFO: Run Behavior\ReadHtmlCacheBehavior [ RunTime:0.001398s ]
INFO: [ app_begin ] --END-- [ RunTime:0.001485s ]
SQL: SHOW COLUMNS FROM `t_car` [ RunTime:0.0112s ]
SQL: SELECT * FROM `t_car` WHERE ( status=0 ) ORDER BY create_time desc  [ RunTime:0.0005s ]
INFO: [ view_parse ] --START--
INFO: [ template_filter ] --START--
INFO: Run Behavior\ContentReplaceBehavior [ RunTime:0.000039s ]
INFO: [ template_filter ] --END-- [ RunTime:0.000089s ]
INFO: Run Behavior\ParseTemplateBehavior [ RunTime:0.010056s ]
INFO: [ view_parse ] --END-- [ RunTime:0.010131s ]
INFO: [ view_filter ] --START--
INFO: Run Behavior\WriteHtmlCacheBehavior [ RunTime:0.000629s ]
INFO: [ view_filter ] --END-- [ RunTime:0.000672s ]
INFO: [ app_end ] --START--
INFO: Run Behavior\ShowPageTraceBehavior [ RunTime:0.000850s ]
INFO: [ app_end ] --END-- [ RunTime:0.000891s ]

[ 2018-05-02T18:22:02+08:00 ] 127.0.0.1 /admin.php/Car/update?id=9
INFO: [ app_init ] --START--
INFO: Run Behavior\BuildLiteBehavior [ RunTime:0.000017s ]
INFO: [ app_init ] --END-- [ RunTime:0.000512s ]
INFO: [ app_begin ] --START--
INFO: Run Behavior\ReadHtmlCacheBehavior [ RunTime:0.001497s ]
INFO: [ app_begin ] --END-- [ RunTime:0.001807s ]
SQL: SHOW COLUMNS FROM `t_car` [ RunTime:0.0117s ]
SQL: SELECT * FROM `t_car` WHERE ( id='9' ) LIMIT 1   [ RunTime:0.0004s ]
INFO: [ view_parse ] --START--
INFO: [ template_filter ] --START--
INFO: Run Behavior\ContentReplaceBehavior [ RunTime:0.000034s ]
INFO: [ template_filter ] --END-- [ RunTime:0.000082s ]
INFO: Run Behavior\ParseTemplateBehavior [ RunTime:0.010990s ]
INFO: [ view_parse ] --END-- [ RunTime:0.011062s ]
INFO: [ view_filter ] --START--
INFO: Run Behavior\WriteHtmlCacheBehavior [ RunTime:0.000584s ]
INFO: [ view_filter ] --END-- [ RunTime:0.000624s ]
INFO: [ app_end ] --START--
INFO: Run Behavior\ShowPageTraceBehavior [ RunTime:0.000820s ]
INFO: [ app_end ] --END-- [ RunTime:0.000861s ]

[ 2018-05-02T18:22:03+08:00 ] 127.0.0.1 /admin.php/Car
INFO: [ app_init ] --START--
INFO: Run Behavior\BuildLiteBehavior [ RunTime:0.000028s ]
INFO: [ app_init ] --END-- [ RunTime:0.000857s ]
INFO: [ app_begin ] --START--
INFO: Run Behavior\ReadHtmlCacheBehavior [ RunTime:0.001500s ]
INFO: [ app_begin ] --END-- [ RunTime:0.001602s ]
SQL: SHOW COLUMNS FROM `t_car` [ RunTime:0.0119s ]
SQL: SELECT * FROM `t_car` WHERE ( status=0 ) ORDER BY create_time desc  [ RunTime:0.0004s ]
INFO: [ view_parse ] --START--
INFO: [ template_filter ] --START--
INFO: Run Behavior\ContentReplaceBehavior [ RunTime:0.000042s ]
INFO: [ template_filter ] --END-- [ RunTime:0.000100s ]
INFO: Run Behavior\ParseTemplateBehavior [ RunTime:0.009979s ]
INFO: [ view_parse ] --END-- [ RunTime:0.010043s ]
INFO: [ view_filter ] --START--
INFO: Run Behavior\WriteHtmlCacheBehavior [ RunTime:0.000561s ]
INFO: [ view_filter ] --END-- [ RunTime:0.000600s ]
INFO: [ app_end ] --START--
INFO: Run Behavior\ShowPageTraceBehavior [ RunTime:0.000963s ]
INFO: [ app_end ] --END-- [ RunTime:0.001006s ]

[ 2018-05-02T18:22:05+08:00 ] 127.0.0.1 /admin.php/Car/update?id=9
INFO: [ app_init ] --START--
INFO: Run Behavior\BuildLiteBehavior [ RunTime:0.000017s ]
INFO: [ app_init ] --END-- [ RunTime:0.000612s ]
INFO: [ app_begin ] --START--
INFO: Run Behavior\ReadHtmlCacheBehavior [ RunTime:0.000972s ]
INFO: [ app_begin ] --END-- [ RunTime:0.001036s ]
SQL: SHOW COLUMNS FROM `t_car` [ RunTime:0.0116s ]
SQL: SELECT * FROM `t_car` WHERE ( id='9' ) LIMIT 1   [ RunTime:0.0004s ]
INFO: [ view_parse ] --START--
INFO: [ template_filter ] --START--
INFO: Run Behavior\ContentReplaceBehavior [ RunTime:0.000051s ]
INFO: [ template_filter ] --END-- [ RunTime:0.000116s ]
INFO: Run Behavior\ParseTemplateBehavior [ RunTime:0.010807s ]
INFO: [ view_parse ] --END-- [ RunTime:0.010868s ]
INFO: [ view_filter ] --START--
INFO: Run Behavior\WriteHtmlCacheBehavior [ RunTime:0.000597s ]
INFO: [ view_filter ] --END-- [ RunTime:0.000639s ]
INFO: [ app_end ] --START--
INFO: Run Behavior\ShowPageTraceBehavior [ RunTime:0.000804s ]
INFO: [ app_end ] --END-- [ RunTime:0.000846s ]

[ 2018-05-02T18:24:36+08:00 ] 127.0.0.1 /admin.php/Index
INFO: [ app_init ] --START--
INFO: Run Behavior\BuildLiteBehavior [ RunTime:0.000018s ]
INFO: [ app_init ] --END-- [ RunTime:0.000653s ]
INFO: [ app_begin ] --START--
INFO: Run Behavior\ReadHtmlCacheBehavior [ RunTime:0.002651s ]
INFO: [ app_begin ] --END-- [ RunTime:0.002716s ]
INFO: [ view_parse ] --START--
INFO: [ template_filter ] --START--
INFO: Run Behavior\ContentReplaceBehavior [ RunTime:0.000042s ]
INFO: [ template_filter ] --END-- [ RunTime:0.000096s ]
INFO: Run Behavior\ParseTemplateBehavior [ RunTime:0.011247s ]
INFO: [ view_parse ] --END-- [ RunTime:0.011329s ]
INFO: [ view_filter ] --START--
INFO: Run Behavior\WriteHtmlCacheBehavior [ RunTime:0.001340s ]
INFO: [ view_filter ] --END-- [ RunTime:0.001390s ]
INFO: [ app_end ] --START--
INFO: Run Behavior\ShowPageTraceBehavior [ RunTime:0.001755s ]
INFO: [ app_end ] --END-- [ RunTime:0.001822s ]

[ 2018-05-02T18:24:36+08:00 ] 127.0.0.1 /admin.php/Order
INFO: [ app_init ] --START--
INFO: Run Behavior\BuildLiteBehavior [ RunTime:0.000020s ]
INFO: [ app_init ] --END-- [ RunTime:0.000565s ]
INFO: [ app_begin ] --START--
INFO: Run Behavior\ReadHtmlCacheBehavior [ RunTime:0.001667s ]
INFO: [ app_begin ] --END-- [ RunTime:0.001751s ]
SQL: SHOW COLUMNS FROM `t_order` [ RunTime:0.0113s ]
SQL: SELECT * FROM `t_order` WHERE ( status=0 ) ORDER BY order_status,create_time desc  [ RunTime:0.0004s ]
INFO: [ view_parse ] --START--
INFO: [ template_filter ] --START--
INFO: Run Behavior\ContentReplaceBehavior [ RunTime:0.000054s ]
INFO: [ template_filter ] --END-- [ RunTime:0.000119s ]
NOTIC: [8] Undefined variable: status C:\phpStudy\PHPTutorial\WWW\php\car_system\Application\Runtime\Cache\Admin\18bc66a7b6334412ab8e61a2539ecfbd.php 第 18 行.
NOTIC: [8] Undefined variable: status C:\phpStudy\PHPTutorial\WWW\php\car_system\Application\Runtime\Cache\Admin\18bc66a7b6334412ab8e61a2539ecfbd.php 第 21 行.
NOTIC: [8] Undefined variable: status C:\phpStudy\PHPTutorial\WWW\php\car_system\Application\Runtime\Cache\Admin\18bc66a7b6334412ab8e61a2539ecfbd.php 第 24 行.
NOTIC: [8] Undefined variable: searchTime C:\phpStudy\PHPTutorial\WWW\php\car_system\Application\Runtime\Cache\Admin\18bc66a7b6334412ab8e61a2539ecfbd.php 第 31 行.
INFO: Run Behavior\ParseTemplateBehavior [ RunTime:0.013305s ]
INFO: [ view_parse ] --END-- [ RunTime:0.013364s ]
INFO: [ view_filter ] --START--
INFO: Run Behavior\WriteHtmlCacheBehavior [ RunTime:0.000610s ]
INFO: [ view_filter ] --END-- [ RunTime:0.000650s ]
INFO: [ app_end ] --START--
INFO: Run Behavior\ShowPageTraceBehavior [ RunTime:0.000852s ]
INFO: [ app_end ] --END-- [ RunTime:0.000895s ]

[ 2018-05-02T18:24:37+08:00 ] 127.0.0.1 /admin.php/Driver
INFO: [ app_init ] --START--
INFO: Run Behavior\BuildLiteBehavior [ RunTime:0.000016s ]
INFO: [ app_init ] --END-- [ RunTime:0.000582s ]
INFO: [ app_begin ] --START--
INFO: Run Behavior\ReadHtmlCacheBehavior [ RunTime:0.001152s ]
INFO: [ app_begin ] --END-- [ RunTime:0.001206s ]
SQL: SHOW COLUMNS FROM `t_driver` [ RunTime:0.0113s ]
SQL: SELECT * FROM `t_driver` WHERE ( status=0 ) ORDER BY create_time desc  [ RunTime:0.0005s ]
INFO: [ view_parse ] --START--
INFO: [ template_filter ] --START--
INFO: Run Behavior\ContentReplaceBehavior [ RunTime:0.000038s ]
INFO: [ template_filter ] --END-- [ RunTime:0.000087s ]
INFO: Run Behavior\ParseTemplateBehavior [ RunTime:0.011282s ]
INFO: [ view_parse ] --END-- [ RunTime:0.011349s ]
INFO: [ view_filter ] --START--
INFO: Run Behavior\WriteHtmlCacheBehavior [ RunTime:0.001021s ]
INFO: [ view_filter ] --END-- [ RunTime:0.001063s ]
INFO: [ app_end ] --START--
INFO: Run Behavior\ShowPageTraceBehavior [ RunTime:0.001316s ]
INFO: [ app_end ] --END-- [ RunTime:0.001361s ]

[ 2018-05-02T18:24:38+08:00 ] 127.0.0.1 /admin.php/Car
INFO: [ app_init ] --START--
INFO: Run Behavior\BuildLiteBehavior [ RunTime:0.000015s ]
INFO: [ app_init ] --END-- [ RunTime:0.000448s ]
INFO: [ app_begin ] --START--
INFO: Run Behavior\ReadHtmlCacheBehavior [ RunTime:0.000829s ]
INFO: [ app_begin ] --END-- [ RunTime:0.000906s ]
SQL: SHOW COLUMNS FROM `t_car` [ RunTime:0.0110s ]
SQL: SELECT * FROM `t_car` WHERE ( status=0 ) ORDER BY create_time desc  [ RunTime:0.0004s ]
INFO: [ view_parse ] --START--
INFO: [ template_filter ] --START--
INFO: Run Behavior\ContentReplaceBehavior [ RunTime:0.000038s ]
INFO: [ template_filter ] --END-- [ RunTime:0.000086s ]
INFO: Run Behavior\ParseTemplateBehavior [ RunTime:0.009446s ]
INFO: [ view_parse ] --END-- [ RunTime:0.009509s ]
INFO: [ view_filter ] --START--
INFO: Run Behavior\WriteHtmlCacheBehavior [ RunTime:0.001235s ]
INFO: [ view_filter ] --END-- [ RunTime:0.001301s ]
INFO: [ app_end ] --START--
INFO: Run Behavior\ShowPageTraceBehavior [ RunTime:0.002014s ]
INFO: [ app_end ] --END-- [ RunTime:0.002063s ]

[ 2018-05-02T18:24:40+08:00 ] 127.0.0.1 /admin.php/Car/update?id=9
INFO: [ app_init ] --START--
INFO: Run Behavior\BuildLiteBehavior [ RunTime:0.000015s ]
INFO: [ app_init ] --END-- [ RunTime:0.000462s ]
INFO: [ app_begin ] --START--
INFO: Run Behavior\ReadHtmlCacheBehavior [ RunTime:0.000900s ]
INFO: [ app_begin ] --END-- [ RunTime:0.000961s ]
SQL: SHOW COLUMNS FROM `t_car` [ RunTime:0.0109s ]
SQL: SELECT * FROM `t_car` WHERE ( id='9' ) LIMIT 1   [ RunTime:0.0003s ]
INFO: [ view_parse ] --START--
INFO: [ template_filter ] --START--
INFO: Run Behavior\ContentReplaceBehavior [ RunTime:0.000035s ]
INFO: [ template_filter ] --END-- [ RunTime:0.000082s ]
INFO: Run Behavior\ParseTemplateBehavior [ RunTime:0.010462s ]
INFO: [ view_parse ] --END-- [ RunTime:0.010523s ]
INFO: [ view_filter ] --START--
INFO: Run Behavior\WriteHtmlCacheBehavior [ RunTime:0.001060s ]
INFO: [ view_filter ] --END-- [ RunTime:0.001102s ]
INFO: [ app_end ] --START--
INFO: Run Behavior\ShowPageTraceBehavior [ RunTime:0.001259s ]
INFO: [ app_end ] --END-- [ RunTime:0.001300s ]

[ 2018-05-02T18:25:37+08:00 ] 127.0.0.1 /admin.php/Index
INFO: [ app_init ] --START--
INFO: Run Behavior\BuildLiteBehavior [ RunTime:0.000016s ]
INFO: [ app_init ] --END-- [ RunTime:0.000552s ]
INFO: [ app_begin ] --START--
INFO: Run Behavior\ReadHtmlCacheBehavior [ RunTime:0.000834s ]
INFO: [ app_begin ] --END-- [ RunTime:0.000888s ]
INFO: [ view_parse ] --START--
INFO: [ template_filter ] --START--
INFO: Run Behavior\ContentReplaceBehavior [ RunTime:0.000042s ]
INFO: [ template_filter ] --END-- [ RunTime:0.000093s ]
INFO: Run Behavior\ParseTemplateBehavior [ RunTime:0.009843s ]
INFO: [ view_parse ] --END-- [ RunTime:0.009922s ]
INFO: [ view_filter ] --START--
INFO: Run Behavior\WriteHtmlCacheBehavior [ RunTime:0.001310s ]
INFO: [ view_filter ] --END-- [ RunTime:0.001358s ]
INFO: [ app_end ] --START--
INFO: Run Behavior\ShowPageTraceBehavior [ RunTime:0.001278s ]
INFO: [ app_end ] --END-- [ RunTime:0.001319s ]

[ 2018-05-02T18:25:37+08:00 ] 127.0.0.1 /admin.php/Order
INFO: [ app_init ] --START--
INFO: Run Behavior\BuildLiteBehavior [ RunTime:0.000023s ]
INFO: [ app_init ] --END-- [ RunTime:0.000777s ]
INFO: [ app_begin ] --START--
INFO: Run Behavior\ReadHtmlCacheBehavior [ RunTime:0.001050s ]
INFO: [ app_begin ] --END-- [ RunTime:0.001137s ]
SQL: SHOW COLUMNS FROM `t_order` [ RunTime:0.0134s ]
SQL: SELECT * FROM `t_order` WHERE ( status=0 ) ORDER BY order_status,create_time desc  [ RunTime:0.0005s ]
INFO: [ view_parse ] --START--
INFO: [ template_filter ] --START--
INFO: Run Behavior\ContentReplaceBehavior [ RunTime:0.000165s ]
INFO: [ template_filter ] --END-- [ RunTime:0.000406s ]
NOTIC: [8] Undefined variable: status C:\phpStudy\PHPTutorial\WWW\php\car_system\Application\Runtime\Cache\Admin\18bc66a7b6334412ab8e61a2539ecfbd.php 第 18 行.
NOTIC: [8] Undefined variable: status C:\phpStudy\PHPTutorial\WWW\php\car_system\Application\Runtime\Cache\Admin\18bc66a7b6334412ab8e61a2539ecfbd.php 第 21 行.
NOTIC: [8] Undefined variable: status C:\phpStudy\PHPTutorial\WWW\php\car_system\Application\Runtime\Cache\Admin\18bc66a7b6334412ab8e61a2539ecfbd.php 第 24 行.
NOTIC: [8] Undefined variable: searchTime C:\phpStudy\PHPTutorial\WWW\php\car_system\Application\Runtime\Cache\Admin\18bc66a7b6334412ab8e61a2539ecfbd.php 第 31 行.
INFO: Run Behavior\ParseTemplateBehavior [ RunTime:0.013281s ]
INFO: [ view_parse ] --END-- [ RunTime:0.013334s ]
INFO: [ view_filter ] --START--
INFO: Run Behavior\WriteHtmlCacheBehavior [ RunTime:0.001099s ]
INFO: [ view_filter ] --END-- [ RunTime:0.001139s ]
INFO: [ app_end ] --START--
INFO: Run Behavior\ShowPageTraceBehavior [ RunTime:0.001272s ]
INFO: [ app_end ] --END-- [ RunTime:0.001314s ]

[ 2018-05-02T18:25:38+08:00 ] 127.0.0.1 /admin.php/Car
INFO: [ app_init ] --START--
INFO: Run Behavior\BuildLiteBehavior [ RunTime:0.000016s ]
INFO: [ app_init ] --END-- [ RunTime:0.000742s ]
INFO: [ app_begin ] --START--
INFO: Run Behavior\ReadHtmlCacheBehavior [ RunTime:0.001663s ]
INFO: [ app_begin ] --END-- [ RunTime:0.001736s ]
SQL: SHOW COLUMNS FROM `t_car` [ RunTime:0.0104s ]
SQL: SELECT * FROM `t_car` WHERE ( status=0 ) ORDER BY create_time desc  [ RunTime:0.0004s ]
INFO: [ view_parse ] --START--
INFO: [ template_filter ] --START--
INFO: Run Behavior\ContentReplaceBehavior [ RunTime:0.000037s ]
INFO: [ template_filter ] --END-- [ RunTime:0.000085s ]
INFO: Run Behavior\ParseTemplateBehavior [ RunTime:0.010977s ]
INFO: [ view_parse ] --END-- [ RunTime:0.011042s ]
INFO: [ view_filter ] --START--
INFO: Run Behavior\WriteHtmlCacheBehavior [ RunTime:0.001008s ]
INFO: [ view_filter ] --END-- [ RunTime:0.001073s ]
INFO: [ app_end ] --START--
INFO: Run Behavior\ShowPageTraceBehavior [ RunTime:0.001249s ]
INFO: [ app_end ] --END-- [ RunTime:0.001289s ]

[ 2018-05-02T18:25:40+08:00 ] 127.0.0.1 /admin.php/Car/update?id=9
INFO: [ app_init ] --START--
INFO: Run Behavior\BuildLiteBehavior [ RunTime:0.000018s ]
INFO: [ app_init ] --END-- [ RunTime:0.000524s ]
INFO: [ app_begin ] --START--
INFO: Run Behavior\ReadHtmlCacheBehavior [ RunTime:0.000964s ]
INFO: [ app_begin ] --END-- [ RunTime:0.001027s ]
SQL: SHOW COLUMNS FROM `t_car` [ RunTime:0.0118s ]
SQL: SELECT * FROM `t_car` WHERE ( id='9' ) LIMIT 1   [ RunTime:0.0003s ]
INFO: [ view_parse ] --START--
INFO: [ template_filter ] --START--
INFO: Run Behavior\ContentReplaceBehavior [ RunTime:0.000043s ]
INFO: [ template_filter ] --END-- [ RunTime:0.000103s ]
INFO: Run Behavior\ParseTemplateBehavior [ RunTime:0.013184s ]
INFO: [ view_parse ] --END-- [ RunTime:0.013260s ]
INFO: [ view_filter ] --START--
INFO: Run Behavior\WriteHtmlCacheBehavior [ RunTime:0.001301s ]
INFO: [ view_filter ] --END-- [ RunTime:0.001361s ]
INFO: [ app_end ] --START--
INFO: Run Behavior\ShowPageTraceBehavior [ RunTime:0.001550s ]
INFO: [ app_end ] --END-- [ RunTime:0.001602s ]

[ 2018-05-02T18:25:45+08:00 ] 127.0.0.1 /admin.php/Car/updateCar
INFO: [ app_init ] --START--
INFO: Run Behavior\BuildLiteBehavior [ RunTime:0.000029s ]
INFO: [ app_init ] --END-- [ RunTime:0.000638s ]
INFO: [ app_begin ] --START--
INFO: Run Behavior\ReadHtmlCacheBehavior [ RunTime:0.000989s ]
INFO: [ app_begin ] --END-- [ RunTime:0.001052s ]

[ 2018-05-02T18:25:46+08:00 ] 127.0.0.1 /admin.php/Car/updateCar
INFO: [ app_init ] --START--
INFO: Run Behavior\BuildLiteBehavior [ RunTime:0.000017s ]
INFO: [ app_init ] --END-- [ RunTime:0.000522s ]
INFO: [ app_begin ] --START--
INFO: Run Behavior\ReadHtmlCacheBehavior [ RunTime:0.000980s ]
INFO: [ app_begin ] --END-- [ RunTime:0.001040s ]

[ 2018-05-02T18:25:46+08:00 ] 127.0.0.1 /admin.php/Car/updateCar
INFO: [ app_init ] --START--
INFO: Run Behavior\BuildLiteBehavior [ RunTime:0.000018s ]
INFO: [ app_init ] --END-- [ RunTime:0.000534s ]
INFO: [ app_begin ] --START--
INFO: Run Behavior\ReadHtmlCacheBehavior [ RunTime:0.000883s ]
INFO: [ app_begin ] --END-- [ RunTime:0.000963s ]

[ 2018-05-02T18:25:46+08:00 ] 127.0.0.1 /admin.php/Car/updateCar
INFO: [ app_init ] --START--
INFO: Run Behavior\BuildLiteBehavior [ RunTime:0.000017s ]
INFO: [ app_init ] --END-- [ RunTime:0.000529s ]
INFO: [ app_begin ] --START--
INFO: Run Behavior\ReadHtmlCacheBehavior [ RunTime:0.000970s ]
INFO: [ app_begin ] --END-- [ RunTime:0.001031s ]

[ 2018-05-02T18:25:47+08:00 ] 127.0.0.1 /admin.php/Car/updateCar
INFO: [ app_init ] --START--
INFO: Run Behavior\BuildLiteBehavior [ RunTime:0.000018s ]
INFO: [ app_init ] --END-- [ RunTime:0.000537s ]
INFO: [ app_begin ] --START--
INFO: Run Behavior\ReadHtmlCacheBehavior [ RunTime:0.000981s ]
INFO: [ app_begin ] --END-- [ RunTime:0.001046s ]

[ 2018-05-02T18:25:49+08:00 ] 127.0.0.1 /admin.php/Car/updateCar
INFO: [ app_init ] --START--
INFO: Run Behavior\BuildLiteBehavior [ RunTime:0.000025s ]
INFO: [ app_init ] --END-- [ RunTime:0.000793s ]
INFO: [ app_begin ] --START--
INFO: Run Behavior\ReadHtmlCacheBehavior [ RunTime:0.001214s ]
INFO: [ app_begin ] --END-- [ RunTime:0.001286s ]

[ 2018-05-02T18:25:49+08:00 ] 127.0.0.1 /admin.php/Car/updateCar
INFO: [ app_init ] --START--
INFO: Run Behavior\BuildLiteBehavior [ RunTime:0.000018s ]
INFO: [ app_init ] --END-- [ RunTime:0.001110s ]
INFO: [ app_begin ] --START--
INFO: Run Behavior\ReadHtmlCacheBehavior [ RunTime:0.000841s ]
INFO: [ app_begin ] --END-- [ RunTime:0.000893s ]

[ 2018-05-02T18:27:05+08:00 ] 127.0.0.1 /admin.php/Index
INFO: [ app_init ] --START--
INFO: Run Behavior\BuildLiteBehavior [ RunTime:0.000016s ]
INFO: [ app_init ] --END-- [ RunTime:0.000487s ]
INFO: [ app_begin ] --START--
INFO: Run Behavior\ReadHtmlCacheBehavior [ RunTime:0.000864s ]
INFO: [ app_begin ] --END-- [ RunTime:0.000922s ]
INFO: [ view_parse ] --START--
INFO: [ template_filter ] --START--
INFO: Run Behavior\ContentReplaceBehavior [ RunTime:0.000090s ]
INFO: [ template_filter ] --END-- [ RunTime:0.000259s ]
INFO: Run Behavior\ParseTemplateBehavior [ RunTime:0.014459s ]
INFO: [ view_parse ] --END-- [ RunTime:0.014550s ]
INFO: [ view_filter ] --START--
INFO: Run Behavior\WriteHtmlCacheBehavior [ RunTime:0.001108s ]
INFO: [ view_filter ] --END-- [ RunTime:0.001152s ]
INFO: [ app_end ] --START--
INFO: Run Behavior\ShowPageTraceBehavior [ RunTime:0.001726s ]
INFO: [ app_end ] --END-- [ RunTime:0.001786s ]

[ 2018-05-02T18:27:05+08:00 ] 127.0.0.1 /admin.php/Order
INFO: [ app_init ] --START--
INFO: Run Behavior\BuildLiteBehavior [ RunTime:0.000044s ]
INFO: [ app_init ] --END-- [ RunTime:0.002772s ]
INFO: [ app_begin ] --START--
INFO: Run Behavior\ReadHtmlCacheBehavior [ RunTime:0.001016s ]
INFO: [ app_begin ] --END-- [ RunTime:0.001090s ]
SQL: SHOW COLUMNS FROM `t_order` [ RunTime:0.0127s ]
SQL: SELECT * FROM `t_order` WHERE ( status=0 ) ORDER BY order_status,create_time desc  [ RunTime:0.0005s ]
INFO: [ view_parse ] --START--
INFO: [ template_filter ] --START--
INFO: Run Behavior\ContentReplaceBehavior [ RunTime:0.000071s ]
INFO: [ template_filter ] --END-- [ RunTime:0.000135s ]
NOTIC: [8] Undefined variable: status C:\phpStudy\PHPTutorial\WWW\php\car_system\Application\Runtime\Cache\Admin\18bc66a7b6334412ab8e61a2539ecfbd.php 第 18 行.
NOTIC: [8] Undefined variable: status C:\phpStudy\PHPTutorial\WWW\php\car_system\Application\Runtime\Cache\Admin\18bc66a7b6334412ab8e61a2539ecfbd.php 第 21 行.
NOTIC: [8] Undefined variable: status C:\phpStudy\PHPTutorial\WWW\php\car_system\Application\Runtime\Cache\Admin\18bc66a7b6334412ab8e61a2539ecfbd.php 第 24 行.
NOTIC: [8] Undefined variable: searchTime C:\phpStudy\PHPTutorial\WWW\php\car_system\Application\Runtime\Cache\Admin\18bc66a7b6334412ab8e61a2539ecfbd.php 第 31 行.
INFO: Run Behavior\ParseTemplateBehavior [ RunTime:0.016645s ]
INFO: [ view_parse ] --END-- [ RunTime:0.016710s ]
INFO: [ view_filter ] --START--
INFO: Run Behavior\WriteHtmlCacheBehavior [ RunTime:0.001065s ]
INFO: [ view_filter ] --END-- [ RunTime:0.001106s ]
INFO: [ app_end ] --START--
INFO: Run Behavior\ShowPageTraceBehavior [ RunTime:0.001351s ]
INFO: [ app_end ] --END-- [ RunTime:0.001398s ]

[ 2018-05-02T18:27:07+08:00 ] 127.0.0.1 /admin.php/Car
INFO: [ app_init ] --START--
INFO: Run Behavior\BuildLiteBehavior [ RunTime:0.000016s ]
INFO: [ app_init ] --END-- [ RunTime:0.000565s ]
INFO: [ app_begin ] --START--
INFO: Run Behavior\ReadHtmlCacheBehavior [ RunTime:0.002701s ]
INFO: [ app_begin ] --END-- [ RunTime:0.002782s ]
SQL: SHOW COLUMNS FROM `t_car` [ RunTime:0.0114s ]
SQL: SELECT * FROM `t_car` WHERE ( status=0 ) ORDER BY create_time desc  [ RunTime:0.0004s ]
INFO: [ view_parse ] --START--
INFO: [ template_filter ] --START--
INFO: Run Behavior\ContentReplaceBehavior [ RunTime:0.000037s ]
INFO: [ template_filter ] --END-- [ RunTime:0.000085s ]
INFO: Run Behavior\ParseTemplateBehavior [ RunTime:0.011266s ]
INFO: [ view_parse ] --END-- [ RunTime:0.011330s ]
INFO: [ view_filter ] --START--
INFO: Run Behavior\WriteHtmlCacheBehavior [ RunTime:0.001012s ]
INFO: [ view_filter ] --END-- [ RunTime:0.001052s ]
INFO: [ app_end ] --START--
INFO: Run Behavior\ShowPageTraceBehavior [ RunTime:0.001273s ]
INFO: [ app_end ] --END-- [ RunTime:0.001311s ]

[ 2018-05-02T18:27:10+08:00 ] 127.0.0.1 /admin.php/Car/update?id=9
INFO: [ app_init ] --START--
INFO: Run Behavior\BuildLiteBehavior [ RunTime:0.000019s ]
INFO: [ app_init ] --END-- [ RunTime:0.000827s ]
INFO: [ app_begin ] --START--
INFO: Run Behavior\ReadHtmlCacheBehavior [ RunTime:0.000852s ]
INFO: [ app_begin ] --END-- [ RunTime:0.000907s ]
SQL: SHOW COLUMNS FROM `t_car` [ RunTime:0.0114s ]
SQL: SELECT * FROM `t_car` WHERE ( id='9' ) LIMIT 1   [ RunTime:0.0005s ]
INFO: [ view_parse ] --START--
INFO: [ template_filter ] --START--
INFO: Run Behavior\ContentReplaceBehavior [ RunTime:0.000034s ]
INFO: [ template_filter ] --END-- [ RunTime:0.000082s ]
INFO: Run Behavior\ParseTemplateBehavior [ RunTime:0.010248s ]
INFO: [ view_parse ] --END-- [ RunTime:0.010315s ]
INFO: [ view_filter ] --START--
INFO: Run Behavior\WriteHtmlCacheBehavior [ RunTime:0.001033s ]
INFO: [ view_filter ] --END-- [ RunTime:0.001074s ]
INFO: [ app_end ] --START--
INFO: Run Behavior\ShowPageTraceBehavior [ RunTime:0.001270s ]
INFO: [ app_end ] --END-- [ RunTime:0.001312s ]

[ 2018-05-02T18:27:24+08:00 ] 127.0.0.1 /admin.php/Car/updateCar
INFO: [ app_init ] --START--
INFO: Run Behavior\BuildLiteBehavior [ RunTime:0.000019s ]
INFO: [ app_init ] --END-- [ RunTime:0.000663s ]
INFO: [ app_begin ] --START--
INFO: Run Behavior\ReadHtmlCacheBehavior [ RunTime:0.000826s ]
INFO: [ app_begin ] --END-- [ RunTime:0.000880s ]
SQL: SHOW COLUMNS FROM `t_car` [ RunTime:0.0113s ]
SQL: UPDATE `t_car` SET `number`='C09461',`plate`='豫J55555',`frame`='221BL52P7TR115522',`update_time`='2018-05-02 18:27:23' WHERE `id` = 9 [ RunTime:0.0027s ]
SQL: SHOW COLUMNS FROM `t_log` [ RunTime:0.0107s ]
SQL: INSERT INTO `t_log` (`user`,`log`,`time`) VALUES ('admin','修改车辆编号为：C09461 的车辆','2018-05-02 18:27:23') [ RunTime:0.0028s ]

[ 2018-05-02T18:27:25+08:00 ] 127.0.0.1 /admin.php/Car
INFO: [ app_init ] --START--
INFO: Run Behavior\BuildLiteBehavior [ RunTime:0.000021s ]
INFO: [ app_init ] --END-- [ RunTime:0.000552s ]
INFO: [ app_begin ] --START--
INFO: Run Behavior\ReadHtmlCacheBehavior [ RunTime:0.000902s ]
INFO: [ app_begin ] --END-- [ RunTime:0.000963s ]
SQL: SHOW COLUMNS FROM `t_car` [ RunTime:0.0108s ]
SQL: SELECT * FROM `t_car` WHERE ( status=0 ) ORDER BY create_time desc  [ RunTime:0.0004s ]
INFO: [ view_parse ] --START--
INFO: [ template_filter ] --START--
INFO: Run Behavior\ContentReplaceBehavior [ RunTime:0.000038s ]
INFO: [ template_filter ] --END-- [ RunTime:0.000083s ]
INFO: Run Behavior\ParseTemplateBehavior [ RunTime:0.009907s ]
INFO: [ view_parse ] --END-- [ RunTime:0.009981s ]
INFO: [ view_filter ] --START--
INFO: Run Behavior\WriteHtmlCacheBehavior [ RunTime:0.001586s ]
INFO: [ view_filter ] --END-- [ RunTime:0.001655s ]
INFO: [ app_end ] --START--
INFO: Run Behavior\ShowPageTraceBehavior [ RunTime:0.001582s ]
INFO: [ app_end ] --END-- [ RunTime:0.001643s ]

[ 2018-05-02T18:27:28+08:00 ] 127.0.0.1 /admin.php/Car/update?id=9
INFO: [ app_init ] --START--
INFO: Run Behavior\BuildLiteBehavior [ RunTime:0.000016s ]
INFO: [ app_init ] --END-- [ RunTime:0.000577s ]
INFO: [ app_begin ] --START--
INFO: Run Behavior\ReadHtmlCacheBehavior [ RunTime:0.000828s ]
INFO: [ app_begin ] --END-- [ RunTime:0.000882s ]
SQL: SHOW COLUMNS FROM `t_car` [ RunTime:0.0115s ]
SQL: SELECT * FROM `t_car` WHERE ( id='9' ) LIMIT 1   [ RunTime:0.0003s ]
INFO: [ view_parse ] --START--
INFO: [ template_filter ] --START--
INFO: Run Behavior\ContentReplaceBehavior [ RunTime:0.000038s ]
INFO: [ template_filter ] --END-- [ RunTime:0.000101s ]
INFO: Run Behavior\ParseTemplateBehavior [ RunTime:0.010481s ]
INFO: [ view_parse ] --END-- [ RunTime:0.010551s ]
INFO: [ view_filter ] --START--
INFO: Run Behavior\WriteHtmlCacheBehavior [ RunTime:0.001090s ]
INFO: [ view_filter ] --END-- [ RunTime:0.001144s ]
INFO: [ app_end ] --START--
INFO: Run Behavior\ShowPageTraceBehavior [ RunTime:0.001288s ]
INFO: [ app_end ] --END-- [ RunTime:0.001331s ]

[ 2018-05-02T18:27:34+08:00 ] 127.0.0.1 /admin.php/Car/updateCar
INFO: [ app_init ] --START--
INFO: Run Behavior\BuildLiteBehavior [ RunTime:0.000026s ]
INFO: [ app_init ] --END-- [ RunTime:0.000953s ]
INFO: [ app_begin ] --START--
INFO: Run Behavior\ReadHtmlCacheBehavior [ RunTime:0.001217s ]
INFO: [ app_begin ] --END-- [ RunTime:0.001325s ]
SQL: SHOW COLUMNS FROM `t_car` [ RunTime:0.0122s ]
SQL: UPDATE `t_car` SET `number`='C09461',`plate`='滇C55555',`frame`='221BL52P7TR115522',`update_time`='2018-05-02 18:27:34' WHERE `id` = 9 [ RunTime:0.0025s ]
SQL: SHOW COLUMNS FROM `t_log` [ RunTime:0.0113s ]
SQL: INSERT INTO `t_log` (`user`,`log`,`time`) VALUES ('admin','修改车辆编号为：C09461 的车辆','2018-05-02 18:27:34') [ RunTime:0.0034s ]

[ 2018-05-02T18:27:34+08:00 ] 127.0.0.1 /admin.php/Car
INFO: [ app_init ] --START--
INFO: Run Behavior\BuildLiteBehavior [ RunTime:0.000036s ]
INFO: [ app_init ] --END-- [ RunTime:0.001063s ]
INFO: [ app_begin ] --START--
INFO: Run Behavior\ReadHtmlCacheBehavior [ RunTime:0.000879s ]
INFO: [ app_begin ] --END-- [ RunTime:0.000941s ]
SQL: SHOW COLUMNS FROM `t_car` [ RunTime:0.0117s ]
SQL: SELECT * FROM `t_car` WHERE ( status=0 ) ORDER BY create_time desc  [ RunTime:0.0004s ]
INFO: [ view_parse ] --START--
INFO: [ template_filter ] --START--
INFO: Run Behavior\ContentReplaceBehavior [ RunTime:0.000042s ]
INFO: [ template_filter ] --END-- [ RunTime:0.000099s ]
INFO: Run Behavior\ParseTemplateBehavior [ RunTime:0.011422s ]
INFO: [ view_parse ] --END-- [ RunTime:0.011508s ]
INFO: [ view_filter ] --START--
INFO: Run Behavior\WriteHtmlCacheBehavior [ RunTime:0.001269s ]
INFO: [ view_filter ] --END-- [ RunTime:0.001323s ]
INFO: [ app_end ] --START--
INFO: Run Behavior\ShowPageTraceBehavior [ RunTime:0.001304s ]
INFO: [ app_end ] --END-- [ RunTime:0.001345s ]

[ 2018-05-02T18:27:38+08:00 ] 127.0.0.1 /admin.php/Car/update?id=8
INFO: [ app_init ] --START--
INFO: Run Behavior\BuildLiteBehavior [ RunTime:0.000015s ]
INFO: [ app_init ] --END-- [ RunTime:0.000475s ]
INFO: [ app_begin ] --START--
INFO: Run Behavior\ReadHtmlCacheBehavior [ RunTime:0.002451s ]
INFO: [ app_begin ] --END-- [ RunTime:0.002533s ]
SQL: SHOW COLUMNS FROM `t_car` [ RunTime:0.0115s ]
SQL: SELECT * FROM `t_car` WHERE ( id='8' ) LIMIT 1   [ RunTime:0.0003s ]
INFO: [ view_parse ] --START--
INFO: [ template_filter ] --START--
INFO: Run Behavior\ContentReplaceBehavior [ RunTime:0.000037s ]
INFO: [ template_filter ] --END-- [ RunTime:0.000089s ]
INFO: Run Behavior\ParseTemplateBehavior [ RunTime:0.010361s ]
INFO: [ view_parse ] --END-- [ RunTime:0.010426s ]
INFO: [ view_filter ] --START--
INFO: Run Behavior\WriteHtmlCacheBehavior [ RunTime:0.001086s ]
INFO: [ view_filter ] --END-- [ RunTime:0.001129s ]
INFO: [ app_end ] --START--
INFO: Run Behavior\ShowPageTraceBehavior [ RunTime:0.001307s ]
INFO: [ app_end ] --END-- [ RunTime:0.001349s ]

[ 2018-05-02T18:27:45+08:00 ] 127.0.0.1 /admin.php/Car/updateCar
INFO: [ app_init ] --START--
INFO: Run Behavior\BuildLiteBehavior [ RunTime:0.000021s ]
INFO: [ app_init ] --END-- [ RunTime:0.000747s ]
INFO: [ app_begin ] --START--
INFO: Run Behavior\ReadHtmlCacheBehavior [ RunTime:0.000846s ]
INFO: [ app_begin ] --END-- [ RunTime:0.000904s ]
SQL: SHOW COLUMNS FROM `t_car` [ RunTime:0.0117s ]
SQL: UPDATE `t_car` SET `number`='C02554',`plate`='粤A11111',`frame`='111BL52P7TR115521',`update_time`='2018-05-02 18:27:45' WHERE `id` = 8 [ RunTime:0.0027s ]
SQL: SHOW COLUMNS FROM `t_log` [ RunTime:0.0105s ]
SQL: INSERT INTO `t_log` (`user`,`log`,`time`) VALUES ('admin','修改车辆编号为：C02554 的车辆','2018-05-02 18:27:45') [ RunTime:0.0025s ]

[ 2018-05-02T18:27:46+08:00 ] 127.0.0.1 /admin.php/Car
INFO: [ app_init ] --START--
INFO: Run Behavior\BuildLiteBehavior [ RunTime:0.000021s ]
INFO: [ app_init ] --END-- [ RunTime:0.000648s ]
INFO: [ app_begin ] --START--
INFO: Run Behavior\ReadHtmlCacheBehavior [ RunTime:0.001183s ]
INFO: [ app_begin ] --END-- [ RunTime:0.001266s ]
SQL: SHOW COLUMNS FROM `t_car` [ RunTime:0.0110s ]
SQL: SELECT * FROM `t_car` WHERE ( status=0 ) ORDER BY create_time desc  [ RunTime:0.0004s ]
INFO: [ view_parse ] --START--
INFO: [ template_filter ] --START--
INFO: Run Behavior\ContentReplaceBehavior [ RunTime:0.000039s ]
INFO: [ template_filter ] --END-- [ RunTime:0.000088s ]
INFO: Run Behavior\ParseTemplateBehavior [ RunTime:0.009755s ]
INFO: [ view_parse ] --END-- [ RunTime:0.009826s ]
INFO: [ view_filter ] --START--
INFO: Run Behavior\WriteHtmlCacheBehavior [ RunTime:0.001095s ]
INFO: [ view_filter ] --END-- [ RunTime:0.001144s ]
INFO: [ app_end ] --START--
INFO: Run Behavior\ShowPageTraceBehavior [ RunTime:0.001403s ]
INFO: [ app_end ] --END-- [ RunTime:0.001462s ]

[ 2018-05-02T18:31:48+08:00 ] 127.0.0.1 /admin.php/Car/update?id=9
INFO: [ app_init ] --START--
INFO: Run Behavior\BuildLiteBehavior [ RunTime:0.000015s ]
INFO: [ app_init ] --END-- [ RunTime:0.000561s ]
INFO: [ app_begin ] --START--
INFO: Run Behavior\ReadHtmlCacheBehavior [ RunTime:0.001140s ]
INFO: [ app_begin ] --END-- [ RunTime:0.001196s ]
SQL: SHOW COLUMNS FROM `t_car` [ RunTime:0.0105s ]
SQL: SELECT * FROM `t_car` WHERE ( id='9' ) LIMIT 1   [ RunTime:0.0004s ]
INFO: [ view_parse ] --START--
INFO: [ template_filter ] --START--
INFO: Run Behavior\ContentReplaceBehavior [ RunTime:0.000035s ]
INFO: [ template_filter ] --END-- [ RunTime:0.000082s ]
INFO: Run Behavior\ParseTemplateBehavior [ RunTime:0.011585s ]
INFO: [ view_parse ] --END-- [ RunTime:0.011651s ]
INFO: [ view_filter ] --START--
INFO: Run Behavior\WriteHtmlCacheBehavior [ RunTime:0.001068s ]
INFO: [ view_filter ] --END-- [ RunTime:0.001111s ]
INFO: [ app_end ] --START--
INFO: Run Behavior\ShowPageTraceBehavior [ RunTime:0.001320s ]
INFO: [ app_end ] --END-- [ RunTime:0.001363s ]

[ 2018-05-02T18:31:57+08:00 ] 127.0.0.1 /admin.php/Car/updateCar
INFO: [ app_init ] --START--
INFO: Run Behavior\BuildLiteBehavior [ RunTime:0.000020s ]
INFO: [ app_init ] --END-- [ RunTime:0.000620s ]
INFO: [ app_begin ] --START--
INFO: Run Behavior\ReadHtmlCacheBehavior [ RunTime:0.001812s ]
INFO: [ app_begin ] --END-- [ RunTime:0.001979s ]
SQL: SHOW COLUMNS FROM `t_car` [ RunTime:0.0118s ]
ERR: 1062:Duplicate entry '粤A11111' for key 'plate'
 [ SQL语句 ] : UPDATE `t_car` SET `number`='C09461',`plate`='粤A11111',`frame`='221BL52P7TR115522',`update_time`='2018-05-02 18:31:57' WHERE `id` = 9
ERR: 1062:Duplicate entry '粤A11111' for key 'plate'
 [ SQL语句 ] : UPDATE `t_car` SET `number`='C09461',`plate`='粤A11111',`frame`='221BL52P7TR115522',`update_time`='2018-05-02 18:31:57' WHERE `id` = 9

[ 2018-05-02T18:32:17+08:00 ] 127.0.0.1 /admin.php/Car/updateCar
INFO: [ app_init ] --START--
INFO: Run Behavior\BuildLiteBehavior [ RunTime:0.000025s ]
INFO: [ app_init ] --END-- [ RunTime:0.001221s ]
INFO: [ app_begin ] --START--
INFO: Run Behavior\ReadHtmlCacheBehavior [ RunTime:0.001130s ]
INFO: [ app_begin ] --END-- [ RunTime:0.001220s ]
NOTIC: [8] Undefined index: province C:\phpStudy\PHPTutorial\WWW\php\car_system\Application\Admin\Controller\CarController.class.php 第 36 行.
NOTIC: [8] Undefined index: city C:\phpStudy\PHPTutorial\WWW\php\car_system\Application\Admin\Controller\CarController.class.php 第 36 行.
NOTIC: [8] Undefined index: plate C:\phpStudy\PHPTutorial\WWW\php\car_system\Application\Admin\Controller\CarController.class.php 第 36 行.
SQL: SHOW COLUMNS FROM `t_car` [ RunTime:0.0150s ]

[ 2018-05-02T18:34:44+08:00 ] 127.0.0.1 /admin.php/Car/updateCar
INFO: [ app_init ] --START--
INFO: Run Behavior\BuildLiteBehavior [ RunTime:0.000017s ]
INFO: [ app_init ] --END-- [ RunTime:0.000606s ]
INFO: [ app_begin ] --START--
INFO: Run Behavior\ReadHtmlCacheBehavior [ RunTime:0.001392s ]
INFO: [ app_begin ] --END-- [ RunTime:0.001452s ]
SQL: SHOW COLUMNS FROM `t_car` [ RunTime:0.0107s ]
ERR: 1062:Duplicate entry '粤A11111' for key 'plate'
 [ SQL语句 ] : UPDATE `t_car` SET `number`='C09461',`plate`='粤A11111',`frame`='221BL52P7TR115522',`update_time`='2018-05-02 18:34:44' WHERE `id` = 9
ERR: 1062:Duplicate entry '粤A11111' for key 'plate'
 [ SQL语句 ] : UPDATE `t_car` SET `number`='C09461',`plate`='粤A11111',`frame`='221BL52P7TR115522',`update_time`='2018-05-02 18:34:44' WHERE `id` = 9

[ 2018-05-02T18:35:26+08:00 ] 127.0.0.1 /admin.php/Index
INFO: [ app_init ] --START--
INFO: Run Behavior\BuildLiteBehavior [ RunTime:0.000040s ]
INFO: [ app_init ] --END-- [ RunTime:0.001241s ]
INFO: [ app_begin ] --START--
INFO: Run Behavior\ReadHtmlCacheBehavior [ RunTime:0.001811s ]
INFO: [ app_begin ] --END-- [ RunTime:0.001933s ]
INFO: [ view_parse ] --START--
INFO: [ template_filter ] --START--
INFO: Run Behavior\ContentReplaceBehavior [ RunTime:0.000048s ]
INFO: [ template_filter ] --END-- [ RunTime:0.000108s ]
INFO: Run Behavior\ParseTemplateBehavior [ RunTime:0.022348s ]
INFO: [ view_parse ] --END-- [ RunTime:0.022448s ]
INFO: [ view_filter ] --START--
INFO: Run Behavior\WriteHtmlCacheBehavior [ RunTime:0.001141s ]
INFO: [ view_filter ] --END-- [ RunTime:0.001185s ]
INFO: [ app_end ] --START--
INFO: Run Behavior\ShowPageTraceBehavior [ RunTime:0.001357s ]
INFO: [ app_end ] --END-- [ RunTime:0.001402s ]

[ 2018-05-02T18:35:26+08:00 ] 127.0.0.1 /admin.php/Order
INFO: [ app_init ] --START--
INFO: Run Behavior\BuildLiteBehavior [ RunTime:0.000031s ]
INFO: [ app_init ] --END-- [ RunTime:0.002703s ]
INFO: [ app_begin ] --START--
INFO: Run Behavior\ReadHtmlCacheBehavior [ RunTime:0.001248s ]
INFO: [ app_begin ] --END-- [ RunTime:0.001392s ]
SQL: SHOW COLUMNS FROM `t_order` [ RunTime:0.0146s ]
SQL: SELECT * FROM `t_order` WHERE ( status=0 ) ORDER BY order_status,create_time desc  [ RunTime:0.0006s ]
INFO: [ view_parse ] --START--
INFO: [ template_filter ] --START--
INFO: Run Behavior\ContentReplaceBehavior [ RunTime:0.000050s ]
INFO: [ template_filter ] --END-- [ RunTime:0.000099s ]
NOTIC: [8] Undefined variable: status C:\phpStudy\PHPTutorial\WWW\php\car_system\Application\Runtime\Cache\Admin\18bc66a7b6334412ab8e61a2539ecfbd.php 第 18 行.
NOTIC: [8] Undefined variable: status C:\phpStudy\PHPTutorial\WWW\php\car_system\Application\Runtime\Cache\Admin\18bc66a7b6334412ab8e61a2539ecfbd.php 第 21 行.
NOTIC: [8] Undefined variable: status C:\phpStudy\PHPTutorial\WWW\php\car_system\Application\Runtime\Cache\Admin\18bc66a7b6334412ab8e61a2539ecfbd.php 第 24 行.
NOTIC: [8] Undefined variable: searchTime C:\phpStudy\PHPTutorial\WWW\php\car_system\Application\Runtime\Cache\Admin\18bc66a7b6334412ab8e61a2539ecfbd.php 第 31 行.
INFO: Run Behavior\ParseTemplateBehavior [ RunTime:0.014022s ]
INFO: [ view_parse ] --END-- [ RunTime:0.014080s ]
INFO: [ view_filter ] --START--
INFO: Run Behavior\WriteHtmlCacheBehavior [ RunTime:0.001064s ]
INFO: [ view_filter ] --END-- [ RunTime:0.001104s ]
INFO: [ app_end ] --START--
INFO: Run Behavior\ShowPageTraceBehavior [ RunTime:0.001304s ]
INFO: [ app_end ] --END-- [ RunTime:0.001347s ]

[ 2018-05-02T18:35:27+08:00 ] 127.0.0.1 /admin.php/Car
INFO: [ app_init ] --START--
INFO: Run Behavior\BuildLiteBehavior [ RunTime:0.000016s ]
INFO: [ app_init ] --END-- [ RunTime:0.000591s ]
INFO: [ app_begin ] --START--
INFO: Run Behavior\ReadHtmlCacheBehavior [ RunTime:0.001126s ]
INFO: [ app_begin ] --END-- [ RunTime:0.001182s ]
SQL: SHOW COLUMNS FROM `t_car` [ RunTime:0.0106s ]
SQL: SELECT * FROM `t_car` WHERE ( status=0 ) ORDER BY create_time desc  [ RunTime:0.0004s ]
INFO: [ view_parse ] --START--
INFO: [ template_filter ] --START--
INFO: Run Behavior\ContentReplaceBehavior [ RunTime:0.000037s ]
INFO: [ template_filter ] --END-- [ RunTime:0.000083s ]
INFO: Run Behavior\ParseTemplateBehavior [ RunTime:0.010677s ]
INFO: [ view_parse ] --END-- [ RunTime:0.010739s ]
INFO: [ view_filter ] --START--
INFO: Run Behavior\WriteHtmlCacheBehavior [ RunTime:0.001019s ]
INFO: [ view_filter ] --END-- [ RunTime:0.001060s ]
INFO: [ app_end ] --START--
INFO: Run Behavior\ShowPageTraceBehavior [ RunTime:0.001259s ]
INFO: [ app_end ] --END-- [ RunTime:0.001311s ]

[ 2018-05-02T18:35:33+08:00 ] 127.0.0.1 /admin.php/Car/update?id=8
INFO: [ app_init ] --START--
INFO: Run Behavior\BuildLiteBehavior [ RunTime:0.000036s ]
INFO: [ app_init ] --END-- [ RunTime:0.000896s ]
INFO: [ app_begin ] --START--
INFO: Run Behavior\ReadHtmlCacheBehavior [ RunTime:0.001450s ]
INFO: [ app_begin ] --END-- [ RunTime:0.001540s ]
SQL: SHOW COLUMNS FROM `t_car` [ RunTime:0.0109s ]
SQL: SELECT * FROM `t_car` WHERE ( id='8' ) LIMIT 1   [ RunTime:0.0003s ]
INFO: [ view_parse ] --START--
INFO: [ template_filter ] --START--
INFO: Run Behavior\ContentReplaceBehavior [ RunTime:0.000036s ]
INFO: [ template_filter ] --END-- [ RunTime:0.000087s ]
INFO: Run Behavior\ParseTemplateBehavior [ RunTime:0.011063s ]
INFO: [ view_parse ] --END-- [ RunTime:0.011140s ]
INFO: [ view_filter ] --START--
INFO: Run Behavior\WriteHtmlCacheBehavior [ RunTime:0.000947s ]
INFO: [ view_filter ] --END-- [ RunTime:0.000990s ]
INFO: [ app_end ] --START--
INFO: Run Behavior\ShowPageTraceBehavior [ RunTime:0.001180s ]
INFO: [ app_end ] --END-- [ RunTime:0.001228s ]

[ 2018-05-02T18:35:41+08:00 ] 127.0.0.1 /admin.php/Car/updateCar
INFO: [ app_init ] --START--
INFO: Run Behavior\BuildLiteBehavior [ RunTime:0.000018s ]
INFO: [ app_init ] --END-- [ RunTime:0.000800s ]
INFO: [ app_begin ] --START--
INFO: Run Behavior\ReadHtmlCacheBehavior [ RunTime:0.000982s ]
INFO: [ app_begin ] --END-- [ RunTime:0.001046s ]
SQL: SHOW COLUMNS FROM `t_car` [ RunTime:0.0115s ]
ERR: 1062:Duplicate entry '京A00000' for key 'plate'
 [ SQL语句 ] : UPDATE `t_car` SET `number`='C02554',`plate`='京A00000',`frame`='111BL52P7TR115521',`update_time`='2018-05-02 18:35:41' WHERE `id` = 8
ERR: 1062:Duplicate entry '京A00000' for key 'plate'
 [ SQL语句 ] : UPDATE `t_car` SET `number`='C02554',`plate`='京A00000',`frame`='111BL52P7TR115521',`update_time`='2018-05-02 18:35:41' WHERE `id` = 8

[ 2018-05-02T18:47:06+08:00 ] 127.0.0.1 /admin.php/Index
INFO: [ app_init ] --START--
INFO: Run Behavior\BuildLiteBehavior [ RunTime:0.000025s ]
INFO: [ app_init ] --END-- [ RunTime:0.000585s ]
INFO: [ app_begin ] --START--
INFO: Run Behavior\ReadHtmlCacheBehavior [ RunTime:0.001162s ]
INFO: [ app_begin ] --END-- [ RunTime:0.001220s ]
INFO: [ view_parse ] --START--
INFO: [ template_filter ] --START--
INFO: Run Behavior\ContentReplaceBehavior [ RunTime:0.000044s ]
INFO: [ template_filter ] --END-- [ RunTime:0.000097s ]
INFO: Run Behavior\ParseTemplateBehavior [ RunTime:0.015027s ]
INFO: [ view_parse ] --END-- [ RunTime:0.015115s ]
INFO: [ view_filter ] --START--
INFO: Run Behavior\WriteHtmlCacheBehavior [ RunTime:0.001024s ]
INFO: [ view_filter ] --END-- [ RunTime:0.001063s ]
INFO: [ app_end ] --START--
INFO: Run Behavior\ShowPageTraceBehavior [ RunTime:0.001271s ]
INFO: [ app_end ] --END-- [ RunTime:0.001313s ]

[ 2018-05-02T18:47:06+08:00 ] 127.0.0.1 /admin.php/Order
INFO: [ app_init ] --START--
INFO: Run Behavior\BuildLiteBehavior [ RunTime:0.000019s ]
INFO: [ app_init ] --END-- [ RunTime:0.000631s ]
INFO: [ app_begin ] --START--
INFO: Run Behavior\ReadHtmlCacheBehavior [ RunTime:0.001860s ]
INFO: [ app_begin ] --END-- [ RunTime:0.001998s ]
SQL: SHOW COLUMNS FROM `t_order` [ RunTime:0.0148s ]
SQL: SELECT * FROM `t_order` WHERE ( status=0 ) ORDER BY order_status,create_time desc  [ RunTime:0.0005s ]
INFO: [ view_parse ] --START--
INFO: [ template_filter ] --START--
INFO: Run Behavior\ContentReplaceBehavior [ RunTime:0.000106s ]
INFO: [ template_filter ] --END-- [ RunTime:0.000211s ]
NOTIC: [8] Undefined variable: status C:\phpStudy\PHPTutorial\WWW\php\car_system\Application\Runtime\Cache\Admin\18bc66a7b6334412ab8e61a2539ecfbd.php 第 18 行.
NOTIC: [8] Undefined variable: status C:\phpStudy\PHPTutorial\WWW\php\car_system\Application\Runtime\Cache\Admin\18bc66a7b6334412ab8e61a2539ecfbd.php 第 21 行.
NOTIC: [8] Undefined variable: status C:\phpStudy\PHPTutorial\WWW\php\car_system\Application\Runtime\Cache\Admin\18bc66a7b6334412ab8e61a2539ecfbd.php 第 24 行.
NOTIC: [8] Undefined variable: searchTime C:\phpStudy\PHPTutorial\WWW\php\car_system\Application\Runtime\Cache\Admin\18bc66a7b6334412ab8e61a2539ecfbd.php 第 31 行.
INFO: Run Behavior\ParseTemplateBehavior [ RunTime:0.015690s ]
INFO: [ view_parse ] --END-- [ RunTime:0.015749s ]
INFO: [ view_filter ] --START--
INFO: Run Behavior\WriteHtmlCacheBehavior [ RunTime:0.001298s ]
INFO: [ view_filter ] --END-- [ RunTime:0.001350s ]
INFO: [ app_end ] --START--
INFO: Run Behavior\ShowPageTraceBehavior [ RunTime:0.001328s ]
INFO: [ app_end ] --END-- [ RunTime:0.001379s ]

[ 2018-05-02T18:47:07+08:00 ] 127.0.0.1 /admin.php/Index
INFO: [ app_init ] --START--
INFO: Run Behavior\BuildLiteBehavior [ RunTime:0.000031s ]
INFO: [ app_init ] --END-- [ RunTime:0.001973s ]
INFO: [ app_begin ] --START--
INFO: Run Behavior\ReadHtmlCacheBehavior [ RunTime:0.001080s ]
INFO: [ app_begin ] --END-- [ RunTime:0.001171s ]
INFO: [ view_parse ] --START--
INFO: [ template_filter ] --START--
INFO: Run Behavior\ContentReplaceBehavior [ RunTime:0.000081s ]
INFO: [ template_filter ] --END-- [ RunTime:0.000188s ]
INFO: Run Behavior\ParseTemplateBehavior [ RunTime:0.013212s ]
INFO: [ view_parse ] --END-- [ RunTime:0.013293s ]
INFO: [ view_filter ] --START--
INFO: Run Behavior\WriteHtmlCacheBehavior [ RunTime:0.001053s ]
INFO: [ view_filter ] --END-- [ RunTime:0.001095s ]
INFO: [ app_end ] --START--
INFO: Run Behavior\ShowPageTraceBehavior [ RunTime:0.001259s ]
INFO: [ app_end ] --END-- [ RunTime:0.001303s ]

[ 2018-05-02T18:47:07+08:00 ] 127.0.0.1 /admin.php/Order
INFO: [ app_init ] --START--
INFO: Run Behavior\BuildLiteBehavior [ RunTime:0.000024s ]
INFO: [ app_init ] --END-- [ RunTime:0.000771s ]
INFO: [ app_begin ] --START--
INFO: Run Behavior\ReadHtmlCacheBehavior [ RunTime:0.000920s ]
INFO: [ app_begin ] --END-- [ RunTime:0.000984s ]
SQL: SHOW COLUMNS FROM `t_order` [ RunTime:0.0161s ]
SQL: SELECT * FROM `t_order` WHERE ( status=0 ) ORDER BY order_status,create_time desc  [ RunTime:0.0004s ]
INFO: [ view_parse ] --START--
INFO: [ template_filter ] --START--
INFO: Run Behavior\ContentReplaceBehavior [ RunTime:0.000050s ]
INFO: [ template_filter ] --END-- [ RunTime:0.000107s ]
NOTIC: [8] Undefined variable: status C:\phpStudy\PHPTutorial\WWW\php\car_system\Application\Runtime\Cache\Admin\18bc66a7b6334412ab8e61a2539ecfbd.php 第 18 行.
NOTIC: [8] Undefined variable: status C:\phpStudy\PHPTutorial\WWW\php\car_system\Application\Runtime\Cache\Admin\18bc66a7b6334412ab8e61a2539ecfbd.php 第 21 行.
NOTIC: [8] Undefined variable: status C:\phpStudy\PHPTutorial\WWW\php\car_system\Application\Runtime\Cache\Admin\18bc66a7b6334412ab8e61a2539ecfbd.php 第 24 行.
NOTIC: [8] Undefined variable: searchTime C:\phpStudy\PHPTutorial\WWW\php\car_system\Application\Runtime\Cache\Admin\18bc66a7b6334412ab8e61a2539ecfbd.php 第 31 行.
INFO: Run Behavior\ParseTemplateBehavior [ RunTime:0.018214s ]
INFO: [ view_parse ] --END-- [ RunTime:0.018288s ]
INFO: [ view_filter ] --START--
INFO: Run Behavior\WriteHtmlCacheBehavior [ RunTime:0.004218s ]
INFO: [ view_filter ] --END-- [ RunTime:0.004278s ]
INFO: [ app_end ] --START--
INFO: Run Behavior\ShowPageTraceBehavior [ RunTime:0.001407s ]
INFO: [ app_end ] --END-- [ RunTime:0.001466s ]

[ 2018-05-02T18:47:13+08:00 ] 127.0.0.1 /admin.php/Car
INFO: [ app_init ] --START--
INFO: Run Behavior\BuildLiteBehavior [ RunTime:0.000031s ]
INFO: [ app_init ] --END-- [ RunTime:0.000787s ]
INFO: [ app_begin ] --START--
INFO: Run Behavior\ReadHtmlCacheBehavior [ RunTime:0.001047s ]
INFO: [ app_begin ] --END-- [ RunTime:0.001123s ]
SQL: SHOW COLUMNS FROM `t_car` [ RunTime:0.0119s ]
SQL: SELECT * FROM `t_car` WHERE ( status=0 ) ORDER BY create_time desc  [ RunTime:0.0004s ]
INFO: [ view_parse ] --START--
INFO: [ template_filter ] --START--
INFO: Run Behavior\ContentReplaceBehavior [ RunTime:0.000040s ]
INFO: [ template_filter ] --END-- [ RunTime:0.000089s ]
INFO: Run Behavior\ParseTemplateBehavior [ RunTime:0.010280s ]
INFO: [ view_parse ] --END-- [ RunTime:0.010358s ]
INFO: [ view_filter ] --START--
INFO: Run Behavior\WriteHtmlCacheBehavior [ RunTime:0.000968s ]
INFO: [ view_filter ] --END-- [ RunTime:0.001011s ]
INFO: [ app_end ] --START--
INFO: Run Behavior\ShowPageTraceBehavior [ RunTime:0.001194s ]
INFO: [ app_end ] --END-- [ RunTime:0.001235s ]

[ 2018-05-02T18:47:46+08:00 ] 127.0.0.1 /admin.php/Car/update?id=8
INFO: [ app_init ] --START--
INFO: Run Behavior\BuildLiteBehavior [ RunTime:0.000021s ]
INFO: [ app_init ] --END-- [ RunTime:0.000611s ]
INFO: [ app_begin ] --START--
INFO: Run Behavior\ReadHtmlCacheBehavior [ RunTime:0.000891s ]
INFO: [ app_begin ] --END-- [ RunTime:0.000965s ]
SQL: SHOW COLUMNS FROM `t_car` [ RunTime:0.0123s ]
SQL: SELECT * FROM `t_car` WHERE ( id='8' ) LIMIT 1   [ RunTime:0.0004s ]
INFO: [ view_parse ] --START--
INFO: [ template_filter ] --START--
INFO: Run Behavior\ContentReplaceBehavior [ RunTime:0.000037s ]
INFO: [ template_filter ] --END-- [ RunTime:0.000091s ]
INFO: Run Behavior\ParseTemplateBehavior [ RunTime:0.010871s ]
INFO: [ view_parse ] --END-- [ RunTime:0.010937s ]
INFO: [ view_filter ] --START--
INFO: Run Behavior\WriteHtmlCacheBehavior [ RunTime:0.000917s ]
INFO: [ view_filter ] --END-- [ RunTime:0.000956s ]
INFO: [ app_end ] --START--
INFO: Run Behavior\ShowPageTraceBehavior [ RunTime:0.001167s ]
INFO: [ app_end ] --END-- [ RunTime:0.001209s ]

[ 2018-05-02T18:47:53+08:00 ] 127.0.0.1 /admin.php/Car/updateCar
INFO: [ app_init ] --START--
INFO: Run Behavior\BuildLiteBehavior [ RunTime:0.000019s ]
INFO: [ app_init ] --END-- [ RunTime:0.000806s ]
INFO: [ app_begin ] --START--
INFO: Run Behavior\ReadHtmlCacheBehavior [ RunTime:0.001447s ]
INFO: [ app_begin ] --END-- [ RunTime:0.001552s ]
SQL: SHOW COLUMNS FROM `t_car` [ RunTime:0.0134s ]
ERR: 1062:Duplicate entry '京A00000' for key 'plate'
 [ SQL语句 ] : UPDATE `t_car` SET `number`='C02554',`plate`='京A00000',`frame`='111BL52P7TR115521',`update_time`='2018-05-02 18:47:53' WHERE `id` = 8
ERR: 1062:Duplicate entry '京A00000' for key 'plate'
 [ SQL语句 ] : UPDATE `t_car` SET `number`='C02554',`plate`='京A00000',`frame`='111BL52P7TR115521',`update_time`='2018-05-02 18:47:53' WHERE `id` = 8

[ 2018-05-02T18:47:56+08:00 ] 127.0.0.1 /admin.php/Car/updateCar
INFO: [ app_init ] --START--
INFO: Run Behavior\BuildLiteBehavior [ RunTime:0.000037s ]
INFO: [ app_init ] --END-- [ RunTime:0.001085s ]
INFO: [ app_begin ] --START--
INFO: Run Behavior\ReadHtmlCacheBehavior [ RunTime:0.001219s ]
INFO: [ app_begin ] --END-- [ RunTime:0.001294s ]
NOTIC: [8] Undefined index: province C:\phpStudy\PHPTutorial\WWW\php\car_system\Application\Admin\Controller\CarController.class.php 第 36 行.
NOTIC: [8] Undefined index: city C:\phpStudy\PHPTutorial\WWW\php\car_system\Application\Admin\Controller\CarController.class.php 第 36 行.
NOTIC: [8] Undefined index: plate C:\phpStudy\PHPTutorial\WWW\php\car_system\Application\Admin\Controller\CarController.class.php 第 36 行.
SQL: SHOW COLUMNS FROM `t_car` [ RunTime:0.0158s ]

[ 2018-05-02T18:48:53+08:00 ] 127.0.0.1 /admin.php/Car/updateCar
INFO: [ app_init ] --START--
INFO: Run Behavior\BuildLiteBehavior [ RunTime:0.000020s ]
INFO: [ app_init ] --END-- [ RunTime:0.000798s ]
INFO: [ app_begin ] --START--
INFO: Run Behavior\ReadHtmlCacheBehavior [ RunTime:0.001194s ]
INFO: [ app_begin ] --END-- [ RunTime:0.001392s ]
SQL: SHOW COLUMNS FROM `t_car` [ RunTime:0.0107s ]
ERR: 1062:Duplicate entry '京A00000' for key 'plate'
 [ SQL语句 ] : UPDATE `t_car` SET `number`='C02554',`plate`='京A00000',`frame`='111BL52P7TR115521',`update_time`='2018-05-02 18:48:53' WHERE `id` = 8
ERR: 1062:Duplicate entry '京A00000' for key 'plate'
 [ SQL语句 ] : UPDATE `t_car` SET `number`='C02554',`plate`='京A00000',`frame`='111BL52P7TR115521',`update_time`='2018-05-02 18:48:53' WHERE `id` = 8

[ 2018-05-02T18:48:54+08:00 ] 127.0.0.1 /admin.php/Car/updateCar
INFO: [ app_init ] --START--
INFO: Run Behavior\BuildLiteBehavior [ RunTime:0.000022s ]
INFO: [ app_init ] --END-- [ RunTime:0.000589s ]
INFO: [ app_begin ] --START--
INFO: Run Behavior\ReadHtmlCacheBehavior [ RunTime:0.001599s ]
INFO: [ app_begin ] --END-- [ RunTime:0.001678s ]
SQL: SHOW COLUMNS FROM `t_car` [ RunTime:0.0116s ]
ERR: 1062:Duplicate entry '京A00000' for key 'plate'
 [ SQL语句 ] : UPDATE `t_car` SET `number`='C02554',`plate`='京A00000',`frame`='111BL52P7TR115521',`update_time`='2018-05-02 18:48:54' WHERE `id` = 8
ERR: 1062:Duplicate entry '京A00000' for key 'plate'
 [ SQL语句 ] : UPDATE `t_car` SET `number`='C02554',`plate`='京A00000',`frame`='111BL52P7TR115521',`update_time`='2018-05-02 18:48:54' WHERE `id` = 8

[ 2018-05-02T18:48:56+08:00 ] 127.0.0.1 /admin.php/Car/updateCar
INFO: [ app_init ] --START--
INFO: Run Behavior\BuildLiteBehavior [ RunTime:0.000040s ]
INFO: [ app_init ] --END-- [ RunTime:0.001328s ]
INFO: [ app_begin ] --START--
INFO: Run Behavior\ReadHtmlCacheBehavior [ RunTime:0.002216s ]
INFO: [ app_begin ] --END-- [ RunTime:0.002919s ]
NOTIC: [8] Undefined index: province C:\phpStudy\PHPTutorial\WWW\php\car_system\Application\Admin\Controller\CarController.class.php 第 36 行.
NOTIC: [8] Undefined index: city C:\phpStudy\PHPTutorial\WWW\php\car_system\Application\Admin\Controller\CarController.class.php 第 36 行.
NOTIC: [8] Undefined index: plate C:\phpStudy\PHPTutorial\WWW\php\car_system\Application\Admin\Controller\CarController.class.php 第 36 行.
SQL: SHOW COLUMNS FROM `t_car` [ RunTime:0.0149s ]

[ 2018-05-02T18:50:50+08:00 ] 127.0.0.1 /admin.php/Index
INFO: [ app_init ] --START--
INFO: Run Behavior\BuildLiteBehavior [ RunTime:0.000017s ]
INFO: [ app_init ] --END-- [ RunTime:0.000855s ]
INFO: [ app_begin ] --START--
INFO: Run Behavior\ReadHtmlCacheBehavior [ RunTime:0.001334s ]
INFO: [ app_begin ] --END-- [ RunTime:0.001443s ]
INFO: [ view_parse ] --START--
INFO: [ template_filter ] --START--
INFO: Run Behavior\ContentReplaceBehavior [ RunTime:0.000049s ]
INFO: [ template_filter ] --END-- [ RunTime:0.000108s ]
INFO: Run Behavior\ParseTemplateBehavior [ RunTime:0.016105s ]
INFO: [ view_parse ] --END-- [ RunTime:0.016184s ]
INFO: [ view_filter ] --START--
INFO: Run Behavior\WriteHtmlCacheBehavior [ RunTime:0.001075s ]
INFO: [ view_filter ] --END-- [ RunTime:0.001116s ]
INFO: [ app_end ] --START--
INFO: Run Behavior\ShowPageTraceBehavior [ RunTime:0.001307s ]
INFO: [ app_end ] --END-- [ RunTime:0.001351s ]

[ 2018-05-02T18:50:51+08:00 ] 127.0.0.1 /admin.php/Order
INFO: [ app_init ] --START--
INFO: Run Behavior\BuildLiteBehavior [ RunTime:0.000031s ]
INFO: [ app_init ] --END-- [ RunTime:0.000689s ]
INFO: [ app_begin ] --START--
INFO: Run Behavior\ReadHtmlCacheBehavior [ RunTime:0.001059s ]
INFO: [ app_begin ] --END-- [ RunTime:0.001138s ]
SQL: SHOW COLUMNS FROM `t_order` [ RunTime:0.0157s ]
SQL: SELECT * FROM `t_order` WHERE ( status=0 ) ORDER BY order_status,create_time desc  [ RunTime:0.0005s ]
INFO: [ view_parse ] --START--
INFO: [ template_filter ] --START--
INFO: Run Behavior\ContentReplaceBehavior [ RunTime:0.000119s ]
INFO: [ template_filter ] --END-- [ RunTime:0.000344s ]
NOTIC: [8] Undefined variable: status C:\phpStudy\PHPTutorial\WWW\php\car_system\Application\Runtime\Cache\Admin\18bc66a7b6334412ab8e61a2539ecfbd.php 第 18 行.
NOTIC: [8] Undefined variable: status C:\phpStudy\PHPTutorial\WWW\php\car_system\Application\Runtime\Cache\Admin\18bc66a7b6334412ab8e61a2539ecfbd.php 第 21 行.
NOTIC: [8] Undefined variable: status C:\phpStudy\PHPTutorial\WWW\php\car_system\Application\Runtime\Cache\Admin\18bc66a7b6334412ab8e61a2539ecfbd.php 第 24 行.
NOTIC: [8] Undefined variable: searchTime C:\phpStudy\PHPTutorial\WWW\php\car_system\Application\Runtime\Cache\Admin\18bc66a7b6334412ab8e61a2539ecfbd.php 第 31 行.
INFO: Run Behavior\ParseTemplateBehavior [ RunTime:0.014364s ]
INFO: [ view_parse ] --END-- [ RunTime:0.014424s ]
INFO: [ view_filter ] --START--
INFO: Run Behavior\WriteHtmlCacheBehavior [ RunTime:0.001015s ]
INFO: [ view_filter ] --END-- [ RunTime:0.001057s ]
INFO: [ app_end ] --START--
INFO: Run Behavior\ShowPageTraceBehavior [ RunTime:0.001214s ]
INFO: [ app_end ] --END-- [ RunTime:0.001261s ]

[ 2018-05-02T18:50:51+08:00 ] 127.0.0.1 /admin.php/Index
INFO: [ app_init ] --START--
INFO: Run Behavior\BuildLiteBehavior [ RunTime:0.000018s ]
INFO: [ app_init ] --END-- [ RunTime:0.000605s ]
INFO: [ app_begin ] --START--
INFO: Run Behavior\ReadHtmlCacheBehavior [ RunTime:0.000846s ]
INFO: [ app_begin ] --END-- [ RunTime:0.000902s ]
INFO: [ view_parse ] --START--
INFO: [ template_filter ] --START--
INFO: Run Behavior\ContentReplaceBehavior [ RunTime:0.000041s ]
INFO: [ template_filter ] --END-- [ RunTime:0.000095s ]
INFO: Run Behavior\ParseTemplateBehavior [ RunTime:0.012573s ]
INFO: [ view_parse ] --END-- [ RunTime:0.012661s ]
INFO: [ view_filter ] --START--
INFO: Run Behavior\WriteHtmlCacheBehavior [ RunTime:0.001344s ]
INFO: [ view_filter ] --END-- [ RunTime:0.001396s ]
INFO: [ app_end ] --START--
INFO: Run Behavior\ShowPageTraceBehavior [ RunTime:0.001456s ]
INFO: [ app_end ] --END-- [ RunTime:0.001539s ]

[ 2018-05-02T18:50:51+08:00 ] 127.0.0.1 /admin.php/Order
INFO: [ app_init ] --START--
INFO: Run Behavior\BuildLiteBehavior [ RunTime:0.000021s ]
INFO: [ app_init ] --END-- [ RunTime:0.000600s ]
INFO: [ app_begin ] --START--
INFO: Run Behavior\ReadHtmlCacheBehavior [ RunTime:0.001823s ]
INFO: [ app_begin ] --END-- [ RunTime:0.001920s ]
SQL: SHOW COLUMNS FROM `t_order` [ RunTime:0.0110s ]
SQL: SELECT * FROM `t_order` WHERE ( status=0 ) ORDER BY order_status,create_time desc  [ RunTime:0.0006s ]
INFO: [ view_parse ] --START--
INFO: [ template_filter ] --START--
INFO: Run Behavior\ContentReplaceBehavior [ RunTime:0.000050s ]
INFO: [ template_filter ] --END-- [ RunTime:0.000105s ]
NOTIC: [8] Undefined variable: status C:\phpStudy\PHPTutorial\WWW\php\car_system\Application\Runtime\Cache\Admin\18bc66a7b6334412ab8e61a2539ecfbd.php 第 18 行.
NOTIC: [8] Undefined variable: status C:\phpStudy\PHPTutorial\WWW\php\car_system\Application\Runtime\Cache\Admin\18bc66a7b6334412ab8e61a2539ecfbd.php 第 21 行.
NOTIC: [8] Undefined variable: status C:\phpStudy\PHPTutorial\WWW\php\car_system\Application\Runtime\Cache\Admin\18bc66a7b6334412ab8e61a2539ecfbd.php 第 24 行.
NOTIC: [8] Undefined variable: searchTime C:\phpStudy\PHPTutorial\WWW\php\car_system\Application\Runtime\Cache\Admin\18bc66a7b6334412ab8e61a2539ecfbd.php 第 31 行.
INFO: Run Behavior\ParseTemplateBehavior [ RunTime:0.015664s ]
INFO: [ view_parse ] --END-- [ RunTime:0.015739s ]
INFO: [ view_filter ] --START--
INFO: Run Behavior\WriteHtmlCacheBehavior [ RunTime:0.001006s ]
INFO: [ view_filter ] --END-- [ RunTime:0.001052s ]
INFO: [ app_end ] --START--
INFO: Run Behavior\ShowPageTraceBehavior [ RunTime:0.001638s ]
INFO: [ app_end ] --END-- [ RunTime:0.001757s ]

[ 2018-05-02T18:50:53+08:00 ] 127.0.0.1 /admin.php/Car
INFO: [ app_init ] --START--
INFO: Run Behavior\BuildLiteBehavior [ RunTime:0.000030s ]
INFO: [ app_init ] --END-- [ RunTime:0.000624s ]
INFO: [ app_begin ] --START--
INFO: Run Behavior\ReadHtmlCacheBehavior [ RunTime:0.001282s ]
INFO: [ app_begin ] --END-- [ RunTime:0.001453s ]
SQL: SHOW COLUMNS FROM `t_car` [ RunTime:0.0116s ]
SQL: SELECT * FROM `t_car` WHERE ( status=0 ) ORDER BY create_time desc  [ RunTime:0.0004s ]
INFO: [ view_parse ] --START--
INFO: [ template_filter ] --START--
INFO: Run Behavior\ContentReplaceBehavior [ RunTime:0.000040s ]
INFO: [ template_filter ] --END-- [ RunTime:0.000091s ]
INFO: Run Behavior\ParseTemplateBehavior [ RunTime:0.010026s ]
INFO: [ view_parse ] --END-- [ RunTime:0.010099s ]
INFO: [ view_filter ] --START--
INFO: Run Behavior\WriteHtmlCacheBehavior [ RunTime:0.001138s ]
INFO: [ view_filter ] --END-- [ RunTime:0.001189s ]
INFO: [ app_end ] --START--
INFO: Run Behavior\ShowPageTraceBehavior [ RunTime:0.001212s ]
INFO: [ app_end ] --END-- [ RunTime:0.001255s ]

[ 2018-05-02T18:50:55+08:00 ] 127.0.0.1 /admin.php/Car/update?id=8
INFO: [ app_init ] --START--
INFO: Run Behavior\BuildLiteBehavior [ RunTime:0.000021s ]
INFO: [ app_init ] --END-- [ RunTime:0.000848s ]
INFO: [ app_begin ] --START--
INFO: Run Behavior\ReadHtmlCacheBehavior [ RunTime:0.001003s ]
INFO: [ app_begin ] --END-- [ RunTime:0.001072s ]
SQL: SHOW COLUMNS FROM `t_car` [ RunTime:0.0113s ]
SQL: SELECT * FROM `t_car` WHERE ( id='8' ) LIMIT 1   [ RunTime:0.0003s ]
INFO: [ view_parse ] --START--
INFO: [ template_filter ] --START--
INFO: Run Behavior\ContentReplaceBehavior [ RunTime:0.000037s ]
INFO: [ template_filter ] --END-- [ RunTime:0.000087s ]
INFO: Run Behavior\ParseTemplateBehavior [ RunTime:0.010203s ]
INFO: [ view_parse ] --END-- [ RunTime:0.010267s ]
INFO: [ view_filter ] --START--
INFO: Run Behavior\WriteHtmlCacheBehavior [ RunTime:0.000893s ]
INFO: [ view_filter ] --END-- [ RunTime:0.000934s ]
INFO: [ app_end ] --START--
INFO: Run Behavior\ShowPageTraceBehavior [ RunTime:0.001161s ]
INFO: [ app_end ] --END-- [ RunTime:0.001223s ]

[ 2018-05-02T18:51:07+08:00 ] 127.0.0.1 /admin.php/Car/updateCar
INFO: [ app_init ] --START--
INFO: Run Behavior\BuildLiteBehavior [ RunTime:0.000021s ]
INFO: [ app_init ] --END-- [ RunTime:0.000737s ]
INFO: [ app_begin ] --START--
INFO: Run Behavior\ReadHtmlCacheBehavior [ RunTime:0.001550s ]
INFO: [ app_begin ] --END-- [ RunTime:0.001632s ]
SQL: SHOW COLUMNS FROM `t_car` [ RunTime:0.0119s ]
NOTIC: [2] Missing argument 1 for Common\Model\CarModel::getPlateUpdate(), called in C:\phpStudy\PHPTutorial\WWW\php\car_system\Application\Admin\Controller\CarController.class.php on line 38 and defined C:\phpStudy\PHPTutorial\WWW\php\car_system\Application\Common\Model\CarModel.class.php 第 28 行.
NOTIC: [8] Undefined variable: id C:\phpStudy\PHPTutorial\WWW\php\car_system\Application\Common\Model\CarModel.class.php 第 29 行.
SQL: SELECT `plate` FROM `t_car` WHERE ( status=0&&id!='' ) ORDER BY create_time desc  [ RunTime:0.0005s ]

