[ 2018-05-21T09:44:29+08:00 ] 127.0.0.1 /admin.php/Index
INFO: [ app_init ] --START--
INFO: Run Behavior\BuildLiteBehavior [ RunTime:0.000020s ]
INFO: [ app_init ] --END-- [ RunTime:0.000542s ]
INFO: [ app_begin ] --START--
INFO: Run Behavior\ReadHtmlCacheBehavior [ RunTime:0.003369s ]
INFO: [ app_begin ] --END-- [ RunTime:0.003497s ]

[ 2018-05-21T09:44:29+08:00 ] 127.0.0.1 /admin.php/Login/index.html
INFO: [ app_init ] --START--
INFO: Run Behavior\BuildLiteBehavior [ RunTime:0.000024s ]
INFO: [ app_init ] --END-- [ RunTime:0.000687s ]
INFO: [ app_begin ] --START--
INFO: Run Behavior\ReadHtmlCacheBehavior [ RunTime:0.001306s ]
INFO: [ app_begin ] --END-- [ RunTime:0.001405s ]
INFO: [ view_parse ] --START--
INFO: [ template_filter ] --START--
INFO: Run Behavior\ContentReplaceBehavior [ RunTime:0.000056s ]
INFO: [ template_filter ] --END-- [ RunTime:0.000176s ]
INFO: Run Behavior\ParseTemplateBehavior [ RunTime:0.016763s ]
INFO: [ view_parse ] --END-- [ RunTime:0.016838s ]
INFO: [ view_filter ] --START--
INFO: Run Behavior\WriteHtmlCacheBehavior [ RunTime:0.001160s ]
INFO: [ view_filter ] --END-- [ RunTime:0.001209s ]
INFO: [ app_end ] --START--
INFO: Run Behavior\ShowPageTraceBehavior [ RunTime:0.001430s ]
INFO: [ app_end ] --END-- [ RunTime:0.001484s ]

[ 2018-05-21T09:44:32+08:00 ] 127.0.0.1 /admin.php/Login/check
INFO: [ app_init ] --START--
INFO: Run Behavior\BuildLiteBehavior [ RunTime:0.000017s ]
INFO: [ app_init ] --END-- [ RunTime:0.000516s ]
INFO: [ app_begin ] --START--
INFO: Run Behavior\ReadHtmlCacheBehavior [ RunTime:0.001091s ]
INFO: [ app_begin ] --END-- [ RunTime:0.001155s ]
SQL: SHOW COLUMNS FROM `t_admin` [ RunTime:0.0099s ]
SQL: SELECT * FROM `t_admin` WHERE ( account='admin' ) LIMIT 1   [ RunTime:0.0004s ]
SQL: SHOW COLUMNS FROM `t_user` [ RunTime:0.0104s ]
SQL: SELECT * FROM `t_user` WHERE ( account='admin'&& status=0 ) LIMIT 1   [ RunTime:0.0003s ]

[ 2018-05-21T09:44:33+08:00 ] 127.0.0.1 /admin.php/Index
INFO: [ app_init ] --START--
INFO: Run Behavior\BuildLiteBehavior [ RunTime:0.000041s ]
INFO: [ app_init ] --END-- [ RunTime:0.001363s ]
INFO: [ app_begin ] --START--
INFO: Run Behavior\ReadHtmlCacheBehavior [ RunTime:0.003423s ]
INFO: [ app_begin ] --END-- [ RunTime:0.003622s ]
INFO: [ view_parse ] --START--
INFO: [ template_filter ] --START--
INFO: Run Behavior\ContentReplaceBehavior [ RunTime:0.000046s ]
INFO: [ template_filter ] --END-- [ RunTime:0.000105s ]
INFO: Run Behavior\ParseTemplateBehavior [ RunTime:0.024696s ]
INFO: [ view_parse ] --END-- [ RunTime:0.024790s ]
INFO: [ view_filter ] --START--
INFO: Run Behavior\WriteHtmlCacheBehavior [ RunTime:0.005508s ]
INFO: [ view_filter ] --END-- [ RunTime:0.006916s ]
INFO: [ app_end ] --START--
INFO: Run Behavior\ShowPageTraceBehavior [ RunTime:0.002682s ]
INFO: [ app_end ] --END-- [ RunTime:0.002849s ]

[ 2018-05-21T09:44:33+08:00 ] 127.0.0.1 /admin.php/Order
INFO: [ app_init ] --START--
INFO: Run Behavior\BuildLiteBehavior [ RunTime:0.000027s ]
INFO: [ app_init ] --END-- [ RunTime:0.000964s ]
INFO: [ app_begin ] --START--
INFO: Run Behavior\ReadHtmlCacheBehavior [ RunTime:0.001015s ]
INFO: [ app_begin ] --END-- [ RunTime:0.001087s ]
SQL: SHOW COLUMNS FROM `t_order` [ RunTime:0.0172s ]
SQL: SELECT * FROM `t_order` WHERE ( status=0 ) ORDER BY order_status,order_number  [ RunTime:0.0008s ]
SQL: SELECT MAX(order_number) AS tp_max FROM `t_order` WHERE ( status=0 ) LIMIT 1   [ RunTime:0.0007s ]
INFO: [ view_parse ] --START--
INFO: [ template_filter ] --START--
INFO: Run Behavior\ContentReplaceBehavior [ RunTime:0.000175s ]
INFO: [ template_filter ] --END-- [ RunTime:0.000373s ]
NOTIC: [8] Undefined variable: status C:\phpStudy\PHPTutorial\WWW\php\vehicle_reservation_system\Application\Runtime\Cache\Admin\18bc66a7b6334412ab8e61a2539ecfbd.php 第 22 行.
NOTIC: [8] Undefined variable: status C:\phpStudy\PHPTutorial\WWW\php\vehicle_reservation_system\Application\Runtime\Cache\Admin\18bc66a7b6334412ab8e61a2539ecfbd.php 第 25 行.
NOTIC: [8] Undefined variable: status C:\phpStudy\PHPTutorial\WWW\php\vehicle_reservation_system\Application\Runtime\Cache\Admin\18bc66a7b6334412ab8e61a2539ecfbd.php 第 28 行.
NOTIC: [8] Undefined variable: status C:\phpStudy\PHPTutorial\WWW\php\vehicle_reservation_system\Application\Runtime\Cache\Admin\18bc66a7b6334412ab8e61a2539ecfbd.php 第 31 行.
NOTIC: [8] Undefined variable: searchTime C:\phpStudy\PHPTutorial\WWW\php\vehicle_reservation_system\Application\Runtime\Cache\Admin\18bc66a7b6334412ab8e61a2539ecfbd.php 第 38 行.
INFO: Run Behavior\ParseTemplateBehavior [ RunTime:0.028373s ]
INFO: [ view_parse ] --END-- [ RunTime:0.028561s ]
INFO: [ view_filter ] --START--
INFO: Run Behavior\WriteHtmlCacheBehavior [ RunTime:0.002488s ]
INFO: [ view_filter ] --END-- [ RunTime:0.002613s ]
INFO: [ app_end ] --START--
INFO: Run Behavior\ShowPageTraceBehavior [ RunTime:0.002849s ]
INFO: [ app_end ] --END-- [ RunTime:0.003037s ]

[ 2018-05-21T09:44:39+08:00 ] 127.0.0.1 /admin.php/Index
INFO: [ app_init ] --START--
INFO: Run Behavior\BuildLiteBehavior [ RunTime:0.000022s ]
INFO: [ app_init ] --END-- [ RunTime:0.001464s ]
INFO: [ app_begin ] --START--
INFO: Run Behavior\ReadHtmlCacheBehavior [ RunTime:0.001500s ]
INFO: [ app_begin ] --END-- [ RunTime:0.001584s ]
INFO: [ view_parse ] --START--
INFO: [ template_filter ] --START--
INFO: Run Behavior\ContentReplaceBehavior [ RunTime:0.000044s ]
INFO: [ template_filter ] --END-- [ RunTime:0.000104s ]
INFO: Run Behavior\ParseTemplateBehavior [ RunTime:0.012533s ]
INFO: [ view_parse ] --END-- [ RunTime:0.012598s ]
INFO: [ view_filter ] --START--
INFO: Run Behavior\WriteHtmlCacheBehavior [ RunTime:0.001071s ]
INFO: [ view_filter ] --END-- [ RunTime:0.001112s ]
INFO: [ app_end ] --START--
INFO: Run Behavior\ShowPageTraceBehavior [ RunTime:0.001293s ]
INFO: [ app_end ] --END-- [ RunTime:0.001337s ]

[ 2018-05-21T09:44:39+08:00 ] 127.0.0.1 /admin.php/Order
INFO: [ app_init ] --START--
INFO: Run Behavior\BuildLiteBehavior [ RunTime:0.000015s ]
INFO: [ app_init ] --END-- [ RunTime:0.000439s ]
INFO: [ app_begin ] --START--
INFO: Run Behavior\ReadHtmlCacheBehavior [ RunTime:0.000808s ]
INFO: [ app_begin ] --END-- [ RunTime:0.000858s ]
SQL: SHOW COLUMNS FROM `t_order` [ RunTime:0.0138s ]
SQL: SELECT * FROM `t_order` WHERE ( status=0 ) ORDER BY order_status,order_number  [ RunTime:0.0004s ]
SQL: SELECT MAX(order_number) AS tp_max FROM `t_order` WHERE ( status=0 ) LIMIT 1   [ RunTime:0.0002s ]
INFO: [ view_parse ] --START--
INFO: [ template_filter ] --START--
INFO: Run Behavior\ContentReplaceBehavior [ RunTime:0.000049s ]
INFO: [ template_filter ] --END-- [ RunTime:0.000097s ]
NOTIC: [8] Undefined variable: status C:\phpStudy\PHPTutorial\WWW\php\vehicle_reservation_system\Application\Runtime\Cache\Admin\18bc66a7b6334412ab8e61a2539ecfbd.php 第 22 行.
NOTIC: [8] Undefined variable: status C:\phpStudy\PHPTutorial\WWW\php\vehicle_reservation_system\Application\Runtime\Cache\Admin\18bc66a7b6334412ab8e61a2539ecfbd.php 第 25 行.
NOTIC: [8] Undefined variable: status C:\phpStudy\PHPTutorial\WWW\php\vehicle_reservation_system\Application\Runtime\Cache\Admin\18bc66a7b6334412ab8e61a2539ecfbd.php 第 28 行.
NOTIC: [8] Undefined variable: status C:\phpStudy\PHPTutorial\WWW\php\vehicle_reservation_system\Application\Runtime\Cache\Admin\18bc66a7b6334412ab8e61a2539ecfbd.php 第 31 行.
NOTIC: [8] Undefined variable: searchTime C:\phpStudy\PHPTutorial\WWW\php\vehicle_reservation_system\Application\Runtime\Cache\Admin\18bc66a7b6334412ab8e61a2539ecfbd.php 第 38 行.
INFO: Run Behavior\ParseTemplateBehavior [ RunTime:0.014661s ]
INFO: [ view_parse ] --END-- [ RunTime:0.014718s ]
INFO: [ view_filter ] --START--
INFO: Run Behavior\WriteHtmlCacheBehavior [ RunTime:0.000944s ]
INFO: [ view_filter ] --END-- [ RunTime:0.000983s ]
INFO: [ app_end ] --START--
INFO: Run Behavior\ShowPageTraceBehavior [ RunTime:0.001288s ]
INFO: [ app_end ] --END-- [ RunTime:0.001330s ]

[ 2018-05-21T09:44:44+08:00 ] 127.0.0.1 /admin.php/Order/stop
INFO: [ app_init ] --START--
INFO: Run Behavior\BuildLiteBehavior [ RunTime:0.000033s ]
INFO: [ app_init ] --END-- [ RunTime:0.000502s ]
INFO: [ app_begin ] --START--
INFO: Run Behavior\ReadHtmlCacheBehavior [ RunTime:0.000881s ]
INFO: [ app_begin ] --END-- [ RunTime:0.000959s ]
SQL: SHOW COLUMNS FROM `t_order` [ RunTime:0.0103s ]
SQL: SELECT MAX(order_number) AS tp_max FROM `t_order` WHERE ( status=0 ) LIMIT 1   [ RunTime:0.0003s ]
SQL: SELECT MIN(order_number) AS tp_min FROM `t_order` WHERE ( status=0 ) LIMIT 1   [ RunTime:0.0002s ]
SQL: SELECT * FROM `t_order` WHERE ( status=0 && order_number='5' ) LIMIT 1   [ RunTime:0.0003s ]
SQL: UPDATE `t_order` SET `update_time`='2018-05-21 09:44:44',`order_number`='6',`order_status`='3' WHERE `id` = 9 [ RunTime:0.0025s ]
SQL: SELECT * FROM `t_order` WHERE ( status=0 && order_number='4' ) LIMIT 1   [ RunTime:0.0003s ]
SQL: UPDATE `t_order` SET `update_time`='2018-05-21 09:44:44',`order_number`='5',`order_status`='3' WHERE `id` = 8 [ RunTime:0.0026s ]
SQL: SELECT * FROM `t_order` WHERE ( status=0 && order_number='3' ) LIMIT 1   [ RunTime:0.0003s ]
SQL: UPDATE `t_order` SET `update_time`='2018-05-21 09:44:44',`order_number`='4',`order_status`='3' WHERE `id` = 7 [ RunTime:0.0015s ]
SQL: SELECT * FROM `t_order` WHERE ( status=0 && order_number='2' ) LIMIT 1   [ RunTime:0.0003s ]
SQL: UPDATE `t_order` SET `update_time`='2018-05-21 09:44:44',`order_number`='3',`order_status`='3' WHERE `id` = 6 [ RunTime:0.0024s ]
SQL: SELECT * FROM `t_order` WHERE ( status=0 && order_number='1' ) LIMIT 1   [ RunTime:0.0003s ]
SQL: UPDATE `t_order` SET `update_time`='2018-05-21 09:44:44',`order_number`='2',`order_status`='2' WHERE `id` = 3 [ RunTime:0.0015s ]
SQL: SHOW COLUMNS FROM `t_log` [ RunTime:0.0103s ]
SQL: INSERT INTO `t_log` (`user`,`log`,`time`) VALUES ('admin','暂停全部车辆排队','2018-05-21 09:44:44') [ RunTime:0.0028s ]

[ 2018-05-21T09:44:44+08:00 ] 127.0.0.1 /admin.php/Order/index/$stop/%E6%81%A2%E5%A4%8D%E5%85%A8%E9%83%A8%E8%BD%A6%E8%BE%86%E6%8E%92%E9%98%9F.html
INFO: [ app_init ] --START--
INFO: Run Behavior\BuildLiteBehavior [ RunTime:0.000015s ]
INFO: [ app_init ] --END-- [ RunTime:0.000432s ]
INFO: [ app_begin ] --START--
INFO: Run Behavior\ReadHtmlCacheBehavior [ RunTime:0.000830s ]
INFO: [ app_begin ] --END-- [ RunTime:0.000881s ]
SQL: SHOW COLUMNS FROM `t_order` [ RunTime:0.0102s ]
SQL: SELECT * FROM `t_order` WHERE ( status=0 ) ORDER BY order_status,order_number  [ RunTime:0.0004s ]
SQL: SELECT MAX(order_number) AS tp_max FROM `t_order` WHERE ( status=0 ) LIMIT 1   [ RunTime:0.0002s ]
INFO: [ view_parse ] --START--
INFO: [ template_filter ] --START--
INFO: Run Behavior\ContentReplaceBehavior [ RunTime:0.000050s ]
INFO: [ template_filter ] --END-- [ RunTime:0.000093s ]
NOTIC: [8] Undefined variable: status C:\phpStudy\PHPTutorial\WWW\php\vehicle_reservation_system\Application\Runtime\Cache\Admin\18bc66a7b6334412ab8e61a2539ecfbd.php 第 22 行.
NOTIC: [8] Undefined variable: status C:\phpStudy\PHPTutorial\WWW\php\vehicle_reservation_system\Application\Runtime\Cache\Admin\18bc66a7b6334412ab8e61a2539ecfbd.php 第 25 行.
NOTIC: [8] Undefined variable: status C:\phpStudy\PHPTutorial\WWW\php\vehicle_reservation_system\Application\Runtime\Cache\Admin\18bc66a7b6334412ab8e61a2539ecfbd.php 第 28 行.
NOTIC: [8] Undefined variable: status C:\phpStudy\PHPTutorial\WWW\php\vehicle_reservation_system\Application\Runtime\Cache\Admin\18bc66a7b6334412ab8e61a2539ecfbd.php 第 31 行.
NOTIC: [8] Undefined variable: searchTime C:\phpStudy\PHPTutorial\WWW\php\vehicle_reservation_system\Application\Runtime\Cache\Admin\18bc66a7b6334412ab8e61a2539ecfbd.php 第 38 行.
INFO: Run Behavior\ParseTemplateBehavior [ RunTime:0.012025s ]
INFO: [ view_parse ] --END-- [ RunTime:0.012078s ]
INFO: [ view_filter ] --START--
INFO: Run Behavior\WriteHtmlCacheBehavior [ RunTime:0.000926s ]
INFO: [ view_filter ] --END-- [ RunTime:0.000964s ]
INFO: [ app_end ] --START--
INFO: Run Behavior\ShowPageTraceBehavior [ RunTime:0.001215s ]
INFO: [ app_end ] --END-- [ RunTime:0.001254s ]

[ 2018-05-21T09:44:45+08:00 ] 127.0.0.1 /admin.php/Order/start
INFO: [ app_init ] --START--
INFO: Run Behavior\BuildLiteBehavior [ RunTime:0.000017s ]
INFO: [ app_init ] --END-- [ RunTime:0.000512s ]
INFO: [ app_begin ] --START--
INFO: Run Behavior\ReadHtmlCacheBehavior [ RunTime:0.000939s ]
INFO: [ app_begin ] --END-- [ RunTime:0.001010s ]
SQL: SHOW COLUMNS FROM `t_order` [ RunTime:0.0117s ]
SQL: SELECT MAX(order_number) AS tp_max FROM `t_order` WHERE ( status=0 ) LIMIT 1   [ RunTime:0.0004s ]
SQL: SELECT MIN(order_number) AS tp_min FROM `t_order` WHERE ( status=0 ) LIMIT 1   [ RunTime:0.0003s ]
SQL: SELECT * FROM `t_order` WHERE ( status=0 && order_number='2' ) LIMIT 1   [ RunTime:0.0003s ]
SQL: UPDATE `t_order` SET `update_time`='2018-05-21 09:44:45',`order_number`='1',`order_status`='1' WHERE `id` = 3 [ RunTime:0.0027s ]
SQL: SELECT * FROM `t_order` WHERE ( status=0 && order_number='3' ) LIMIT 1   [ RunTime:0.0005s ]
SQL: UPDATE `t_order` SET `update_time`='2018-05-21 09:44:45',`order_number`='2',`order_status`='2' WHERE `id` = 6 [ RunTime:0.0015s ]
SQL: SELECT * FROM `t_order` WHERE ( status=0 && order_number='4' ) LIMIT 1   [ RunTime:0.0004s ]
SQL: UPDATE `t_order` SET `update_time`='2018-05-21 09:44:45',`order_number`='3',`order_status`='3' WHERE `id` = 7 [ RunTime:0.0026s ]
SQL: SELECT * FROM `t_order` WHERE ( status=0 && order_number='5' ) LIMIT 1   [ RunTime:0.0004s ]
SQL: UPDATE `t_order` SET `update_time`='2018-05-21 09:44:45',`order_number`='4',`order_status`='3' WHERE `id` = 8 [ RunTime:0.0014s ]
SQL: SELECT * FROM `t_order` WHERE ( status=0 && order_number='6' ) LIMIT 1   [ RunTime:0.0004s ]
SQL: UPDATE `t_order` SET `update_time`='2018-05-21 09:44:45',`order_number`='5',`order_status`='3' WHERE `id` = 9 [ RunTime:0.0026s ]
SQL: SHOW COLUMNS FROM `t_log` [ RunTime:0.0117s ]
SQL: INSERT INTO `t_log` (`user`,`log`,`time`) VALUES ('admin','暂停全部车辆排队','2018-05-21 09:44:45') [ RunTime:0.0026s ]

[ 2018-05-21T09:44:45+08:00 ] 127.0.0.1 /admin.php/Order/index/$stop/%E6%9A%82%E5%81%9C%E5%85%A8%E9%83%A8%E8%BD%A6%E8%BE%86%E6%8E%92%E9%98%9F.html
INFO: [ app_init ] --START--
INFO: Run Behavior\BuildLiteBehavior [ RunTime:0.000016s ]
INFO: [ app_init ] --END-- [ RunTime:0.000503s ]
INFO: [ app_begin ] --START--
INFO: Run Behavior\ReadHtmlCacheBehavior [ RunTime:0.000934s ]
INFO: [ app_begin ] --END-- [ RunTime:0.001003s ]
SQL: SHOW COLUMNS FROM `t_order` [ RunTime:0.0098s ]
SQL: SELECT * FROM `t_order` WHERE ( status=0 ) ORDER BY order_status,order_number  [ RunTime:0.0004s ]
SQL: SELECT MAX(order_number) AS tp_max FROM `t_order` WHERE ( status=0 ) LIMIT 1   [ RunTime:0.0002s ]
INFO: [ view_parse ] --START--
INFO: [ template_filter ] --START--
INFO: Run Behavior\ContentReplaceBehavior [ RunTime:0.000057s ]
INFO: [ template_filter ] --END-- [ RunTime:0.000107s ]
NOTIC: [8] Undefined variable: status C:\phpStudy\PHPTutorial\WWW\php\vehicle_reservation_system\Application\Runtime\Cache\Admin\18bc66a7b6334412ab8e61a2539ecfbd.php 第 22 行.
NOTIC: [8] Undefined variable: status C:\phpStudy\PHPTutorial\WWW\php\vehicle_reservation_system\Application\Runtime\Cache\Admin\18bc66a7b6334412ab8e61a2539ecfbd.php 第 25 行.
NOTIC: [8] Undefined variable: status C:\phpStudy\PHPTutorial\WWW\php\vehicle_reservation_system\Application\Runtime\Cache\Admin\18bc66a7b6334412ab8e61a2539ecfbd.php 第 28 行.
NOTIC: [8] Undefined variable: status C:\phpStudy\PHPTutorial\WWW\php\vehicle_reservation_system\Application\Runtime\Cache\Admin\18bc66a7b6334412ab8e61a2539ecfbd.php 第 31 行.
NOTIC: [8] Undefined variable: searchTime C:\phpStudy\PHPTutorial\WWW\php\vehicle_reservation_system\Application\Runtime\Cache\Admin\18bc66a7b6334412ab8e61a2539ecfbd.php 第 38 行.
INFO: Run Behavior\ParseTemplateBehavior [ RunTime:0.012644s ]
INFO: [ view_parse ] --END-- [ RunTime:0.012701s ]
INFO: [ view_filter ] --START--
INFO: Run Behavior\WriteHtmlCacheBehavior [ RunTime:0.001279s ]
INFO: [ view_filter ] --END-- [ RunTime:0.001327s ]
INFO: [ app_end ] --START--
INFO: Run Behavior\ShowPageTraceBehavior [ RunTime:0.001420s ]
INFO: [ app_end ] --END-- [ RunTime:0.001471s ]

[ 2018-05-21T09:52:47+08:00 ] 127.0.0.1 /admin.php/Index
INFO: [ app_init ] --START--
INFO: Run Behavior\BuildLiteBehavior [ RunTime:0.000017s ]
INFO: [ app_init ] --END-- [ RunTime:0.000496s ]
INFO: [ app_begin ] --START--
INFO: Run Behavior\ReadHtmlCacheBehavior [ RunTime:0.001901s ]
INFO: [ app_begin ] --END-- [ RunTime:0.002014s ]
INFO: [ view_parse ] --START--
INFO: [ template_filter ] --START--
INFO: Run Behavior\ContentReplaceBehavior [ RunTime:0.000041s ]
INFO: [ template_filter ] --END-- [ RunTime:0.000093s ]
INFO: Run Behavior\ParseTemplateBehavior [ RunTime:0.010516s ]
INFO: [ view_parse ] --END-- [ RunTime:0.010600s ]
INFO: [ view_filter ] --START--
INFO: Run Behavior\WriteHtmlCacheBehavior [ RunTime:0.002978s ]
INFO: [ view_filter ] --END-- [ RunTime:0.003096s ]
INFO: [ app_end ] --START--
INFO: Run Behavior\ShowPageTraceBehavior [ RunTime:0.002387s ]
INFO: [ app_end ] --END-- [ RunTime:0.002453s ]

[ 2018-05-21T09:52:47+08:00 ] 127.0.0.1 /admin.php/Order
INFO: [ app_init ] --START--
INFO: Run Behavior\BuildLiteBehavior [ RunTime:0.000018s ]
INFO: [ app_init ] --END-- [ RunTime:0.000572s ]
INFO: [ app_begin ] --START--
INFO: Run Behavior\ReadHtmlCacheBehavior [ RunTime:0.000881s ]
INFO: [ app_begin ] --END-- [ RunTime:0.000952s ]
SQL: SHOW COLUMNS FROM `t_order` [ RunTime:0.0125s ]
SQL: SELECT * FROM `t_order` WHERE ( status=0 ) ORDER BY order_status,order_number  [ RunTime:0.0004s ]
SQL: SELECT MAX(order_number) AS tp_max FROM `t_order` WHERE ( status=0 ) LIMIT 1   [ RunTime:0.0002s ]
INFO: [ view_parse ] --START--
INFO: [ template_filter ] --START--
INFO: Run Behavior\ContentReplaceBehavior [ RunTime:0.000053s ]
INFO: [ template_filter ] --END-- [ RunTime:0.000103s ]
NOTIC: [8] Undefined variable: status C:\phpStudy\PHPTutorial\WWW\php\vehicle_reservation_system\Application\Runtime\Cache\Admin\18bc66a7b6334412ab8e61a2539ecfbd.php 第 22 行.
NOTIC: [8] Undefined variable: status C:\phpStudy\PHPTutorial\WWW\php\vehicle_reservation_system\Application\Runtime\Cache\Admin\18bc66a7b6334412ab8e61a2539ecfbd.php 第 25 行.
NOTIC: [8] Undefined variable: status C:\phpStudy\PHPTutorial\WWW\php\vehicle_reservation_system\Application\Runtime\Cache\Admin\18bc66a7b6334412ab8e61a2539ecfbd.php 第 28 行.
NOTIC: [8] Undefined variable: status C:\phpStudy\PHPTutorial\WWW\php\vehicle_reservation_system\Application\Runtime\Cache\Admin\18bc66a7b6334412ab8e61a2539ecfbd.php 第 31 行.
NOTIC: [8] Undefined variable: searchTime C:\phpStudy\PHPTutorial\WWW\php\vehicle_reservation_system\Application\Runtime\Cache\Admin\18bc66a7b6334412ab8e61a2539ecfbd.php 第 38 行.
INFO: Run Behavior\ParseTemplateBehavior [ RunTime:0.015191s ]
INFO: [ view_parse ] --END-- [ RunTime:0.015248s ]
INFO: [ view_filter ] --START--
INFO: Run Behavior\WriteHtmlCacheBehavior [ RunTime:0.000957s ]
INFO: [ view_filter ] --END-- [ RunTime:0.000997s ]
INFO: [ app_end ] --START--
INFO: Run Behavior\ShowPageTraceBehavior [ RunTime:0.001306s ]
INFO: [ app_end ] --END-- [ RunTime:0.001348s ]

[ 2018-05-21T10:23:42+08:00 ] 127.0.0.1 /admin.php/Index
INFO: [ app_init ] --START--
INFO: Run Behavior\BuildLiteBehavior [ RunTime:0.000016s ]
INFO: [ app_init ] --END-- [ RunTime:0.000525s ]
INFO: [ app_begin ] --START--
INFO: Run Behavior\ReadHtmlCacheBehavior [ RunTime:0.000899s ]
INFO: [ app_begin ] --END-- [ RunTime:0.000960s ]
INFO: [ view_parse ] --START--
INFO: [ template_filter ] --START--
INFO: Run Behavior\ContentReplaceBehavior [ RunTime:0.000040s ]
INFO: [ template_filter ] --END-- [ RunTime:0.000093s ]
INFO: Run Behavior\ParseTemplateBehavior [ RunTime:0.015738s ]
INFO: [ view_parse ] --END-- [ RunTime:0.015844s ]
INFO: [ view_filter ] --START--
INFO: Run Behavior\WriteHtmlCacheBehavior [ RunTime:0.001864s ]
INFO: [ view_filter ] --END-- [ RunTime:0.001923s ]
INFO: [ app_end ] --START--
INFO: Run Behavior\ShowPageTraceBehavior [ RunTime:0.001479s ]
INFO: [ app_end ] --END-- [ RunTime:0.001526s ]

[ 2018-05-21T10:23:42+08:00 ] 127.0.0.1 /admin.php/Order
INFO: [ app_init ] --START--
INFO: Run Behavior\BuildLiteBehavior [ RunTime:0.000031s ]
INFO: [ app_init ] --END-- [ RunTime:0.000835s ]
INFO: [ app_begin ] --START--
INFO: Run Behavior\ReadHtmlCacheBehavior [ RunTime:0.001619s ]
INFO: [ app_begin ] --END-- [ RunTime:0.001892s ]
SQL: SHOW COLUMNS FROM `t_order` [ RunTime:0.0168s ]
SQL: SELECT * FROM `t_order` WHERE ( status=0 ) ORDER BY order_status,order_number  [ RunTime:0.0008s ]
SQL: SELECT MAX(order_number) AS tp_max FROM `t_order` WHERE ( status=0 ) LIMIT 1   [ RunTime:0.0004s ]
INFO: [ view_parse ] --START--
INFO: [ template_filter ] --START--
INFO: Run Behavior\ContentReplaceBehavior [ RunTime:0.000057s ]
INFO: [ template_filter ] --END-- [ RunTime:0.000111s ]
NOTIC: [8] Undefined variable: status C:\phpStudy\PHPTutorial\WWW\php\vehicle_reservation_system\Application\Runtime\Cache\Admin\18bc66a7b6334412ab8e61a2539ecfbd.php 第 22 行.
NOTIC: [8] Undefined variable: status C:\phpStudy\PHPTutorial\WWW\php\vehicle_reservation_system\Application\Runtime\Cache\Admin\18bc66a7b6334412ab8e61a2539ecfbd.php 第 25 行.
NOTIC: [8] Undefined variable: status C:\phpStudy\PHPTutorial\WWW\php\vehicle_reservation_system\Application\Runtime\Cache\Admin\18bc66a7b6334412ab8e61a2539ecfbd.php 第 28 行.
NOTIC: [8] Undefined variable: status C:\phpStudy\PHPTutorial\WWW\php\vehicle_reservation_system\Application\Runtime\Cache\Admin\18bc66a7b6334412ab8e61a2539ecfbd.php 第 31 行.
NOTIC: [8] Undefined variable: searchTime C:\phpStudy\PHPTutorial\WWW\php\vehicle_reservation_system\Application\Runtime\Cache\Admin\18bc66a7b6334412ab8e61a2539ecfbd.php 第 38 行.
INFO: Run Behavior\ParseTemplateBehavior [ RunTime:0.018478s ]
INFO: [ view_parse ] --END-- [ RunTime:0.018557s ]
INFO: [ view_filter ] --START--
INFO: Run Behavior\WriteHtmlCacheBehavior [ RunTime:0.001100s ]
INFO: [ view_filter ] --END-- [ RunTime:0.001143s ]
INFO: [ app_end ] --START--
INFO: Run Behavior\ShowPageTraceBehavior [ RunTime:0.001621s ]
INFO: [ app_end ] --END-- [ RunTime:0.001675s ]

[ 2018-05-21T10:23:43+08:00 ] 127.0.0.1 /admin.php/Order/add
INFO: [ app_init ] --START--
INFO: Run Behavior\BuildLiteBehavior [ RunTime:0.000018s ]
INFO: [ app_init ] --END-- [ RunTime:0.000688s ]
INFO: [ app_begin ] --START--
INFO: Run Behavior\ReadHtmlCacheBehavior [ RunTime:0.001353s ]
INFO: [ app_begin ] --END-- [ RunTime:0.001440s ]
SQL: SHOW COLUMNS FROM `t_order` [ RunTime:0.0113s ]
SQL: SELECT `driver_name` FROM `t_order` WHERE ( status=0 && order_status!=0 )  [ RunTime:0.0003s ]
SQL: SHOW COLUMNS FROM `t_driver` [ RunTime:0.0108s ]
SQL: SELECT `name` FROM `t_driver` WHERE `name` NOT IN ('林晓聪','赖俊强','红底','楚特','张飞') AND `status` = 0 ORDER BY create_time desc  [ RunTime:0.0004s ]
INFO: [ view_parse ] --START--
INFO: [ template_filter ] --START--
INFO: Run Behavior\ContentReplaceBehavior [ RunTime:0.000036s ]
INFO: [ template_filter ] --END-- [ RunTime:0.000091s ]
INFO: Run Behavior\ParseTemplateBehavior [ RunTime:0.013771s ]
INFO: [ view_parse ] --END-- [ RunTime:0.013843s ]
INFO: [ view_filter ] --START--
INFO: Run Behavior\WriteHtmlCacheBehavior [ RunTime:0.001032s ]
INFO: [ view_filter ] --END-- [ RunTime:0.001072s ]
INFO: [ app_end ] --START--
INFO: Run Behavior\ShowPageTraceBehavior [ RunTime:0.001360s ]
INFO: [ app_end ] --END-- [ RunTime:0.001406s ]

[ 2018-05-21T10:24:20+08:00 ] 127.0.0.1 /admin.php/Order/getOilName
INFO: [ app_init ] --START--
INFO: Run Behavior\BuildLiteBehavior [ RunTime:0.000015s ]
INFO: [ app_init ] --END-- [ RunTime:0.000470s ]
INFO: [ app_begin ] --START--
INFO: Run Behavior\ReadHtmlCacheBehavior [ RunTime:0.000834s ]
INFO: [ app_begin ] --END-- [ RunTime:0.000896s ]
SQL: SHOW COLUMNS FROM `t_oil` [ RunTime:0.0111s ]
SQL: SELECT `name` FROM `t_oil` WHERE ( status=0 && type='烯烃' ) ORDER BY create_time desc  [ RunTime:0.0004s ]

[ 2018-05-21T19:12:31+08:00 ] 127.0.0.1 /admin.php/Index
INFO: [ app_init ] --START--
INFO: Run Behavior\BuildLiteBehavior [ RunTime:0.000000s ]
INFO: [ app_init ] --END-- [ RunTime:0.003000s ]
INFO: [ app_begin ] --START--
INFO: Run Behavior\ReadHtmlCacheBehavior [ RunTime:0.001000s ]
INFO: [ app_begin ] --END-- [ RunTime:0.001000s ]

[ 2018-05-21T19:12:31+08:00 ] 127.0.0.1 /admin.php/Login/index.html
INFO: [ app_init ] --START--
INFO: Run Behavior\BuildLiteBehavior [ RunTime:0.000000s ]
INFO: [ app_init ] --END-- [ RunTime:0.000000s ]
INFO: [ app_begin ] --START--
INFO: Run Behavior\ReadHtmlCacheBehavior [ RunTime:0.000000s ]
INFO: [ app_begin ] --END-- [ RunTime:0.000000s ]
INFO: [ view_parse ] --START--
INFO: [ template_filter ] --START--
INFO: Run Behavior\ContentReplaceBehavior [ RunTime:0.000000s ]
INFO: [ template_filter ] --END-- [ RunTime:0.000000s ]
INFO: Run Behavior\ParseTemplateBehavior [ RunTime:0.029002s ]
INFO: [ view_parse ] --END-- [ RunTime:0.030002s ]
INFO: [ view_filter ] --START--
INFO: Run Behavior\WriteHtmlCacheBehavior [ RunTime:0.000000s ]
INFO: [ view_filter ] --END-- [ RunTime:0.000000s ]
INFO: [ app_end ] --START--
INFO: Run Behavior\ShowPageTraceBehavior [ RunTime:0.001000s ]
INFO: [ app_end ] --END-- [ RunTime:0.001000s ]

[ 2018-05-21T19:12:34+08:00 ] 127.0.0.1 /admin.php/Login/check
INFO: [ app_init ] --START--
INFO: Run Behavior\BuildLiteBehavior [ RunTime:0.000000s ]
INFO: [ app_init ] --END-- [ RunTime:0.001000s ]
INFO: [ app_begin ] --START--
INFO: Run Behavior\ReadHtmlCacheBehavior [ RunTime:0.001000s ]
INFO: [ app_begin ] --END-- [ RunTime:0.001000s ]
SQL: SHOW COLUMNS FROM `t_admin` [ RunTime:0.0240s ]
SQL: SELECT * FROM `t_admin` WHERE ( account='admin' ) LIMIT 1   [ RunTime:0.0000s ]
SQL: SHOW COLUMNS FROM `t_user` [ RunTime:0.0110s ]
SQL: SELECT * FROM `t_user` WHERE ( account='admin'&& status=0 ) LIMIT 1   [ RunTime:0.0000s ]

[ 2018-05-21T19:12:35+08:00 ] 127.0.0.1 /admin.php/Index
INFO: [ app_init ] --START--
INFO: Run Behavior\BuildLiteBehavior [ RunTime:0.000000s ]
INFO: [ app_init ] --END-- [ RunTime:0.000000s ]
INFO: [ app_begin ] --START--
INFO: Run Behavior\ReadHtmlCacheBehavior [ RunTime:0.000000s ]
INFO: [ app_begin ] --END-- [ RunTime:0.001000s ]
INFO: [ view_parse ] --START--
INFO: [ template_filter ] --START--
INFO: Run Behavior\ContentReplaceBehavior [ RunTime:0.000000s ]
INFO: [ template_filter ] --END-- [ RunTime:0.000000s ]
INFO: Run Behavior\ParseTemplateBehavior [ RunTime:0.026002s ]
INFO: [ view_parse ] --END-- [ RunTime:0.026002s ]
INFO: [ view_filter ] --START--
INFO: Run Behavior\WriteHtmlCacheBehavior [ RunTime:0.000000s ]
INFO: [ view_filter ] --END-- [ RunTime:0.000000s ]
INFO: [ app_end ] --START--
INFO: Run Behavior\ShowPageTraceBehavior [ RunTime:0.001000s ]
INFO: [ app_end ] --END-- [ RunTime:0.001000s ]

[ 2018-05-21T19:12:35+08:00 ] 127.0.0.1 /admin.php/Order
INFO: [ app_init ] --START--
INFO: Run Behavior\BuildLiteBehavior [ RunTime:0.000000s ]
INFO: [ app_init ] --END-- [ RunTime:0.000000s ]
INFO: [ app_begin ] --START--
INFO: Run Behavior\ReadHtmlCacheBehavior [ RunTime:0.000000s ]
INFO: [ app_begin ] --END-- [ RunTime:0.000000s ]
SQL: SHOW COLUMNS FROM `t_order` [ RunTime:0.0170s ]
SQL: SELECT * FROM `t_order` WHERE ( status=0 ) ORDER BY order_status,order_number  [ RunTime:0.0010s ]
SQL: SELECT MAX(order_number) AS tp_max FROM `t_order` WHERE ( status=0 ) LIMIT 1   [ RunTime:0.0000s ]
INFO: [ view_parse ] --START--
INFO: [ template_filter ] --START--
INFO: Run Behavior\ContentReplaceBehavior [ RunTime:0.000000s ]
INFO: [ template_filter ] --END-- [ RunTime:0.000000s ]
NOTIC: [8] Undefined variable: status D:\phpStudy\WWW\php\vehicle_reservation_system\Application\Runtime\Cache\Admin\18bc66a7b6334412ab8e61a2539ecfbd.php 第 22 行.
NOTIC: [8] Undefined variable: status D:\phpStudy\WWW\php\vehicle_reservation_system\Application\Runtime\Cache\Admin\18bc66a7b6334412ab8e61a2539ecfbd.php 第 25 行.
NOTIC: [8] Undefined variable: status D:\phpStudy\WWW\php\vehicle_reservation_system\Application\Runtime\Cache\Admin\18bc66a7b6334412ab8e61a2539ecfbd.php 第 28 行.
NOTIC: [8] Undefined variable: status D:\phpStudy\WWW\php\vehicle_reservation_system\Application\Runtime\Cache\Admin\18bc66a7b6334412ab8e61a2539ecfbd.php 第 31 行.
NOTIC: [8] Undefined variable: searchTime D:\phpStudy\WWW\php\vehicle_reservation_system\Application\Runtime\Cache\Admin\18bc66a7b6334412ab8e61a2539ecfbd.php 第 38 行.
INFO: Run Behavior\ParseTemplateBehavior [ RunTime:0.018001s ]
INFO: [ view_parse ] --END-- [ RunTime:0.018001s ]
INFO: [ view_filter ] --START--
INFO: Run Behavior\WriteHtmlCacheBehavior [ RunTime:0.000000s ]
INFO: [ view_filter ] --END-- [ RunTime:0.001000s ]
INFO: [ app_end ] --START--
INFO: Run Behavior\ShowPageTraceBehavior [ RunTime:0.000000s ]
INFO: [ app_end ] --END-- [ RunTime:0.000000s ]

[ 2018-05-21T20:04:53+08:00 ] 127.0.0.1 /admin.php/Index
INFO: [ app_init ] --START--
INFO: Run Behavior\BuildLiteBehavior [ RunTime:0.000000s ]
INFO: [ app_init ] --END-- [ RunTime:0.000000s ]
INFO: [ app_begin ] --START--
INFO: Run Behavior\ReadHtmlCacheBehavior [ RunTime:0.000000s ]
INFO: [ app_begin ] --END-- [ RunTime:0.000000s ]
INFO: [ view_parse ] --START--
INFO: [ template_filter ] --START--
INFO: Run Behavior\ContentReplaceBehavior [ RunTime:0.000000s ]
INFO: [ template_filter ] --END-- [ RunTime:0.000000s ]
INFO: Run Behavior\ParseTemplateBehavior [ RunTime:0.009000s ]
INFO: [ view_parse ] --END-- [ RunTime:0.009000s ]
INFO: [ view_filter ] --START--
INFO: Run Behavior\WriteHtmlCacheBehavior [ RunTime:0.000000s ]
INFO: [ view_filter ] --END-- [ RunTime:0.000000s ]
INFO: [ app_end ] --START--
INFO: Run Behavior\ShowPageTraceBehavior [ RunTime:0.001000s ]
INFO: [ app_end ] --END-- [ RunTime:0.001000s ]

[ 2018-05-21T20:04:53+08:00 ] 127.0.0.1 /admin.php/Order
INFO: [ app_init ] --START--
INFO: Run Behavior\BuildLiteBehavior [ RunTime:0.000000s ]
INFO: [ app_init ] --END-- [ RunTime:0.000000s ]
INFO: [ app_begin ] --START--
INFO: Run Behavior\ReadHtmlCacheBehavior [ RunTime:0.001000s ]
INFO: [ app_begin ] --END-- [ RunTime:0.001000s ]
SQL: SHOW COLUMNS FROM `t_order` [ RunTime:0.0100s ]
SQL: SELECT * FROM `t_order` WHERE ( status=0 ) ORDER BY order_status,order_number  [ RunTime:0.0000s ]
SQL: SELECT MAX(order_number) AS tp_max FROM `t_order` WHERE ( status=0 ) LIMIT 1   [ RunTime:0.0000s ]
INFO: [ view_parse ] --START--
INFO: [ template_filter ] --START--
INFO: Run Behavior\ContentReplaceBehavior [ RunTime:0.000000s ]
INFO: [ template_filter ] --END-- [ RunTime:0.000000s ]
NOTIC: [8] Undefined variable: status D:\phpStudy\WWW\php\vehicle_reservation_system\Application\Runtime\Cache\Admin\18bc66a7b6334412ab8e61a2539ecfbd.php 第 22 行.
NOTIC: [8] Undefined variable: status D:\phpStudy\WWW\php\vehicle_reservation_system\Application\Runtime\Cache\Admin\18bc66a7b6334412ab8e61a2539ecfbd.php 第 25 行.
NOTIC: [8] Undefined variable: status D:\phpStudy\WWW\php\vehicle_reservation_system\Application\Runtime\Cache\Admin\18bc66a7b6334412ab8e61a2539ecfbd.php 第 28 行.
NOTIC: [8] Undefined variable: status D:\phpStudy\WWW\php\vehicle_reservation_system\Application\Runtime\Cache\Admin\18bc66a7b6334412ab8e61a2539ecfbd.php 第 31 行.
NOTIC: [8] Undefined variable: searchTime D:\phpStudy\WWW\php\vehicle_reservation_system\Application\Runtime\Cache\Admin\18bc66a7b6334412ab8e61a2539ecfbd.php 第 38 行.
INFO: Run Behavior\ParseTemplateBehavior [ RunTime:0.011001s ]
INFO: [ view_parse ] --END-- [ RunTime:0.011001s ]
INFO: [ view_filter ] --START--
INFO: Run Behavior\WriteHtmlCacheBehavior [ RunTime:0.001000s ]
INFO: [ view_filter ] --END-- [ RunTime:0.001000s ]
INFO: [ app_end ] --START--
INFO: Run Behavior\ShowPageTraceBehavior [ RunTime:0.000000s ]
INFO: [ app_end ] --END-- [ RunTime:0.000000s ]

[ 2018-05-21T20:05:27+08:00 ] 127.0.0.1 /admin.php/Index
INFO: [ app_init ] --START--
INFO: Run Behavior\BuildLiteBehavior [ RunTime:0.000000s ]
INFO: [ app_init ] --END-- [ RunTime:0.001000s ]
INFO: [ app_begin ] --START--
INFO: Run Behavior\ReadHtmlCacheBehavior [ RunTime:0.000000s ]
INFO: [ app_begin ] --END-- [ RunTime:0.000000s ]
INFO: [ view_parse ] --START--
INFO: [ template_filter ] --START--
INFO: Run Behavior\ContentReplaceBehavior [ RunTime:0.000000s ]
INFO: [ template_filter ] --END-- [ RunTime:0.000000s ]
INFO: Run Behavior\ParseTemplateBehavior [ RunTime:0.008001s ]
INFO: [ view_parse ] --END-- [ RunTime:0.008001s ]
INFO: [ view_filter ] --START--
INFO: Run Behavior\WriteHtmlCacheBehavior [ RunTime:0.001000s ]
INFO: [ view_filter ] --END-- [ RunTime:0.001000s ]
INFO: [ app_end ] --START--
INFO: Run Behavior\ShowPageTraceBehavior [ RunTime:0.000000s ]
INFO: [ app_end ] --END-- [ RunTime:0.000000s ]

[ 2018-05-21T20:05:27+08:00 ] 127.0.0.1 /admin.php/Order
INFO: [ app_init ] --START--
INFO: Run Behavior\BuildLiteBehavior [ RunTime:0.000000s ]
INFO: [ app_init ] --END-- [ RunTime:0.000000s ]
INFO: [ app_begin ] --START--
INFO: Run Behavior\ReadHtmlCacheBehavior [ RunTime:0.001000s ]
INFO: [ app_begin ] --END-- [ RunTime:0.001000s ]
SQL: SHOW COLUMNS FROM `t_order` [ RunTime:0.0100s ]
SQL: SELECT * FROM `t_order` WHERE ( status=0 ) ORDER BY order_status,order_number  [ RunTime:0.0000s ]
SQL: SELECT MAX(order_number) AS tp_max FROM `t_order` WHERE ( status=0 ) LIMIT 1   [ RunTime:0.0000s ]
INFO: [ view_parse ] --START--
INFO: [ template_filter ] --START--
INFO: Run Behavior\ContentReplaceBehavior [ RunTime:0.000000s ]
INFO: [ template_filter ] --END-- [ RunTime:0.000000s ]
NOTIC: [8] Undefined variable: status D:\phpStudy\WWW\php\vehicle_reservation_system\Application\Runtime\Cache\Admin\18bc66a7b6334412ab8e61a2539ecfbd.php 第 22 行.
NOTIC: [8] Undefined variable: status D:\phpStudy\WWW\php\vehicle_reservation_system\Application\Runtime\Cache\Admin\18bc66a7b6334412ab8e61a2539ecfbd.php 第 25 行.
NOTIC: [8] Undefined variable: status D:\phpStudy\WWW\php\vehicle_reservation_system\Application\Runtime\Cache\Admin\18bc66a7b6334412ab8e61a2539ecfbd.php 第 28 行.
NOTIC: [8] Undefined variable: status D:\phpStudy\WWW\php\vehicle_reservation_system\Application\Runtime\Cache\Admin\18bc66a7b6334412ab8e61a2539ecfbd.php 第 31 行.
NOTIC: [8] Undefined variable: searchTime D:\phpStudy\WWW\php\vehicle_reservation_system\Application\Runtime\Cache\Admin\18bc66a7b6334412ab8e61a2539ecfbd.php 第 38 行.
INFO: Run Behavior\ParseTemplateBehavior [ RunTime:0.010000s ]
INFO: [ view_parse ] --END-- [ RunTime:0.010000s ]
INFO: [ view_filter ] --START--
INFO: Run Behavior\WriteHtmlCacheBehavior [ RunTime:0.000000s ]
INFO: [ view_filter ] --END-- [ RunTime:0.000000s ]
INFO: [ app_end ] --START--
INFO: Run Behavior\ShowPageTraceBehavior [ RunTime:0.001000s ]
INFO: [ app_end ] --END-- [ RunTime:0.001000s ]

